<?xml version="1.0" encoding="UTF-8"?>
<coverage generated="1783897370553" clover="3.2.0">
  <project timestamp="1783897370553" name="All files">
    <metrics statements="2424" coveredstatements="1429" conditionals="1718" coveredconditionals="853" methods="269" coveredmethods="183" elements="4411" coveredelements="2465" complexity="0" loc="2424" ncloc="2424" packages="1" files="15" classes="15"/>
    <file name="ai.ts" path="/Users/Julian/Projects/nightmare-fuel-prototype/src/game/ai.ts">
      <metrics statements="659" coveredstatements="225" conditionals="456" coveredconditionals="143" methods="65" coveredmethods="21"/>
      <line num="45" count="17" type="cond" truecount="2" falsecount="0"/>
      <line num="46" count="17" type="stmt"/>
      <line num="60" count="17" type="stmt"/>
      <line num="61" count="81" type="cond" truecount="1" falsecount="1"/>
      <line num="62" count="102" type="cond" truecount="2" falsecount="0"/>
      <line num="63" count="27" type="stmt"/>
      <line num="64" count="27" type="stmt"/>
      <line num="65" count="27" type="stmt"/>
      <line num="66" count="180" type="cond" truecount="2" falsecount="0"/>
      <line num="67" count="79" type="stmt"/>
      <line num="68" count="79" type="stmt"/>
      <line num="70" count="101" type="stmt"/>
      <line num="71" count="153" type="stmt"/>
      <line num="72" count="153" type="stmt"/>
      <line num="73" count="153" type="stmt"/>
      <line num="76" count="27" type="stmt"/>
      <line num="77" count="27" type="stmt"/>
      <line num="84" count="17" type="stmt"/>
      <line num="85" count="63" type="stmt"/>
      <line num="86" count="63" type="stmt"/>
      <line num="87" count="63" type="stmt"/>
      <line num="88" count="63" type="cond" truecount="1" falsecount="1"/>
      <line num="91" count="63" type="cond" truecount="2" falsecount="0"/>
      <line num="92" count="59" type="stmt"/>
      <line num="93" count="93" type="stmt"/>
      <line num="94" count="93" type="stmt"/>
      <line num="95" count="204" type="stmt"/>
      <line num="96" count="14454" type="stmt"/>
      <line num="97" count="86724" type="cond" truecount="2" falsecount="0"/>
      <line num="98" count="885" type="stmt"/>
      <line num="105" count="59" type="cond" truecount="1" falsecount="1"/>
      <line num="106" count="59" type="stmt"/>
      <line num="107" count="59" type="stmt"/>
      <line num="108" count="451" type="stmt"/>
      <line num="109" count="451" type="stmt"/>
      <line num="110" count="451" type="cond" truecount="2" falsecount="0"/>
      <line num="111" count="367" type="stmt"/>
      <line num="112" count="367" type="stmt"/>
      <line num="114" count="451" type="stmt"/>
      <line num="116" count="59" type="stmt"/>
      <line num="117" count="93" type="stmt"/>
      <line num="118" count="93" type="stmt"/>
      <line num="119" count="204" type="stmt"/>
      <line num="120" count="1506" type="stmt"/>
      <line num="121" count="1562" type="cond" truecount="2" falsecount="0"/>
      <line num="122" count="27" type="stmt"/>
      <line num="130" count="4" type="stmt"/>
      <line num="131" count="9" type="stmt"/>
      <line num="132" count="9" type="stmt"/>
      <line num="133" count="9" type="stmt"/>
      <line num="134" count="147" type="cond" truecount="2" falsecount="0"/>
      <line num="135" count="7" type="stmt"/>
      <line num="143" count="63" type="cond" truecount="1" falsecount="1"/>
      <line num="144" count="63" type="stmt"/>
      <line num="145" count="63" type="cond" truecount="2" falsecount="0"/>
      <line num="147" count="54" type="stmt"/>
      <line num="149" count="54" type="cond" truecount="2" falsecount="0"/>
      <line num="151" count="408" type="stmt"/>
      <line num="152" count="50" type="stmt"/>
      <line num="153" count="93" type="stmt"/>
      <line num="154" count="6921" type="cond" truecount="2" falsecount="0"/>
      <line num="155" count="407" type="cond" truecount="2" falsecount="0"/>
      <line num="156" count="118" type="stmt"/>
      <line num="158" count="6080" type="stmt"/>
      <line num="159" count="472" type="stmt"/>
      <line num="160" count="487" type="stmt"/>
      <line num="161" count="487" type="stmt"/>
      <line num="162" count="487" type="cond" truecount="1" falsecount="1"/>
      <line num="163" count="487" type="stmt"/>
      <line num="164" count="487" type="cond" truecount="4" falsecount="0"/>
      <line num="165" count="223" type="cond" truecount="4" falsecount="0"/>
      <line num="166" count="212" type="stmt"/>
      <line num="168" count="472" type="cond" truecount="2" falsecount="0"/>
      <line num="169" count="197" type="stmt"/>
      <line num="176" count="4" type="stmt"/>
      <line num="177" count="9" type="stmt"/>
      <line num="178" count="147" type="stmt"/>
      <line num="179" count="147" type="cond" truecount="4" falsecount="0"/>
      <line num="182" count="4" type="cond" truecount="2" falsecount="0"/>
      <line num="183" count="2" type="stmt"/>
      <line num="184" count="2" type="stmt"/>
      <line num="185" count="2" type="stmt"/>
      <line num="187" count="2" type="cond" truecount="2" falsecount="0"/>
      <line num="191" count="3" type="stmt"/>
      <line num="192" count="12" type="stmt"/>
      <line num="201" count="63" type="cond" truecount="2" falsecount="0"/>
      <line num="202" count="62" type="stmt"/>
      <line num="203" count="62" type="cond" truecount="2" falsecount="0"/>
      <line num="204" count="27" type="stmt"/>
      <line num="205" count="27" type="stmt"/>
      <line num="206" count="79" type="stmt"/>
      <line num="207" count="5197" type="stmt"/>
      <line num="209" count="5197" type="cond" truecount="5" falsecount="0"/>
      <line num="211" count="4003" type="cond" truecount="2" falsecount="0"/>
      <line num="212" count="4003" type="cond" truecount="2" falsecount="0"/>
      <line num="213" count="3959" type="stmt"/>
      <line num="220" count="63" type="cond" truecount="4" falsecount="0"/>
      <line num="221" count="52" type="stmt"/>
      <line num="222" count="100" type="stmt"/>
      <line num="227" count="63" type="stmt"/>
      <line num="228" count="12" type="stmt"/>
      <line num="232" count="63" type="stmt"/>
      <line num="234" count="63" type="stmt"/>
      <line num="241" count="4242" type="stmt"/>
      <line num="247" count="17" type="stmt"/>
      <line num="248" count="4242" type="stmt"/>
      <line num="249" count="4242" type="stmt"/>
      <line num="250" count="4242" type="stmt"/>
      <line num="252" count="4242" type="cond" truecount="4" falsecount="2"/>
      <line num="254" count="534" type="stmt"/>
      <line num="255" count="534" type="stmt"/>
      <line num="256" count="534" type="cond" truecount="1" falsecount="1"/>
      <line num="257" count="534" type="cond" truecount="3" falsecount="1"/>
      <line num="258" count="534" type="cond" truecount="1" falsecount="1"/>
      <line num="259" count="534" type="cond" truecount="1" falsecount="1"/>
      <line num="260" count="534" type="cond" truecount="2" falsecount="0"/>
      <line num="262" count="5" type="cond" truecount="1" falsecount="1"/>
      <line num="263" count="5" type="cond" truecount="1" falsecount="1"/>
      <line num="265" count="529" type="cond" truecount="1" falsecount="1"/>
      <line num="266" count="529" type="stmt"/>
      <line num="269" count="0" type="cond" truecount="0" falsecount="2"/>
      <line num="270" count="0" type="stmt"/>
      <line num="271" count="0" type="stmt"/>
      <line num="272" count="0" type="cond" truecount="0" falsecount="2"/>
      <line num="273" count="0" type="stmt"/>
      <line num="275" count="0" type="stmt"/>
      <line num="278" count="534" type="stmt"/>
      <line num="279" count="534" type="stmt"/>
      <line num="280" count="534" type="cond" truecount="3" falsecount="1"/>
      <line num="283" count="534" type="stmt"/>
      <line num="284" count="534" type="stmt"/>
      <line num="285" count="534" type="cond" truecount="1" falsecount="1"/>
      <line num="286" count="534" type="stmt"/>
      <line num="290" count="143" type="stmt"/>
      <line num="291" count="143" type="cond" truecount="1" falsecount="1"/>
      <line num="293" count="143" type="stmt"/>
      <line num="294" count="143" type="cond" truecount="4" falsecount="0"/>
      <line num="295" count="142" type="stmt"/>
      <line num="296" count="142" type="cond" truecount="2" falsecount="0"/>
      <line num="297" count="141" type="stmt"/>
      <line num="298" count="142" type="cond" truecount="3" falsecount="1"/>
      <line num="302" count="141" type="cond" truecount="4" falsecount="1"/>
      <line num="304" count="141" type="cond" truecount="2" falsecount="0"/>
      <line num="306" count="137" type="stmt"/>
      <line num="307" count="524" type="stmt"/>
      <line num="308" count="137" type="cond" truecount="2" falsecount="0"/>
      <line num="310" count="136" type="cond" truecount="2" falsecount="0"/>
      <line num="314" count="134" type="stmt"/>
      <line num="315" count="147" type="stmt"/>
      <line num="316" count="147" type="stmt"/>
      <line num="317" count="147" type="stmt"/>
      <line num="318" count="147" type="stmt"/>
      <line num="319" count="147" type="stmt"/>
      <line num="320" count="147" type="stmt"/>
      <line num="321" count="147" type="stmt"/>
      <line num="324" count="134" type="stmt"/>
      <line num="325" count="147" type="cond" truecount="1" falsecount="1"/>
      <line num="326" count="147" type="stmt"/>
      <line num="327" count="147" type="cond" truecount="1" falsecount="1"/>
      <line num="328" count="147" type="cond" truecount="2" falsecount="0"/>
      <line num="329" count="147" type="cond" truecount="4" falsecount="0"/>
      <line num="332" count="132" type="stmt"/>
      <line num="333" count="145" type="stmt"/>
      <line num="334" count="145" type="cond" truecount="2" falsecount="0"/>
      <line num="338" count="4" type="stmt"/>
      <line num="339" count="4" type="cond" truecount="3" falsecount="1"/>
      <line num="341" count="4" type="cond" truecount="2" falsecount="0"/>
      <line num="342" count="2" type="stmt"/>
      <line num="343" count="2" type="stmt"/>
      <line num="344" count="2" type="stmt"/>
      <line num="346" count="2" type="cond" truecount="2" falsecount="0"/>
      <line num="349" count="3" type="stmt"/>
      <line num="352" count="135" type="stmt"/>
      <line num="353" count="135" type="stmt"/>
      <line num="354" count="136" type="stmt"/>
      <line num="355" count="136" type="cond" truecount="1" falsecount="1"/>
      <line num="357" count="135" type="stmt"/>
      <line num="361" count="3509" type="stmt"/>
      <line num="362" count="3509" type="stmt"/>
      <line num="363" count="3509" type="cond" truecount="1" falsecount="1"/>
      <line num="364" count="3509" type="cond" truecount="4" falsecount="0"/>
      <line num="365" count="3508" type="stmt"/>
      <line num="366" count="3508" type="cond" truecount="2" falsecount="0"/>
      <line num="367" count="3507" type="stmt"/>
      <line num="368" count="7014" type="cond" truecount="3" falsecount="1"/>
      <line num="371" count="3507" type="stmt"/>
      <line num="372" count="3507" type="stmt"/>
      <line num="373" count="3507" type="cond" truecount="5" falsecount="0"/>
      <line num="374" count="3505" type="cond" truecount="2" falsecount="0"/>
      <line num="375" count="3505" type="cond" truecount="2" falsecount="0"/>
      <line num="377" count="3504" type="stmt"/>
      <line num="378" count="3504" type="stmt"/>
      <line num="379" count="3504" type="stmt"/>
      <line num="380" count="7008" type="stmt"/>
      <line num="381" count="7008" type="cond" truecount="1" falsecount="1"/>
      <line num="383" count="3504" type="stmt"/>
      <line num="387" count="56" type="stmt"/>
      <line num="388" count="56" type="cond" truecount="1" falsecount="1"/>
      <line num="389" count="56" type="stmt"/>
      <line num="390" count="56" type="cond" truecount="1" falsecount="1"/>
      <line num="392" count="56" type="stmt"/>
      <line num="393" count="56" type="stmt"/>
      <line num="395" count="56" type="stmt"/>
      <line num="396" count="56" type="stmt"/>
      <line num="400" count="0" type="stmt"/>
      <line num="401" count="0" type="stmt"/>
      <line num="402" count="0" type="cond" truecount="0" falsecount="2"/>
      <line num="404" count="0" type="stmt"/>
      <line num="405" count="0" type="stmt"/>
      <line num="406" count="0" type="stmt"/>
      <line num="411" count="0" type="stmt"/>
      <line num="414" count="4229" type="stmt"/>
      <line num="421" count="17" type="stmt"/>
      <line num="422" count="0" type="stmt"/>
      <line num="423" count="0" type="stmt"/>
      <line num="424" count="0" type="stmt"/>
      <line num="427" count="0" type="stmt"/>
      <line num="428" count="0" type="stmt"/>
      <line num="429" count="0" type="cond" truecount="0" falsecount="2"/>
      <line num="430" count="0" type="cond" truecount="0" falsecount="2"/>
      <line num="431" count="0" type="stmt"/>
      <line num="435" count="0" type="stmt"/>
      <line num="436" count="0" type="cond" truecount="0" falsecount="2"/>
      <line num="437" count="0" type="cond" truecount="0" falsecount="2"/>
      <line num="438" count="0" type="stmt"/>
      <line num="440" count="0" type="stmt"/>
      <line num="443" count="0" type="cond" truecount="0" falsecount="5"/>
      <line num="444" count="0" type="stmt"/>
      <line num="448" count="0" type="stmt"/>
      <line num="449" count="0" type="stmt"/>
      <line num="450" count="0" type="stmt"/>
      <line num="452" count="0" type="stmt"/>
      <line num="471" count="17" type="stmt"/>
      <line num="472" count="0" type="cond" truecount="0" falsecount="2"/>
      <line num="473" count="0" type="cond" truecount="0" falsecount="2"/>
      <line num="474" count="0" type="cond" truecount="0" falsecount="2"/>
      <line num="475" count="0" type="stmt"/>
      <line num="478" count="17" type="stmt"/>
      <line num="481" count="0" type="cond" truecount="0" falsecount="2"/>
      <line num="482" count="0" type="stmt"/>
      <line num="485" count="17" type="stmt"/>
      <line num="486" count="0" type="stmt"/>
      <line num="489" count="17" type="stmt"/>
      <line num="490" count="0" type="cond" truecount="0" falsecount="2"/>
      <line num="491" count="0" type="stmt"/>
      <line num="492" count="0" type="stmt"/>
      <line num="493" count="0" type="stmt"/>
      <line num="495" count="0" type="stmt"/>
      <line num="503" count="17" type="stmt"/>
      <line num="504" count="0" type="stmt"/>
      <line num="505" count="0" type="stmt"/>
      <line num="506" count="0" type="stmt"/>
      <line num="507" count="0" type="stmt"/>
      <line num="508" count="0" type="cond" truecount="0" falsecount="2"/>
      <line num="510" count="0" type="stmt"/>
      <line num="517" count="17" type="stmt"/>
      <line num="524" count="0" type="stmt"/>
      <line num="527" count="0" type="stmt"/>
      <line num="528" count="0" type="stmt"/>
      <line num="532" count="0" type="stmt"/>
      <line num="535" count="0" type="stmt"/>
      <line num="542" count="17" type="stmt"/>
      <line num="543" count="0" type="stmt"/>
      <line num="544" count="0" type="cond" truecount="0" falsecount="2"/>
      <line num="546" count="0" type="stmt"/>
      <line num="547" count="0" type="stmt"/>
      <line num="548" count="0" type="stmt"/>
      <line num="550" count="0" type="cond" truecount="0" falsecount="2"/>
      <line num="551" count="0" type="stmt"/>
      <line num="552" count="0" type="stmt"/>
      <line num="553" count="0" type="stmt"/>
      <line num="554" count="0" type="cond" truecount="0" falsecount="2"/>
      <line num="559" count="0" type="stmt"/>
      <line num="560" count="0" type="stmt"/>
      <line num="561" count="0" type="cond" truecount="0" falsecount="2"/>
      <line num="562" count="0" type="stmt"/>
      <line num="568" count="0" type="stmt"/>
      <line num="574" count="17" type="stmt"/>
      <line num="575" count="0" type="cond" truecount="0" falsecount="2"/>
      <line num="576" count="0" type="stmt"/>
      <line num="577" count="0" type="cond" truecount="0" falsecount="2"/>
      <line num="579" count="0" type="stmt"/>
      <line num="580" count="0" type="stmt"/>
      <line num="582" count="0" type="stmt"/>
      <line num="583" count="0" type="stmt"/>
      <line num="584" count="0" type="cond" truecount="0" falsecount="2"/>
      <line num="585" count="0" type="cond" truecount="0" falsecount="2"/>
      <line num="586" count="0" type="stmt"/>
      <line num="587" count="0" type="stmt"/>
      <line num="588" count="0" type="cond" truecount="0" falsecount="2"/>
      <line num="592" count="0" type="stmt"/>
      <line num="593" count="0" type="cond" truecount="0" falsecount="2"/>
      <line num="594" count="0" type="stmt"/>
      <line num="601" count="0" type="stmt"/>
      <line num="608" count="17" type="stmt"/>
      <line num="609" count="0" type="stmt"/>
      <line num="610" count="0" type="cond" truecount="0" falsecount="2"/>
      <line num="612" count="0" type="stmt"/>
      <line num="613" count="0" type="stmt"/>
      <line num="615" count="0" type="cond" truecount="0" falsecount="2"/>
      <line num="616" count="0" type="stmt"/>
      <line num="617" count="0" type="stmt"/>
      <line num="618" count="0" type="stmt"/>
      <line num="619" count="0" type="stmt"/>
      <line num="620" count="0" type="cond" truecount="0" falsecount="2"/>
      <line num="621" count="0" type="stmt"/>
      <line num="625" count="0" type="stmt"/>
      <line num="626" count="0" type="cond" truecount="0" falsecount="4"/>
      <line num="627" count="0" type="stmt"/>
      <line num="628" count="0" type="stmt"/>
      <line num="629" count="0" type="stmt"/>
      <line num="630" count="0" type="stmt"/>
      <line num="632" count="0" type="stmt"/>
      <line num="633" count="0" type="stmt"/>
      <line num="635" count="0" type="stmt"/>
      <line num="636" count="0" type="stmt"/>
      <line num="637" count="0" type="cond" truecount="0" falsecount="2"/>
      <line num="639" count="0" type="stmt"/>
      <line num="645" count="0" type="stmt"/>
      <line num="648" count="17" type="stmt"/>
      <line num="649" count="0" type="cond" truecount="0" falsecount="2"/>
      <line num="650" count="0" type="cond" truecount="0" falsecount="2"/>
      <line num="652" count="0" type="stmt"/>
      <line num="653" count="0" type="cond" truecount="0" falsecount="2"/>
      <line num="654" count="0" type="stmt"/>
      <line num="655" count="0" type="stmt"/>
      <line num="656" count="0" type="stmt"/>
      <line num="657" count="0" type="cond" truecount="0" falsecount="2"/>
      <line num="658" count="0" type="cond" truecount="0" falsecount="2"/>
      <line num="662" count="0" type="stmt"/>
      <line num="668" count="17" type="stmt"/>
      <line num="674" count="0" type="stmt"/>
      <line num="677" count="0" type="stmt"/>
      <line num="678" count="0" type="stmt"/>
      <line num="679" count="0" type="cond" truecount="0" falsecount="2"/>
      <line num="680" count="0" type="cond" truecount="0" falsecount="2"/>
      <line num="681" count="0" type="stmt"/>
      <line num="684" count="0" type="stmt"/>
      <line num="685" count="0" type="stmt"/>
      <line num="686" count="0" type="stmt"/>
      <line num="687" count="0" type="stmt"/>
      <line num="688" count="0" type="cond" truecount="0" falsecount="2"/>
      <line num="689" count="0" type="cond" truecount="0" falsecount="2"/>
      <line num="690" count="0" type="cond" truecount="0" falsecount="2"/>
      <line num="691" count="0" type="stmt"/>
      <line num="692" count="0" type="stmt"/>
      <line num="693" count="0" type="stmt"/>
      <line num="697" count="0" type="stmt"/>
      <line num="698" count="0" type="stmt"/>
      <line num="699" count="0" type="stmt"/>
      <line num="702" count="0" type="stmt"/>
      <line num="703" count="0" type="stmt"/>
      <line num="704" count="0" type="stmt"/>
      <line num="708" count="0" type="stmt"/>
      <line num="709" count="0" type="stmt"/>
      <line num="710" count="0" type="cond" truecount="0" falsecount="2"/>
      <line num="711" count="0" type="stmt"/>
      <line num="712" count="0" type="cond" truecount="0" falsecount="2"/>
      <line num="714" count="0" type="stmt"/>
      <line num="715" count="0" type="stmt"/>
      <line num="717" count="0" type="stmt"/>
      <line num="720" count="0" type="cond" truecount="0" falsecount="2"/>
      <line num="721" count="0" type="stmt"/>
      <line num="722" count="0" type="stmt"/>
      <line num="726" count="0" type="stmt"/>
      <line num="727" count="0" type="stmt"/>
      <line num="728" count="0" type="stmt"/>
      <line num="731" count="0" type="cond" truecount="0" falsecount="2"/>
      <line num="734" count="0" type="cond" truecount="0" falsecount="2"/>
      <line num="735" count="0" type="stmt"/>
      <line num="738" count="0" type="stmt"/>
      <line num="739" count="0" type="stmt"/>
      <line num="740" count="0" type="stmt"/>
      <line num="742" count="0" type="stmt"/>
      <line num="764" count="17" type="stmt"/>
      <line num="771" count="0" type="stmt"/>
      <line num="772" count="0" type="stmt"/>
      <line num="773" count="0" type="stmt"/>
      <line num="776" count="0" type="stmt"/>
      <line num="779" count="0" type="stmt"/>
      <line num="796" count="0" type="stmt"/>
      <line num="797" count="0" type="stmt"/>
      <line num="798" count="0" type="stmt"/>
      <line num="799" count="0" type="stmt"/>
      <line num="800" count="0" type="stmt"/>
      <line num="801" count="0" type="stmt"/>
      <line num="802" count="0" type="stmt"/>
      <line num="803" count="0" type="stmt"/>
      <line num="804" count="0" type="stmt"/>
      <line num="805" count="0" type="stmt"/>
      <line num="808" count="0" type="cond" truecount="0" falsecount="2"/>
      <line num="809" count="0" type="cond" truecount="0" falsecount="2"/>
      <line num="810" count="0" type="stmt"/>
      <line num="811" count="0" type="cond" truecount="0" falsecount="2"/>
      <line num="812" count="0" type="cond" truecount="0" falsecount="2"/>
      <line num="813" count="0" type="stmt"/>
      <line num="815" count="0" type="stmt"/>
      <line num="820" count="0" type="cond" truecount="0" falsecount="2"/>
      <line num="821" count="0" type="stmt"/>
      <line num="822" count="0" type="stmt"/>
      <line num="825" count="0" type="cond" truecount="0" falsecount="2"/>
      <line num="828" count="0" type="stmt"/>
      <line num="831" count="0" type="cond" truecount="0" falsecount="2"/>
      <line num="833" count="0" type="stmt"/>
      <line num="836" count="0" type="stmt"/>
      <line num="847" count="17" type="stmt"/>
      <line num="848" count="0" type="stmt"/>
      <line num="849" count="0" type="stmt"/>
      <line num="850" count="0" type="stmt"/>
      <line num="851" count="0" type="stmt"/>
      <line num="854" count="0" type="stmt"/>
      <line num="855" count="0" type="stmt"/>
      <line num="856" count="0" type="stmt"/>
      <line num="857" count="0" type="stmt"/>
      <line num="858" count="0" type="stmt"/>
      <line num="860" count="0" type="stmt"/>
      <line num="861" count="0" type="cond" truecount="0" falsecount="5"/>
      <line num="863" count="0" type="stmt"/>
      <line num="864" count="0" type="stmt"/>
      <line num="866" count="0" type="stmt"/>
      <line num="867" count="0" type="stmt"/>
      <line num="869" count="0" type="stmt"/>
      <line num="870" count="0" type="stmt"/>
      <line num="872" count="0" type="stmt"/>
      <line num="873" count="0" type="stmt"/>
      <line num="875" count="0" type="stmt"/>
      <line num="876" count="0" type="stmt"/>
      <line num="880" count="0" type="stmt"/>
      <line num="883" count="0" type="stmt"/>
      <line num="884" count="0" type="cond" truecount="0" falsecount="2"/>
      <line num="885" count="0" type="stmt"/>
      <line num="886" count="0" type="stmt"/>
      <line num="887" count="0" type="cond" truecount="0" falsecount="4"/>
      <line num="888" count="0" type="stmt"/>
      <line num="890" count="0" type="stmt"/>
      <line num="893" count="0" type="cond" truecount="0" falsecount="2"/>
      <line num="894" count="0" type="stmt"/>
      <line num="895" count="0" type="stmt"/>
      <line num="900" count="0" type="stmt"/>
      <line num="902" count="0" type="cond" truecount="0" falsecount="2"/>
      <line num="903" count="0" type="stmt"/>
      <line num="904" count="0" type="cond" truecount="0" falsecount="2"/>
      <line num="906" count="0" type="stmt"/>
      <line num="909" count="0" type="cond" truecount="0" falsecount="2"/>
      <line num="910" count="0" type="stmt"/>
      <line num="911" count="0" type="stmt"/>
      <line num="913" count="0" type="stmt"/>
      <line num="915" count="0" type="stmt"/>
      <line num="916" count="0" type="stmt"/>
      <line num="917" count="0" type="stmt"/>
      <line num="921" count="0" type="cond" truecount="0" falsecount="2"/>
      <line num="922" count="0" type="stmt"/>
      <line num="923" count="0" type="cond" truecount="0" falsecount="2"/>
      <line num="924" count="0" type="stmt"/>
      <line num="926" count="0" type="stmt"/>
      <line num="928" count="0" type="stmt"/>
      <line num="929" count="0" type="stmt"/>
      <line num="930" count="0" type="stmt"/>
      <line num="931" count="0" type="stmt"/>
      <line num="936" count="0" type="stmt"/>
      <line num="937" count="0" type="cond" truecount="0" falsecount="2"/>
      <line num="938" count="0" type="cond" truecount="0" falsecount="2"/>
      <line num="939" count="0" type="stmt"/>
      <line num="940" count="0" type="cond" truecount="0" falsecount="2"/>
      <line num="941" count="0" type="stmt"/>
      <line num="942" count="0" type="cond" truecount="0" falsecount="2"/>
      <line num="944" count="0" type="stmt"/>
      <line num="947" count="0" type="cond" truecount="0" falsecount="5"/>
      <line num="948" count="0" type="stmt"/>
      <line num="952" count="0" type="stmt"/>
      <line num="953" count="0" type="cond" truecount="0" falsecount="2"/>
      <line num="954" count="0" type="stmt"/>
      <line num="955" count="0" type="cond" truecount="0" falsecount="2"/>
      <line num="956" count="0" type="stmt"/>
      <line num="957" count="0" type="stmt"/>
      <line num="959" count="0" type="stmt"/>
      <line num="962" count="0" type="cond" truecount="0" falsecount="4"/>
      <line num="963" count="0" type="stmt"/>
      <line num="966" count="0" type="stmt"/>
      <line num="973" count="17" type="stmt"/>
      <line num="979" count="17" type="stmt"/>
      <line num="980" count="0" type="stmt"/>
      <line num="982" count="0" type="cond" truecount="0" falsecount="2"/>
      <line num="983" count="0" type="stmt"/>
      <line num="986" count="0" type="stmt"/>
      <line num="987" count="0" type="stmt"/>
      <line num="988" count="0" type="cond" truecount="0" falsecount="2"/>
      <line num="990" count="0" type="stmt"/>
      <line num="991" count="0" type="stmt"/>
      <line num="992" count="0" type="cond" truecount="0" falsecount="2"/>
      <line num="993" count="0" type="cond" truecount="0" falsecount="2"/>
      <line num="994" count="0" type="stmt"/>
      <line num="997" count="0" type="stmt"/>
      <line num="998" count="0" type="cond" truecount="0" falsecount="2"/>
      <line num="999" count="0" type="stmt"/>
      <line num="1000" count="0" type="stmt"/>
      <line num="1004" count="0" type="stmt"/>
      <line num="1014" count="17" type="stmt"/>
      <line num="1015" count="0" type="stmt"/>
      <line num="1016" count="0" type="cond" truecount="0" falsecount="2"/>
      <line num="1019" count="0" type="stmt"/>
      <line num="1020" count="0" type="cond" truecount="0" falsecount="2"/>
      <line num="1023" count="0" type="cond" truecount="0" falsecount="2"/>
      <line num="1026" count="0" type="cond" truecount="0" falsecount="2"/>
      <line num="1029" count="0" type="cond" truecount="0" falsecount="2"/>
      <line num="1030" count="0" type="stmt"/>
      <line num="1032" count="0" type="stmt"/>
      <line num="1033" count="0" type="stmt"/>
      <line num="1034" count="0" type="stmt"/>
      <line num="1035" count="0" type="cond" truecount="0" falsecount="2"/>
      <line num="1037" count="0" type="cond" truecount="0" falsecount="2"/>
      <line num="1038" count="0" type="stmt"/>
      <line num="1039" count="0" type="stmt"/>
      <line num="1040" count="0" type="cond" truecount="0" falsecount="2"/>
      <line num="1041" count="0" type="cond" truecount="0" falsecount="2"/>
      <line num="1045" count="0" type="stmt"/>
      <line num="1046" count="0" type="cond" truecount="0" falsecount="2"/>
      <line num="1047" count="0" type="cond" truecount="0" falsecount="2"/>
      <line num="1048" count="0" type="stmt"/>
      <line num="1055" count="0" type="stmt"/>
      <line num="1061" count="17" type="stmt"/>
      <line num="1062" count="0" type="stmt"/>
      <line num="1064" count="0" type="cond" truecount="0" falsecount="2"/>
      <line num="1065" count="0" type="stmt"/>
      <line num="1068" count="0" type="stmt"/>
      <line num="1069" count="0" type="stmt"/>
      <line num="1070" count="0" type="cond" truecount="0" falsecount="2"/>
      <line num="1072" count="0" type="stmt"/>
      <line num="1073" count="0" type="stmt"/>
      <line num="1074" count="0" type="cond" truecount="0" falsecount="2"/>
      <line num="1077" count="0" type="stmt"/>
      <line num="1080" count="0" type="stmt"/>
      <line num="1081" count="0" type="stmt"/>
      <line num="1083" count="0" type="stmt"/>
      <line num="1084" count="0" type="stmt"/>
      <line num="1085" count="0" type="cond" truecount="0" falsecount="2"/>
      <line num="1086" count="0" type="stmt"/>
      <line num="1087" count="0" type="stmt"/>
      <line num="1091" count="0" type="stmt"/>
      <line num="1093" count="0" type="cond" truecount="0" falsecount="2"/>
      <line num="1094" count="0" type="stmt"/>
      <line num="1095" count="0" type="stmt"/>
      <line num="1099" count="0" type="stmt"/>
      <line num="1106" count="17" type="stmt"/>
      <line num="1107" count="0" type="stmt"/>
      <line num="1108" count="0" type="stmt"/>
      <line num="1109" count="0" type="cond" truecount="0" falsecount="2"/>
      <line num="1110" count="0" type="stmt"/>
      <line num="1111" count="0" type="stmt"/>
      <line num="1112" count="0" type="stmt"/>
      <line num="1117" count="0" type="stmt"/>
      <line num="1125" count="17" type="stmt"/>
      <line num="1126" count="0" type="stmt"/>
      <line num="1127" count="0" type="stmt"/>
      <line num="1129" count="0" type="stmt"/>
      <line num="1130" count="0" type="stmt"/>
      <line num="1132" count="0" type="stmt"/>
      <line num="1133" count="0" type="cond" truecount="0" falsecount="4"/>
      <line num="1135" count="0" type="stmt"/>
      <line num="1136" count="0" type="stmt"/>
      <line num="1138" count="0" type="cond" truecount="0" falsecount="2"/>
      <line num="1139" count="0" type="stmt"/>
      <line num="1140" count="0" type="stmt"/>
      <line num="1144" count="0" type="stmt"/>
      <line num="1145" count="0" type="stmt"/>
      <line num="1147" count="0" type="stmt"/>
      <line num="1154" count="0" type="stmt"/>
      <line num="1155" count="0" type="stmt"/>
      <line num="1157" count="0" type="stmt"/>
      <line num="1159" count="0" type="stmt"/>
      <line num="1160" count="0" type="cond" truecount="0" falsecount="4"/>
      <line num="1163" count="0" type="cond" truecount="0" falsecount="4"/>
      <line num="1168" count="0" type="cond" truecount="0" falsecount="2"/>
      <line num="1169" count="0" type="cond" truecount="0" falsecount="2"/>
      <line num="1170" count="0" type="stmt"/>
      <line num="1171" count="0" type="stmt"/>
      <line num="1180" count="17" type="stmt"/>
      <line num="1181" count="0" type="cond" truecount="0" falsecount="6"/>
      <line num="1183" count="0" type="stmt"/>
      <line num="1184" count="0" type="stmt"/>
      <line num="1186" count="0" type="stmt"/>
      <line num="1187" count="0" type="stmt"/>
      <line num="1189" count="0" type="stmt"/>
      <line num="1190" count="0" type="stmt"/>
      <line num="1192" count="0" type="stmt"/>
      <line num="1193" count="0" type="stmt"/>
      <line num="1195" count="0" type="stmt"/>
      <line num="1196" count="0" type="stmt"/>
      <line num="1198" count="0" type="stmt"/>
      <line num="1199" count="0" type="stmt"/>
      <line num="1206" count="17" type="stmt"/>
      <line num="1207" count="0" type="stmt"/>
      <line num="1208" count="0" type="stmt"/>
      <line num="1210" count="0" type="stmt"/>
      <line num="1211" count="0" type="stmt"/>
      <line num="1213" count="0" type="stmt"/>
      <line num="1214" count="0" type="cond" truecount="0" falsecount="4"/>
      <line num="1216" count="0" type="stmt"/>
      <line num="1217" count="0" type="stmt"/>
      <line num="1219" count="0" type="stmt"/>
      <line num="1221" count="0" type="cond" truecount="0" falsecount="2"/>
      <line num="1222" count="0" type="stmt"/>
      <line num="1223" count="0" type="stmt"/>
      <line num="1226" count="0" type="stmt"/>
      <line num="1233" count="0" type="stmt"/>
      <line num="1234" count="0" type="stmt"/>
      <line num="1236" count="0" type="stmt"/>
      <line num="1238" count="0" type="stmt"/>
      <line num="1239" count="0" type="cond" truecount="0" falsecount="4"/>
      <line num="1242" count="0" type="cond" truecount="0" falsecount="4"/>
      <line num="1247" count="0" type="cond" truecount="0" falsecount="2"/>
      <line num="1248" count="0" type="cond" truecount="0" falsecount="2"/>
      <line num="1249" count="0" type="stmt"/>
      <line num="1250" count="0" type="stmt"/>
      <line num="1258" count="17" type="stmt"/>
      <line num="1259" count="0" type="stmt"/>
      <line num="1260" count="0" type="stmt"/>
      <line num="1262" count="0" type="stmt"/>
      <line num="1263" count="0" type="stmt"/>
      <line num="1265" count="0" type="stmt"/>
      <line num="1266" count="0" type="cond" truecount="0" falsecount="4"/>
      <line num="1268" count="0" type="stmt"/>
      <line num="1269" count="0" type="stmt"/>
      <line num="1272" count="0" type="cond" truecount="0" falsecount="2"/>
      <line num="1276" count="0" type="cond" truecount="0" falsecount="2"/>
      <line num="1277" count="0" type="stmt"/>
      <line num="1278" count="0" type="stmt"/>
      <line num="1281" count="0" type="stmt"/>
      <line num="1288" count="0" type="stmt"/>
      <line num="1289" count="0" type="stmt"/>
      <line num="1291" count="0" type="stmt"/>
      <line num="1293" count="0" type="stmt"/>
      <line num="1294" count="0" type="cond" truecount="0" falsecount="4"/>
      <line num="1297" count="0" type="cond" truecount="0" falsecount="4"/>
      <line num="1302" count="0" type="cond" truecount="0" falsecount="2"/>
      <line num="1303" count="0" type="cond" truecount="0" falsecount="2"/>
      <line num="1304" count="0" type="stmt"/>
      <line num="1305" count="0" type="stmt"/>
      <line num="1314" count="17" type="stmt"/>
      <line num="1316" count="17" type="stmt"/>
      <line num="1317" count="0" type="stmt"/>
      <line num="1318" count="0" type="stmt"/>
      <line num="1319" count="0" type="stmt"/>
      <line num="1326" count="17" type="stmt"/>
      <line num="1332" count="0" type="cond" truecount="0" falsecount="2"/>
      <line num="1334" count="0" type="stmt"/>
      <line num="1335" count="0" type="cond" truecount="0" falsecount="2"/>
      <line num="1336" count="0" type="stmt"/>
      <line num="1337" count="0" type="stmt"/>
      <line num="1338" count="0" type="stmt"/>
      <line num="1342" count="0" type="cond" truecount="0" falsecount="2"/>
      <line num="1343" count="0" type="stmt"/>
      <line num="1344" count="0" type="stmt"/>
      <line num="1348" count="0" type="stmt"/>
      <line num="1351" count="0" type="cond" truecount="0" falsecount="2"/>
      <line num="1352" count="0" type="stmt"/>
      <line num="1353" count="0" type="stmt"/>
      <line num="1357" count="0" type="stmt"/>
      <line num="1360" count="0" type="stmt"/>
    </file>
    <file name="bots.ts" path="/Users/Julian/Projects/nightmare-fuel-prototype/src/game/bots.ts">
      <metrics statements="2" coveredstatements="0" conditionals="0" coveredconditionals="0" methods="0" coveredmethods="0"/>
      <line num="34" count="0" type="stmt"/>
      <line num="35" count="0" type="stmt"/>
    </file>
    <file name="cardActions.ts" path="/Users/Julian/Projects/nightmare-fuel-prototype/src/game/cardActions.ts">
      <metrics statements="134" coveredstatements="111" conditionals="73" coveredconditionals="55" methods="13" coveredmethods="13"/>
      <line num="3" count="94" type="stmt"/>
      <line num="4" count="47" type="stmt"/>
      <line num="5" count="47" type="stmt"/>
      <line num="6" count="47" type="stmt"/>
      <line num="7" count="47" type="stmt"/>
      <line num="8" count="47" type="stmt"/>
      <line num="9" count="47" type="stmt"/>
      <line num="10" count="47" type="stmt"/>
      <line num="12" count="47" type="stmt"/>
      <line num="43" count="47" type="stmt"/>
      <line num="44" count="126" type="cond" truecount="2" falsecount="0"/>
      <line num="45" count="126" type="cond" truecount="2" falsecount="0"/>
      <line num="46" count="126" type="cond" truecount="3" falsecount="1"/>
      <line num="47" count="0" type="stmt"/>
      <line num="49" count="126" type="cond" truecount="2" falsecount="0"/>
      <line num="50" count="121" type="stmt"/>
      <line num="70" count="47" type="stmt"/>
      <line num="71" count="43" type="cond" truecount="2" falsecount="0"/>
      <line num="72" count="40" type="stmt"/>
      <line num="75" count="47" type="stmt"/>
      <line num="76" count="12" type="cond" truecount="2" falsecount="0"/>
      <line num="77" count="8" type="cond" truecount="1" falsecount="1"/>
      <line num="78" count="0" type="cond" truecount="0" falsecount="2"/>
      <line num="79" count="12" type="stmt"/>
      <line num="82" count="47" type="stmt"/>
      <line num="83" count="65" type="stmt"/>
      <line num="84" count="65" type="stmt"/>
      <line num="86" count="65" type="stmt"/>
      <line num="87" count="84" type="stmt"/>
      <line num="90" count="65" type="stmt"/>
      <line num="91" count="91" type="cond" truecount="32" falsecount="9"/>
      <line num="93" count="8" type="stmt"/>
      <line num="94" count="12" type="stmt"/>
      <line num="96" count="8" type="stmt"/>
      <line num="99" count="2" type="stmt"/>
      <line num="100" count="4" type="stmt"/>
      <line num="102" count="2" type="stmt"/>
      <line num="105" count="2" type="stmt"/>
      <line num="106" count="4" type="stmt"/>
      <line num="108" count="2" type="stmt"/>
      <line num="111" count="6" type="cond" truecount="2" falsecount="0"/>
      <line num="112" count="6" type="stmt"/>
      <line num="113" count="6" type="stmt"/>
      <line num="116" count="4" type="stmt"/>
      <line num="117" count="4" type="stmt"/>
      <line num="122" count="4" type="stmt"/>
      <line num="125" count="4" type="stmt"/>
      <line num="126" count="4" type="stmt"/>
      <line num="128" count="3" type="stmt"/>
      <line num="129" count="3" type="stmt"/>
      <line num="131" count="3" type="stmt"/>
      <line num="139" count="3" type="stmt"/>
      <line num="140" count="3" type="stmt"/>
      <line num="144" count="0" type="stmt"/>
      <line num="146" count="2" type="stmt"/>
      <line num="147" count="2" type="stmt"/>
      <line num="149" count="3" type="stmt"/>
      <line num="150" count="3" type="stmt"/>
      <line num="152" count="2" type="stmt"/>
      <line num="153" count="2" type="stmt"/>
      <line num="155" count="2" type="stmt"/>
      <line num="156" count="2" type="stmt"/>
      <line num="159" count="1" type="stmt"/>
      <line num="161" count="1" type="stmt"/>
      <line num="162" count="1" type="stmt"/>
      <line num="163" count="1" type="stmt"/>
      <line num="164" count="1" type="stmt"/>
      <line num="169" count="2" type="stmt"/>
      <line num="171" count="7" type="stmt"/>
      <line num="172" count="7" type="stmt"/>
      <line num="173" count="7" type="stmt"/>
      <line num="176" count="2" type="cond" truecount="1" falsecount="1"/>
      <line num="177" count="2" type="stmt"/>
      <line num="178" count="2" type="stmt"/>
      <line num="181" count="2" type="stmt"/>
      <line num="182" count="2" type="stmt"/>
      <line num="183" count="2" type="stmt"/>
      <line num="188" count="2" type="stmt"/>
      <line num="189" count="2" type="stmt"/>
      <line num="192" count="1" type="stmt"/>
      <line num="194" count="0" type="stmt"/>
      <line num="195" count="0" type="stmt"/>
      <line num="196" count="0" type="stmt"/>
      <line num="199" count="1" type="stmt"/>
      <line num="200" count="1" type="stmt"/>
      <line num="201" count="1" type="stmt"/>
      <line num="205" count="1" type="stmt"/>
      <line num="207" count="0" type="stmt"/>
      <line num="208" count="0" type="stmt"/>
      <line num="209" count="0" type="stmt"/>
      <line num="212" count="0" type="cond" truecount="0" falsecount="2"/>
      <line num="231" count="0" type="stmt"/>
      <line num="232" count="0" type="stmt"/>
      <line num="236" count="0" type="stmt"/>
      <line num="239" count="1" type="stmt"/>
      <line num="241" count="3" type="stmt"/>
      <line num="242" count="3" type="stmt"/>
      <line num="251" count="3" type="stmt"/>
      <line num="252" count="3" type="stmt"/>
      <line num="253" count="3" type="stmt"/>
      <line num="256" count="0" type="stmt"/>
      <line num="257" count="0" type="stmt"/>
      <line num="258" count="0" type="stmt"/>
      <line num="262" count="0" type="stmt"/>
      <line num="265" count="4" type="stmt"/>
      <line num="267" count="4" type="cond" truecount="1" falsecount="1"/>
      <line num="270" count="4" type="stmt"/>
      <line num="271" count="4" type="stmt"/>
      <line num="274" count="10" type="stmt"/>
      <line num="275" count="10" type="stmt"/>
      <line num="276" count="10" type="stmt"/>
      <line num="279" count="2" type="stmt"/>
      <line num="280" count="2" type="cond" truecount="2" falsecount="0"/>
      <line num="282" count="1" type="stmt"/>
      <line num="283" count="1" type="stmt"/>
      <line num="284" count="1" type="stmt"/>
      <line num="287" count="1" type="stmt"/>
      <line num="288" count="1" type="stmt"/>
      <line num="290" count="2" type="stmt"/>
      <line num="293" count="0" type="stmt"/>
      <line num="294" count="0" type="stmt"/>
      <line num="295" count="0" type="stmt"/>
      <line num="296" count="0" type="stmt"/>
      <line num="297" count="0" type="stmt"/>
      <line num="300" count="1" type="stmt"/>
      <line num="301" count="1" type="stmt"/>
      <line num="304" count="5" type="stmt"/>
      <line num="305" count="5" type="stmt"/>
      <line num="306" count="5" type="cond" truecount="1" falsecount="1"/>
      <line num="308" count="5" type="stmt"/>
      <line num="309" count="5" type="stmt"/>
      <line num="310" count="5" type="stmt"/>
      <line num="313" count="0" type="stmt"/>
      <line num="317" count="60" type="stmt"/>
    </file>
    <file name="cardFactory.ts" path="/Users/Julian/Projects/nightmare-fuel-prototype/src/game/cardFactory.ts">
      <metrics statements="5" coveredstatements="5" conditionals="17" coveredconditionals="17" methods="1" coveredmethods="1"/>
      <line num="3" count="12" type="cond" truecount="1" falsecount="0"/>
      <line num="4" count="146" type="cond" truecount="2" falsecount="0"/>
      <line num="5" count="146" type="cond" truecount="2" falsecount="0"/>
      <line num="6" count="146" type="cond" truecount="2" falsecount="0"/>
      <line num="8" count="146" type="stmt"/>
    </file>
    <file name="cards.ts" path="/Users/Julian/Projects/nightmare-fuel-prototype/src/game/cards.ts">
      <metrics statements="1" coveredstatements="1" conditionals="0" coveredconditionals="0" methods="0" coveredmethods="0"/>
      <line num="3" count="28" type="stmt"/>
    </file>
    <file name="deck.ts" path="/Users/Julian/Projects/nightmare-fuel-prototype/src/game/deck.ts">
      <metrics statements="5" coveredstatements="5" conditionals="1" coveredconditionals="1" methods="3" coveredmethods="3"/>
      <line num="9" count="5" type="stmt"/>
      <line num="11" count="5" type="cond" truecount="1" falsecount="0"/>
      <line num="12" count="2394" type="stmt"/>
      <line num="13" count="19" type="stmt"/>
      <line num="14" count="19" type="stmt"/>
    </file>
    <file name="effects.ts" path="/Users/Julian/Projects/nightmare-fuel-prototype/src/game/effects.ts">
      <metrics statements="346" coveredstatements="318" conditionals="225" coveredconditionals="145" methods="57" coveredmethods="52"/>
      <line num="28" count="45" type="stmt"/>
      <line num="29" count="5" type="cond" truecount="1" falsecount="1"/>
      <line num="32" count="45" type="stmt"/>
      <line num="33" count="0" type="cond" truecount="0" falsecount="2"/>
      <line num="36" count="45" type="stmt"/>
      <line num="37" count="1" type="cond" truecount="1" falsecount="1"/>
      <line num="40" count="45" type="stmt"/>
      <line num="41" count="5" type="cond" truecount="1" falsecount="1"/>
      <line num="44" count="45" type="stmt"/>
      <line num="45" count="104" type="stmt"/>
      <line num="48" count="45" type="cond" truecount="1" falsecount="0"/>
      <line num="49" count="183" type="stmt"/>
      <line num="50" count="183" type="stmt"/>
      <line num="51" count="183" type="stmt"/>
      <line num="52" count="183" type="stmt"/>
      <line num="53" count="183" type="stmt"/>
      <line num="54" count="183" type="stmt"/>
      <line num="55" count="183" type="stmt"/>
      <line num="56" count="212" type="stmt"/>
      <line num="57" count="212" type="stmt"/>
      <line num="58" count="212" type="stmt"/>
      <line num="59" count="212" type="stmt"/>
      <line num="60" count="212" type="stmt"/>
      <line num="61" count="212" type="stmt"/>
      <line num="63" count="183" type="stmt"/>
      <line num="78" count="214" type="stmt"/>
      <line num="81" count="45" type="stmt"/>
      <line num="82" count="177" type="cond" truecount="2" falsecount="0"/>
      <line num="84" count="27" type="cond" truecount="2" falsecount="0"/>
      <line num="85" count="27" type="stmt"/>
      <line num="86" count="3" type="stmt"/>
      <line num="87" count="3" type="cond" truecount="1" falsecount="1"/>
      <line num="88" count="3" type="stmt"/>
      <line num="89" count="3" type="cond" truecount="1" falsecount="1"/>
      <line num="90" count="0" type="stmt"/>
      <line num="91" count="0" type="cond" truecount="0" falsecount="2"/>
      <line num="95" count="3" type="stmt"/>
      <line num="96" count="3" type="cond" truecount="1" falsecount="1"/>
      <line num="100" count="45" type="stmt"/>
      <line num="102" count="45" type="stmt"/>
      <line num="103" count="178" type="cond" truecount="2" falsecount="0"/>
      <line num="105" count="176" type="stmt"/>
      <line num="106" count="176" type="stmt"/>
      <line num="107" count="176" type="cond" truecount="2" falsecount="0"/>
      <line num="109" count="175" type="cond" truecount="1" falsecount="1"/>
      <line num="110" count="178" type="stmt"/>
      <line num="113" count="45" type="stmt"/>
      <line num="114" count="14" type="stmt"/>
      <line num="115" count="14" type="stmt"/>
      <line num="116" count="38" type="stmt"/>
      <line num="117" count="38" type="cond" truecount="2" falsecount="0"/>
      <line num="118" count="37" type="stmt"/>
      <line num="122" count="45" type="stmt"/>
      <line num="123" count="0" type="stmt"/>
      <line num="124" count="0" type="stmt"/>
      <line num="125" count="0" type="cond" truecount="0" falsecount="2"/>
      <line num="128" count="45" type="stmt"/>
      <line num="129" count="4" type="stmt"/>
      <line num="130" count="4" type="stmt"/>
      <line num="131" count="7" type="stmt"/>
      <line num="132" count="7" type="cond" truecount="1" falsecount="1"/>
      <line num="136" count="45" type="stmt"/>
      <line num="137" count="4" type="stmt"/>
      <line num="138" count="4" type="stmt"/>
      <line num="139" count="4" type="cond" truecount="1" falsecount="1"/>
      <line num="140" count="4" type="stmt"/>
      <line num="141" count="4" type="stmt"/>
      <line num="142" count="4" type="cond" truecount="1" falsecount="1"/>
      <line num="146" count="45" type="stmt"/>
      <line num="147" count="6" type="stmt"/>
      <line num="148" count="6" type="stmt"/>
      <line num="149" count="23" type="stmt"/>
      <line num="150" count="23" type="cond" truecount="2" falsecount="0"/>
      <line num="151" count="22" type="stmt"/>
      <line num="153" count="6" type="stmt"/>
      <line num="154" count="6" type="stmt"/>
      <line num="157" count="45" type="stmt"/>
      <line num="158" count="4" type="stmt"/>
      <line num="159" count="14" type="stmt"/>
      <line num="160" count="14" type="cond" truecount="1" falsecount="1"/>
      <line num="164" count="45" type="stmt"/>
      <line num="165" count="6" type="stmt"/>
      <line num="166" count="8" type="stmt"/>
      <line num="167" count="8" type="cond" truecount="1" falsecount="1"/>
      <line num="168" count="8" type="cond" truecount="3" falsecount="1"/>
      <line num="169" count="8" type="stmt"/>
      <line num="170" count="8" type="cond" truecount="1" falsecount="1"/>
      <line num="171" count="8" type="stmt"/>
      <line num="172" count="8" type="stmt"/>
      <line num="174" count="8" type="stmt"/>
      <line num="185" count="45" type="stmt"/>
      <line num="186" count="2" type="stmt"/>
      <line num="187" count="4" type="stmt"/>
      <line num="188" count="4" type="stmt"/>
      <line num="189" count="4" type="cond" truecount="3" falsecount="1"/>
      <line num="190" count="4" type="stmt"/>
      <line num="191" count="4" type="stmt"/>
      <line num="192" count="4" type="cond" truecount="4" falsecount="0"/>
      <line num="194" count="3" type="stmt"/>
      <line num="195" count="3" type="stmt"/>
      <line num="202" count="2" type="stmt"/>
      <line num="204" count="1" type="stmt"/>
      <line num="205" count="1" type="stmt"/>
      <line num="209" count="45" type="stmt"/>
      <line num="210" count="2" type="stmt"/>
      <line num="213" count="45" type="stmt"/>
      <line num="214" count="3" type="stmt"/>
      <line num="217" count="45" type="stmt"/>
      <line num="218" count="8" type="stmt"/>
      <line num="219" count="8" type="stmt"/>
      <line num="220" count="8" type="stmt"/>
      <line num="221" count="8" type="cond" truecount="2" falsecount="0"/>
      <line num="222" count="7" type="stmt"/>
      <line num="223" count="7" type="stmt"/>
      <line num="224" count="7" type="cond" truecount="1" falsecount="1"/>
      <line num="228" count="45" type="stmt"/>
      <line num="229" count="2" type="stmt"/>
      <line num="230" count="2" type="stmt"/>
      <line num="233" count="45" type="stmt"/>
      <line num="234" count="5" type="stmt"/>
      <line num="235" count="5" type="stmt"/>
      <line num="236" count="5" type="cond" truecount="2" falsecount="0"/>
      <line num="239" count="45" type="stmt"/>
      <line num="240" count="3" type="stmt"/>
      <line num="241" count="3" type="stmt"/>
      <line num="245" count="45" type="stmt"/>
      <line num="246" count="9" type="cond" truecount="1" falsecount="1"/>
      <line num="247" count="9" type="stmt"/>
      <line num="248" count="9" type="cond" truecount="2" falsecount="0"/>
      <line num="249" count="9" type="stmt"/>
      <line num="250" count="9" type="stmt"/>
      <line num="251" count="9" type="stmt"/>
      <line num="252" count="9" type="stmt"/>
      <line num="255" count="45" type="stmt"/>
      <line num="256" count="1" type="cond" truecount="1" falsecount="1"/>
      <line num="257" count="1" type="cond" truecount="1" falsecount="1"/>
      <line num="258" count="1" type="cond" truecount="1" falsecount="1"/>
      <line num="259" count="1" type="stmt"/>
      <line num="260" count="1" type="stmt"/>
      <line num="261" count="1" type="cond" truecount="1" falsecount="1"/>
      <line num="262" count="1" type="stmt"/>
      <line num="263" count="1" type="stmt"/>
      <line num="266" count="45" type="stmt"/>
      <line num="267" count="1" type="stmt"/>
      <line num="268" count="1" type="cond" truecount="2" falsecount="0"/>
      <line num="270" count="1" type="cond" truecount="1" falsecount="1"/>
      <line num="271" count="1" type="stmt"/>
      <line num="274" count="45" type="stmt"/>
      <line num="275" count="1" type="cond" truecount="3" falsecount="1"/>
      <line num="276" count="1" type="stmt"/>
      <line num="277" count="1" type="stmt"/>
      <line num="278" count="1" type="stmt"/>
      <line num="279" count="1" type="cond" truecount="4" falsecount="1"/>
      <line num="280" count="1" type="cond" truecount="1" falsecount="1"/>
      <line num="281" count="1" type="cond" truecount="1" falsecount="1"/>
      <line num="282" count="1" type="stmt"/>
      <line num="283" count="1" type="cond" truecount="2" falsecount="3"/>
      <line num="284" count="1" type="cond" truecount="1" falsecount="1"/>
      <line num="285" count="1" type="stmt"/>
      <line num="286" count="1" type="stmt"/>
      <line num="289" count="45" type="stmt"/>
      <line num="290" count="1" type="stmt"/>
      <line num="293" count="45" type="stmt"/>
      <line num="294" count="0" type="stmt"/>
      <line num="295" count="0" type="stmt"/>
      <line num="298" count="45" type="stmt"/>
      <line num="299" count="1" type="stmt"/>
      <line num="300" count="1" type="stmt"/>
      <line num="303" count="45" type="stmt"/>
      <line num="304" count="3" type="stmt"/>
      <line num="307" count="45" type="stmt"/>
      <line num="308" count="1" type="stmt"/>
      <line num="309" count="5" type="stmt"/>
      <line num="310" count="5" type="stmt"/>
      <line num="314" count="45" type="cond" truecount="1" falsecount="0"/>
      <line num="315" count="1" type="stmt"/>
      <line num="316" count="1" type="stmt"/>
      <line num="317" count="1" type="stmt"/>
      <line num="318" count="1" type="stmt"/>
      <line num="321" count="45" type="stmt"/>
      <line num="322" count="1" type="stmt"/>
      <line num="323" count="2" type="stmt"/>
      <line num="324" count="2" type="cond" truecount="1" falsecount="1"/>
      <line num="325" count="2" type="stmt"/>
      <line num="329" count="45" type="stmt"/>
      <line num="330" count="1" type="cond" truecount="3" falsecount="1"/>
      <line num="331" count="1" type="stmt"/>
      <line num="334" count="45" type="stmt"/>
      <line num="335" count="1" type="stmt"/>
      <line num="336" count="1" type="cond" truecount="1" falsecount="1"/>
      <line num="337" count="1" type="stmt"/>
      <line num="340" count="45" type="stmt"/>
      <line num="341" count="1" type="cond" truecount="5" falsecount="1"/>
      <line num="342" count="1" type="stmt"/>
      <line num="345" count="45" type="stmt"/>
      <line num="346" count="1" type="cond" truecount="1" falsecount="1"/>
      <line num="347" count="1" type="stmt"/>
      <line num="348" count="1" type="stmt"/>
      <line num="349" count="1" type="stmt"/>
      <line num="350" count="3" type="stmt"/>
      <line num="351" count="3" type="stmt"/>
      <line num="352" count="3" type="cond" truecount="2" falsecount="0"/>
      <line num="353" count="3" type="cond" truecount="1" falsecount="1"/>
      <line num="354" count="3" type="stmt"/>
      <line num="355" count="3" type="stmt"/>
      <line num="357" count="3" type="stmt"/>
      <line num="358" count="1" type="stmt"/>
      <line num="359" count="1" type="stmt"/>
      <line num="360" count="1" type="stmt"/>
      <line num="361" count="1" type="stmt"/>
      <line num="362" count="4" type="stmt"/>
      <line num="363" count="4" type="stmt"/>
      <line num="364" count="4" type="cond" truecount="1" falsecount="1"/>
      <line num="365" count="4" type="stmt"/>
      <line num="366" count="6" type="cond" truecount="2" falsecount="0"/>
      <line num="367" count="3" type="stmt"/>
      <line num="368" count="3" type="stmt"/>
      <line num="371" count="3" type="cond" truecount="1" falsecount="1"/>
      <line num="374" count="45" type="stmt"/>
      <line num="375" count="5" type="cond" truecount="1" falsecount="1"/>
      <line num="376" count="5" type="stmt"/>
      <line num="377" count="5" type="stmt"/>
      <line num="378" count="13" type="stmt"/>
      <line num="380" count="5" type="stmt"/>
      <line num="381" count="13" type="cond" truecount="1" falsecount="1"/>
      <line num="384" count="13" type="stmt"/>
      <line num="388" count="45" type="stmt"/>
      <line num="389" count="1" type="stmt"/>
      <line num="390" count="1" type="cond" truecount="1" falsecount="1"/>
      <line num="391" count="1" type="stmt"/>
      <line num="398" count="45" type="stmt"/>
      <line num="399" count="1" type="stmt"/>
      <line num="400" count="1" type="cond" truecount="1" falsecount="1"/>
      <line num="401" count="1" type="stmt"/>
      <line num="413" count="45" type="stmt"/>
      <line num="414" count="8" type="cond" truecount="2" falsecount="0"/>
      <line num="415" count="8" type="stmt"/>
      <line num="416" count="8" type="cond" truecount="8" falsecount="4"/>
      <line num="418" count="1" type="stmt"/>
      <line num="419" count="1" type="stmt"/>
      <line num="421" count="1" type="stmt"/>
      <line num="422" count="1" type="stmt"/>
      <line num="424" count="0" type="stmt"/>
      <line num="425" count="0" type="stmt"/>
      <line num="427" count="1" type="cond" truecount="1" falsecount="1"/>
      <line num="428" count="1" type="stmt"/>
      <line num="430" count="1" type="cond" truecount="1" falsecount="1"/>
      <line num="431" count="1" type="stmt"/>
      <line num="433" count="1" type="cond" truecount="3" falsecount="1"/>
      <line num="434" count="1" type="stmt"/>
      <line num="436" count="1" type="cond" truecount="1" falsecount="1"/>
      <line num="437" count="1" type="stmt"/>
      <line num="439" count="0" type="stmt"/>
      <line num="440" count="0" type="stmt"/>
      <line num="442" count="0" type="cond" truecount="0" falsecount="2"/>
      <line num="443" count="0" type="stmt"/>
      <line num="444" count="0" type="stmt"/>
      <line num="446" count="1" type="stmt"/>
      <line num="447" count="1" type="stmt"/>
      <line num="449" count="1" type="stmt"/>
      <line num="450" count="1" type="stmt"/>
      <line num="452" count="0" type="stmt"/>
      <line num="457" count="45" type="stmt"/>
      <line num="458" count="86" type="cond" truecount="2" falsecount="0"/>
      <line num="459" count="86" type="cond" truecount="22" falsecount="4"/>
      <line num="461" count="14" type="stmt"/>
      <line num="462" count="14" type="stmt"/>
      <line num="464" count="0" type="stmt"/>
      <line num="465" count="0" type="stmt"/>
      <line num="467" count="4" type="stmt"/>
      <line num="468" count="4" type="stmt"/>
      <line num="470" count="4" type="stmt"/>
      <line num="471" count="4" type="stmt"/>
      <line num="473" count="6" type="stmt"/>
      <line num="474" count="6" type="stmt"/>
      <line num="476" count="4" type="stmt"/>
      <line num="477" count="4" type="stmt"/>
      <line num="479" count="2" type="stmt"/>
      <line num="480" count="2" type="stmt"/>
      <line num="482" count="6" type="stmt"/>
      <line num="483" count="6" type="stmt"/>
      <line num="485" count="0" type="stmt"/>
      <line num="486" count="0" type="cond" truecount="0" falsecount="2"/>
      <line num="487" count="0" type="stmt"/>
      <line num="488" count="0" type="cond" truecount="0" falsecount="5"/>
      <line num="489" count="0" type="stmt"/>
      <line num="491" count="0" type="stmt"/>
      <line num="493" count="0" type="stmt"/>
      <line num="496" count="2" type="cond" truecount="1" falsecount="1"/>
      <line num="497" count="2" type="cond" truecount="1" falsecount="1"/>
      <line num="498" count="2" type="stmt"/>
      <line num="499" count="2" type="cond" truecount="1" falsecount="1"/>
      <line num="500" count="2" type="stmt"/>
      <line num="503" count="3" type="cond" truecount="1" falsecount="1"/>
      <line num="504" count="3" type="cond" truecount="1" falsecount="1"/>
      <line num="505" count="3" type="stmt"/>
      <line num="506" count="3" type="cond" truecount="1" falsecount="1"/>
      <line num="507" count="3" type="stmt"/>
      <line num="510" count="8" type="stmt"/>
      <line num="511" count="8" type="stmt"/>
      <line num="513" count="2" type="stmt"/>
      <line num="514" count="2" type="stmt"/>
      <line num="516" count="5" type="stmt"/>
      <line num="517" count="5" type="stmt"/>
      <line num="519" count="3" type="stmt"/>
      <line num="520" count="3" type="stmt"/>
      <line num="522" count="6" type="stmt"/>
      <line num="523" count="6" type="stmt"/>
      <line num="525" count="7" type="stmt"/>
      <line num="526" count="7" type="stmt"/>
      <line num="528" count="1" type="stmt"/>
      <line num="529" count="1" type="stmt"/>
      <line num="531" count="1" type="stmt"/>
      <line num="532" count="1" type="stmt"/>
      <line num="534" count="1" type="stmt"/>
      <line num="535" count="1" type="stmt"/>
      <line num="537" count="1" type="stmt"/>
      <line num="538" count="1" type="stmt"/>
      <line num="540" count="0" type="stmt"/>
      <line num="541" count="0" type="stmt"/>
      <line num="545" count="1" type="stmt"/>
      <line num="550" count="1" type="stmt"/>
      <line num="552" count="3" type="cond" truecount="1" falsecount="1"/>
      <line num="553" count="3" type="cond" truecount="1" falsecount="1"/>
      <line num="554" count="3" type="stmt"/>
      <line num="555" count="3" type="cond" truecount="1" falsecount="1"/>
      <line num="556" count="3" type="stmt"/>
      <line num="559" count="2" type="stmt"/>
      <line num="560" count="2" type="stmt"/>
      <line num="562" count="0" type="stmt"/>
      <line num="566" count="45" type="stmt"/>
      <line num="567" count="57" type="stmt"/>
      <line num="568" count="86" type="stmt"/>
      <line num="572" count="45" type="stmt"/>
      <line num="580" count="53" type="stmt"/>
      <line num="581" count="53" type="stmt"/>
      <line num="587" count="6" type="stmt"/>
      <line num="590" count="53" type="stmt"/>
      <line num="591" count="53" type="cond" truecount="2" falsecount="0"/>
      <line num="592" count="47" type="stmt"/>
      <line num="596" count="45" type="stmt"/>
      <line num="604" count="52" type="stmt"/>
      <line num="605" count="52" type="stmt"/>
      <line num="606" count="52" type="cond" truecount="3" falsecount="1"/>
      <line num="607" count="52" type="stmt"/>
      <line num="608" count="52" type="stmt"/>
    </file>
    <file name="game.ts" path="/Users/Julian/Projects/nightmare-fuel-prototype/src/game/game.ts">
      <metrics statements="282" coveredstatements="205" conditionals="206" coveredconditionals="103" methods="37" coveredmethods="26"/>
      <line num="13" count="3" type="stmt"/>
      <line num="14" count="204" type="stmt"/>
      <line num="21" count="3" type="stmt"/>
      <line num="22" count="34" type="stmt"/>
      <line num="23" count="34" type="cond" truecount="1" falsecount="1"/>
      <line num="24" count="34" type="stmt"/>
      <line num="25" count="34" type="stmt"/>
      <line num="26" count="34" type="stmt"/>
      <line num="31" count="34" type="stmt"/>
      <line num="34" count="3" type="stmt"/>
      <line num="35" count="54" type="stmt"/>
      <line num="36" count="54" type="cond" truecount="1" falsecount="1"/>
      <line num="37" count="54" type="stmt"/>
      <line num="38" count="54" type="stmt"/>
      <line num="39" count="133" type="stmt"/>
      <line num="40" count="133" type="cond" truecount="1" falsecount="1"/>
      <line num="41" count="133" type="stmt"/>
      <line num="45" count="3" type="stmt"/>
      <line num="46" count="17" type="stmt"/>
      <line num="47" count="17" type="stmt"/>
      <line num="48" count="1547" type="stmt"/>
      <line num="51" count="17" type="cond" truecount="2" falsecount="0"/>
      <line num="52" count="17" type="cond" truecount="2" falsecount="2"/>
      <line num="53" count="0" type="stmt"/>
      <line num="55" count="17" type="stmt"/>
      <line num="58" count="3" type="stmt"/>
      <line num="59" count="17" type="cond" truecount="1" falsecount="1"/>
      <line num="60" count="17" type="stmt"/>
      <line num="62" count="0" type="stmt"/>
      <line num="65" count="0" type="cond" truecount="0" falsecount="2"/>
      <line num="68" count="0" type="stmt"/>
      <line num="69" count="0" type="stmt"/>
      <line num="77" count="0" type="stmt"/>
      <line num="78" count="0" type="stmt"/>
      <line num="79" count="0" type="stmt"/>
      <line num="80" count="0" type="stmt"/>
      <line num="81" count="0" type="stmt"/>
      <line num="82" count="0" type="stmt"/>
      <line num="83" count="0" type="stmt"/>
      <line num="88" count="0" type="cond" truecount="0" falsecount="5"/>
      <line num="89" count="0" type="stmt"/>
      <line num="94" count="0" type="stmt"/>
      <line num="96" count="0" type="cond" truecount="0" falsecount="2"/>
      <line num="99" count="0" type="cond" truecount="0" falsecount="2"/>
      <line num="101" count="0" type="stmt"/>
      <line num="102" count="0" type="stmt"/>
      <line num="106" count="0" type="stmt"/>
      <line num="107" count="0" type="stmt"/>
      <line num="108" count="0" type="stmt"/>
      <line num="112" count="0" type="cond" truecount="0" falsecount="2"/>
      <line num="114" count="0" type="stmt"/>
      <line num="115" count="0" type="cond" truecount="0" falsecount="2"/>
      <line num="116" count="0" type="cond" truecount="0" falsecount="2"/>
      <line num="118" count="0" type="stmt"/>
      <line num="119" count="0" type="stmt"/>
      <line num="120" count="0" type="stmt"/>
      <line num="121" count="0" type="stmt"/>
      <line num="122" count="0" type="stmt"/>
      <line num="125" count="0" type="stmt"/>
      <line num="126" count="0" type="stmt"/>
      <line num="127" count="0" type="stmt"/>
      <line num="128" count="0" type="stmt"/>
      <line num="129" count="0" type="stmt"/>
      <line num="131" count="0" type="cond" truecount="0" falsecount="4"/>
      <line num="133" count="0" type="stmt"/>
      <line num="137" count="0" type="cond" truecount="0" falsecount="2"/>
      <line num="139" count="0" type="cond" truecount="0" falsecount="2"/>
      <line num="140" count="0" type="cond" truecount="0" falsecount="2"/>
      <line num="142" count="0" type="cond" truecount="0" falsecount="2"/>
      <line num="143" count="0" type="stmt"/>
      <line num="145" count="0" type="stmt"/>
      <line num="148" count="0" type="stmt"/>
      <line num="151" count="0" type="stmt"/>
      <line num="154" count="3" type="stmt"/>
      <line num="155" count="20" type="cond" truecount="1" falsecount="1"/>
      <line num="156" count="20" type="stmt"/>
      <line num="157" count="20" type="cond" truecount="4" falsecount="0"/>
      <line num="158" count="1" type="stmt"/>
      <line num="162" count="3" type="stmt"/>
      <line num="163" count="17" type="cond" truecount="1" falsecount="1"/>
      <line num="164" count="17" type="stmt"/>
      <line num="165" count="17" type="stmt"/>
      <line num="166" count="17" type="stmt"/>
      <line num="169" count="3" type="stmt"/>
      <line num="170" count="9" type="stmt"/>
      <line num="179" count="9" type="cond" truecount="2" falsecount="0"/>
      <line num="180" count="1" type="stmt"/>
      <line num="181" count="1" type="stmt"/>
      <line num="182" count="1" type="stmt"/>
      <line num="184" count="9" type="stmt"/>
      <line num="187" count="3" type="stmt"/>
      <line num="190" count="17" type="stmt"/>
      <line num="191" count="17" type="stmt"/>
      <line num="192" count="17" type="stmt"/>
      <line num="193" count="17" type="stmt"/>
      <line num="194" count="17" type="stmt"/>
      <line num="208" count="17" type="stmt"/>
      <line num="209" count="17" type="stmt"/>
      <line num="210" count="17" type="stmt"/>
      <line num="211" count="17" type="stmt"/>
      <line num="212" count="17" type="stmt"/>
      <line num="213" count="17" type="stmt"/>
      <line num="214" count="34" type="stmt"/>
      <line num="215" count="34" type="stmt"/>
      <line num="223" count="34" type="cond" truecount="1" falsecount="1"/>
      <line num="226" count="34" type="cond" truecount="1" falsecount="1"/>
      <line num="227" count="34" type="stmt"/>
      <line num="229" count="0" type="stmt"/>
      <line num="230" count="0" type="cond" truecount="0" falsecount="2"/>
      <line num="233" count="34" type="stmt"/>
      <line num="234" count="17" type="stmt"/>
      <line num="236" count="8" type="stmt"/>
      <line num="241" count="16" type="stmt"/>
      <line num="251" count="0" type="stmt"/>
      <line num="252" count="0" type="stmt"/>
      <line num="253" count="0" type="stmt"/>
      <line num="254" count="0" type="stmt"/>
      <line num="255" count="0" type="cond" truecount="0" falsecount="2"/>
      <line num="256" count="0" type="stmt"/>
      <line num="266" count="545" type="stmt"/>
      <line num="267" count="545" type="stmt"/>
      <line num="268" count="545" type="stmt"/>
      <line num="269" count="545" type="stmt"/>
      <line num="270" count="545" type="stmt"/>
      <line num="271" count="545" type="cond" truecount="1" falsecount="1"/>
      <line num="272" count="545" type="cond" truecount="1" falsecount="1"/>
      <line num="273" count="545" type="cond" truecount="1" falsecount="1"/>
      <line num="275" count="545" type="cond" truecount="1" falsecount="1"/>
      <line num="276" count="545" type="cond" truecount="1" falsecount="1"/>
      <line num="277" count="545" type="cond" truecount="2" falsecount="0"/>
      <line num="279" count="2" type="cond" truecount="1" falsecount="1"/>
      <line num="280" count="2" type="cond" truecount="1" falsecount="1"/>
      <line num="282" count="543" type="cond" truecount="2" falsecount="0"/>
      <line num="283" count="542" type="stmt"/>
      <line num="286" count="0" type="cond" truecount="0" falsecount="2"/>
      <line num="287" count="0" type="stmt"/>
      <line num="288" count="0" type="stmt"/>
      <line num="289" count="0" type="cond" truecount="0" falsecount="2"/>
      <line num="290" count="0" type="stmt"/>
      <line num="292" count="0" type="stmt"/>
      <line num="293" count="0" type="stmt"/>
      <line num="296" count="544" type="stmt"/>
      <line num="297" count="544" type="stmt"/>
      <line num="298" count="544" type="cond" truecount="3" falsecount="1"/>
      <line num="301" count="545" type="stmt"/>
      <line num="302" count="545" type="stmt"/>
      <line num="303" count="545" type="cond" truecount="2" falsecount="0"/>
      <line num="309" count="2" type="stmt"/>
      <line num="310" count="2" type="stmt"/>
      <line num="311" count="2" type="cond" truecount="1" falsecount="1"/>
      <line num="312" count="2" type="stmt"/>
      <line num="313" count="2" type="cond" truecount="3" falsecount="1"/>
      <line num="314" count="2" type="cond" truecount="1" falsecount="1"/>
      <line num="315" count="2" type="stmt"/>
      <line num="316" count="2" type="stmt"/>
      <line num="317" count="2" type="cond" truecount="1" falsecount="1"/>
      <line num="318" count="2" type="cond" truecount="5" falsecount="0"/>
      <line num="319" count="1" type="cond" truecount="1" falsecount="1"/>
      <line num="324" count="2" type="cond" truecount="1" falsecount="1"/>
      <line num="325" count="1" type="cond" truecount="2" falsecount="2"/>
      <line num="326" count="0" type="stmt"/>
      <line num="328" count="1" type="stmt"/>
      <line num="330" count="0" type="stmt"/>
      <line num="332" count="1" type="stmt"/>
      <line num="337" count="129" type="stmt"/>
      <line num="338" count="129" type="stmt"/>
      <line num="339" count="129" type="stmt"/>
      <line num="340" count="129" type="stmt"/>
      <line num="341" count="129" type="cond" truecount="1" falsecount="1"/>
      <line num="343" count="129" type="stmt"/>
      <line num="345" count="129" type="cond" truecount="3" falsecount="1"/>
      <line num="347" count="129" type="stmt"/>
      <line num="348" count="129" type="cond" truecount="1" falsecount="1"/>
      <line num="349" count="129" type="stmt"/>
      <line num="350" count="129" type="cond" truecount="3" falsecount="1"/>
      <line num="354" count="129" type="cond" truecount="4" falsecount="1"/>
      <line num="356" count="129" type="cond" truecount="1" falsecount="1"/>
      <line num="358" count="129" type="stmt"/>
      <line num="359" count="129" type="stmt"/>
      <line num="360" count="521" type="stmt"/>
      <line num="361" count="129" type="cond" truecount="1" falsecount="1"/>
      <line num="363" count="129" type="cond" truecount="1" falsecount="1"/>
      <line num="369" count="129" type="stmt"/>
      <line num="370" count="141" type="stmt"/>
      <line num="371" count="141" type="stmt"/>
      <line num="372" count="141" type="stmt"/>
      <line num="373" count="141" type="stmt"/>
      <line num="374" count="141" type="stmt"/>
      <line num="375" count="141" type="stmt"/>
      <line num="376" count="141" type="stmt"/>
      <line num="380" count="129" type="stmt"/>
      <line num="381" count="141" type="cond" truecount="1" falsecount="1"/>
      <line num="382" count="141" type="stmt"/>
      <line num="383" count="141" type="cond" truecount="1" falsecount="1"/>
      <line num="384" count="141" type="cond" truecount="1" falsecount="1"/>
      <line num="385" count="141" type="cond" truecount="3" falsecount="1"/>
      <line num="389" count="129" type="stmt"/>
      <line num="390" count="141" type="stmt"/>
      <line num="391" count="141" type="cond" truecount="1" falsecount="1"/>
      <line num="395" count="0" type="stmt"/>
      <line num="396" count="0" type="cond" truecount="0" falsecount="4"/>
      <line num="399" count="0" type="cond" truecount="0" falsecount="2"/>
      <line num="400" count="0" type="stmt"/>
      <line num="401" count="0" type="stmt"/>
      <line num="402" count="0" type="stmt"/>
      <line num="404" count="0" type="cond" truecount="0" falsecount="2"/>
      <line num="407" count="0" type="stmt"/>
      <line num="411" count="129" type="stmt"/>
      <line num="412" count="129" type="stmt"/>
      <line num="413" count="129" type="stmt"/>
      <line num="414" count="129" type="cond" truecount="1" falsecount="1"/>
      <line num="420" count="3504" type="stmt"/>
      <line num="421" count="3504" type="stmt"/>
      <line num="422" count="3504" type="stmt"/>
      <line num="423" count="3504" type="stmt"/>
      <line num="424" count="3504" type="stmt"/>
      <line num="425" count="3504" type="cond" truecount="1" falsecount="1"/>
      <line num="428" count="3504" type="cond" truecount="3" falsecount="1"/>
      <line num="430" count="3504" type="stmt"/>
      <line num="431" count="3504" type="cond" truecount="1" falsecount="1"/>
      <line num="432" count="3504" type="stmt"/>
      <line num="433" count="7008" type="cond" truecount="3" falsecount="1"/>
      <line num="436" count="3504" type="stmt"/>
      <line num="437" count="3504" type="stmt"/>
      <line num="439" count="3504" type="cond" truecount="4" falsecount="1"/>
      <line num="441" count="3504" type="cond" truecount="2" falsecount="0"/>
      <line num="442" count="3504" type="cond" truecount="1" falsecount="1"/>
      <line num="445" count="3504" type="stmt"/>
      <line num="448" count="3504" type="stmt"/>
      <line num="449" count="3504" type="stmt"/>
      <line num="450" count="7008" type="stmt"/>
      <line num="451" count="7008" type="cond" truecount="1" falsecount="1"/>
      <line num="456" count="59" type="stmt"/>
      <line num="457" count="59" type="stmt"/>
      <line num="458" count="59" type="stmt"/>
      <line num="459" count="59" type="stmt"/>
      <line num="460" count="59" type="cond" truecount="1" falsecount="1"/>
      <line num="461" count="59" type="stmt"/>
      <line num="462" count="59" type="cond" truecount="1" falsecount="1"/>
      <line num="463" count="59" type="stmt"/>
      <line num="464" count="59" type="stmt"/>
      <line num="466" count="59" type="stmt"/>
      <line num="469" count="1" type="stmt"/>
      <line num="470" count="1" type="stmt"/>
      <line num="471" count="1" type="stmt"/>
      <line num="472" count="1" type="cond" truecount="1" falsecount="1"/>
      <line num="473" count="1" type="stmt"/>
      <line num="474" count="1" type="stmt"/>
      <line num="477" count="20" type="stmt"/>
      <line num="478" count="20" type="stmt"/>
      <line num="479" count="20" type="stmt"/>
      <line num="480" count="20" type="stmt"/>
      <line num="482" count="20" type="stmt"/>
      <line num="484" count="20" type="stmt"/>
      <line num="485" count="20" type="stmt"/>
      <line num="486" count="1" type="stmt"/>
      <line num="487" count="1" type="cond" truecount="1" falsecount="1"/>
      <line num="488" count="1" type="stmt"/>
      <line num="490" count="20" type="stmt"/>
      <line num="491" count="20" type="stmt"/>
      <line num="492" count="20" type="stmt"/>
      <line num="500" count="3" type="stmt"/>
      <line num="501" count="3" type="stmt"/>
      <line num="504" count="3" type="cond" truecount="1" falsecount="1"/>
      <line num="505" count="3" type="stmt"/>
      <line num="506" count="3" type="cond" truecount="2" falsecount="0"/>
      <line num="507" count="1" type="stmt"/>
      <line num="511" count="2" type="cond" truecount="1" falsecount="1"/>
      <line num="512" count="2" type="cond" truecount="1" falsecount="1"/>
      <line num="513" count="2" type="cond" truecount="1" falsecount="1"/>
      <line num="514" count="0" type="stmt"/>
      <line num="516" count="2" type="stmt"/>
      <line num="517" count="2" type="cond" truecount="1" falsecount="1"/>
      <line num="518" count="2" type="stmt"/>
      <line num="519" count="2" type="cond" truecount="2" falsecount="0"/>
      <line num="520" count="1" type="stmt"/>
      <line num="522" count="1" type="stmt"/>
      <line num="526" count="0" type="stmt"/>
      <line num="528" count="0" type="stmt"/>
      <line num="529" count="0" type="cond" truecount="0" falsecount="2"/>
      <line num="530" count="0" type="stmt"/>
      <line num="532" count="0" type="stmt"/>
    </file>
    <file name="helpers.ts" path="/Users/Julian/Projects/nightmare-fuel-prototype/src/game/helpers.ts">
      <metrics statements="595" coveredstatements="386" conditionals="508" coveredconditionals="316" methods="63" coveredmethods="43"/>
      <line num="3" count="206809" type="stmt"/>
[...]
      <line num="6" count="1" type="stmt"/>
      <line num="8" count="1" type="stmt"/>
      <line num="23" count="1" type="stmt"/>
      <line num="24" count="18" type="cond" truecount="1" falsecount="1"/>
    </file>
    <file name="nightmares.ts" path="/Users/Julian/Projects/nightmare-fuel-prototype/src/game/nightmares.ts">
      <metrics statements="6" coveredstatements="6" conditionals="4" coveredconditionals="2" methods="2" coveredmethods="2"/>
      <line num="19" count="4" type="stmt"/>
      <line num="167" count="4" type="stmt"/>
      <line num="168" count="48" type="stmt"/>
      <line num="171" count="4" type="stmt"/>
      <line num="172" count="34" type="cond" truecount="1" falsecount="1"/>
      <line num="173" count="34" type="cond" truecount="1" falsecount="1"/>
    </file>
    <file name="rulesConfig.ts" path="/Users/Julian/Projects/nightmare-fuel-prototype/src/game/rulesConfig.ts">
      <metrics statements="19" coveredstatements="17" conditionals="6" coveredconditionals="3" methods="1" coveredmethods="1"/>
      <line num="4" count="45" type="stmt"/>
      <line num="14" count="45" type="stmt"/>
      <line num="16" count="45" type="stmt"/>
      <line num="17" count="141" type="cond" truecount="1" falsecount="1"/>
      <line num="18" count="0" type="stmt"/>
      <line num="20" count="141" type="stmt"/>
      <line num="21" count="141" type="cond" truecount="1" falsecount="1"/>
      <line num="22" count="0" type="stmt"/>
      <line num="24" count="141" type="stmt"/>
      <line num="25" count="141" type="stmt"/>
      <line num="26" count="846" type="stmt"/>
      <line num="27" count="846" type="stmt"/>
      <line num="29" count="141" type="stmt"/>
      <line num="32" count="45" type="stmt"/>
      <line num="57" count="45" type="stmt"/>
      <line num="65" count="45" type="stmt"/>
      <line num="114" count="45" type="stmt"/>
      <line num="146" count="45" type="stmt"/>
      <line num="152" count="45" type="stmt"/>
    </file>
    <file name="scoring.ts" path="/Users/Julian/Projects/nightmare-fuel-prototype/src/game/scoring.ts">
      <metrics statements="324" coveredstatements="104" conditionals="188" coveredconditionals="42" methods="13" coveredmethods="7"/>
      <line num="4" count="17" type="stmt"/>
      <line num="5" count="23" type="stmt"/>
      <line num="6" count="23" type="stmt"/>
      <line num="9" count="23" type="stmt"/>
      <line num="10" count="23" type="stmt"/>
      <line num="11" count="317" type="stmt"/>
      <line num="12" count="317" type="stmt"/>
      <line num="13" count="317" type="cond" truecount="2" falsecount="0"/>
      <line num="14" count="317" type="cond" truecount="2" falsecount="0"/>
      <line num="15" count="317" type="stmt"/>
      <line num="16" count="317" type="stmt"/>
      <line num="19" count="317" type="stmt"/>
      <line num="21" count="23" type="stmt"/>
      <line num="22" count="23" type="stmt"/>
      <line num="23" count="23" type="stmt"/>
      <line num="24" count="23" type="stmt"/>
      <line num="25" count="23" type="stmt"/>
      <line num="29" count="23" type="stmt"/>
      <line num="30" count="23" type="cond" truecount="2" falsecount="0"/>
      <line num="31" count="3" type="stmt"/>
      <line num="32" count="165" type="cond" truecount="2" falsecount="0"/>
      <line num="33" count="18" type="stmt"/>
      <line num="34" count="18" type="cond" truecount="1" falsecount="1"/>
      <line num="35" count="18" type="stmt"/>
      <line num="36" count="18" type="stmt"/>
      <line num="40" count="23" type="stmt"/>
      <line num="41" count="282" type="stmt"/>
      <line num="42" count="282" type="stmt"/>
      <line num="43" count="282" type="cond" truecount="2" falsecount="0"/>
      <line num="44" count="265" type="stmt"/>
      <line num="45" count="488" type="cond" truecount="2" falsecount="0"/>
      <line num="46" count="241" type="stmt"/>
      <line num="47" count="241" type="stmt"/>
      <line num="51" count="23" type="stmt"/>
      <line num="52" count="23" type="stmt"/>
      <line num="54" count="23" type="stmt"/>
      <line num="55" count="138" type="stmt"/>
      <line num="56" count="138" type="stmt"/>
      <line num="57" count="317" type="stmt"/>
      <line num="58" count="317" type="stmt"/>
      <line num="59" count="317" type="cond" truecount="2" falsecount="0"/>
      <line num="60" count="317" type="cond" truecount="2" falsecount="0"/>
      <line num="61" count="317" type="stmt"/>
      <line num="62" count="317" type="stmt"/>
      <line num="65" count="138" type="stmt"/>
      <line num="66" count="138" type="stmt"/>
      <line num="67" count="1902" type="cond" truecount="2" falsecount="0"/>
      <line num="68" count="317" type="stmt"/>
      <line num="69" count="317" type="cond" truecount="1" falsecount="1"/>
      <line num="70" count="317" type="cond" truecount="2" falsecount="0"/>
      <line num="73" count="138" type="stmt"/>
      <line num="74" count="138" type="stmt"/>
      <line num="75" count="138" type="stmt"/>
      <line num="76" count="38" type="stmt"/>
      <line num="77" count="38" type="cond" truecount="2" falsecount="0"/>
      <line num="78" count="37" type="stmt"/>
      <line num="79" count="37" type="stmt"/>
      <line num="81" count="138" type="stmt"/>
      <line num="82" count="115" type="stmt"/>
      <line num="83" count="115" type="stmt"/>
      <line num="84" count="115" type="cond" truecount="1" falsecount="1"/>
      <line num="85" count="115" type="stmt"/>
      <line num="86" count="160" type="cond" truecount="2" falsecount="0"/>
      <line num="87" count="78" type="stmt"/>
      <line num="88" count="78" type="stmt"/>
      <line num="92" count="138" type="stmt"/>
      <line num="93" count="138" type="stmt"/>
      <line num="94" count="138" type="stmt"/>
      <line num="95" count="1902" type="cond" truecount="2" falsecount="0"/>
      <line num="96" count="317" type="stmt"/>
      <line num="97" count="317" type="stmt"/>
      <line num="98" count="317" type="cond" truecount="4" falsecount="0"/>
      <line num="99" count="87" type="cond" truecount="4" falsecount="0"/>
      <line num="100" count="85" type="cond" truecount="2" falsecount="0"/>
      <line num="101" count="1902" type="cond" truecount="2" falsecount="0"/>
      <line num="102" count="78" type="stmt"/>
      <line num="103" count="78" type="stmt"/>
      <line num="106" count="138" type="stmt"/>
      <line num="109" count="23" type="stmt"/>
      <line num="112" count="17" type="stmt"/>
      <line num="113" count="23" type="cond" truecount="1" falsecount="1"/>
      <line num="114" count="23" type="stmt"/>
      <line num="116" count="0" type="stmt"/>
      <line num="117" count="0" type="stmt"/>
      <line num="118" count="0" type="stmt"/>
      <line num="120" count="0" type="stmt"/>
      <line num="121" count="0" type="stmt"/>
      <line num="122" count="0" type="stmt"/>
      <line num="123" count="0" type="stmt"/>
      <line num="124" count="0" type="cond" truecount="0" falsecount="2"/>
      <line num="126" count="0" type="stmt"/>
      <line num="127" count="0" type="stmt"/>
      <line num="128" count="0" type="stmt"/>
      <line num="129" count="0" type="cond" truecount="0" falsecount="2"/>
      <line num="133" count="0" type="stmt"/>
      <line num="134" count="0" type="stmt"/>
      <line num="138" count="0" type="stmt"/>
      <line num="140" count="0" type="stmt"/>
      <line num="141" count="0" type="stmt"/>
      <line num="142" count="0" type="stmt"/>
      <line num="143" count="0" type="cond" truecount="0" falsecount="2"/>
      <line num="144" count="0" type="stmt"/>
      <line num="145" count="0" type="stmt"/>
      <line num="147" count="0" type="stmt"/>
      <line num="148" count="0" type="stmt"/>
      <line num="149" count="0" type="stmt"/>
      <line num="150" count="0" type="cond" truecount="0" falsecount="2"/>
      <line num="151" count="0" type="stmt"/>
      <line num="152" count="0" type="cond" truecount="0" falsecount="2"/>
      <line num="153" count="0" type="stmt"/>
      <line num="155" count="0" type="cond" truecount="0" falsecount="4"/>
      <line num="156" count="0" type="cond" truecount="0" falsecount="2"/>
      <line num="157" count="0" type="stmt"/>
      <line num="158" count="0" type="stmt"/>
      <line num="164" count="0" type="stmt"/>
      <line num="165" count="0" type="cond" truecount="0" falsecount="2"/>
      <line num="166" count="0" type="stmt"/>
      <line num="167" count="0" type="stmt"/>
      <line num="168" count="0" type="cond" truecount="0" falsecount="2"/>
      <line num="169" count="0" type="stmt"/>
      <line num="170" count="0" type="cond" truecount="0" falsecount="4"/>
      <line num="171" count="0" type="cond" truecount="0" falsecount="2"/>
      <line num="172" count="0" type="stmt"/>
      <line num="173" count="0" type="stmt"/>
      <line num="175" count="0" type="stmt"/>
      <line num="176" count="0" type="stmt"/>
      <line num="177" count="0" type="stmt"/>
      <line num="178" count="0" type="cond" truecount="0" falsecount="2"/>
      <line num="179" count="0" type="stmt"/>
      <line num="180" count="0" type="cond" truecount="0" falsecount="2"/>
      <line num="181" count="0" type="stmt"/>
      <line num="182" count="0" type="cond" truecount="0" falsecount="4"/>
      <line num="183" count="0" type="cond" truecount="0" falsecount="2"/>
      <line num="184" count="0" type="stmt"/>
      <line num="185" count="0" type="stmt"/>
      <line num="191" count="0" type="stmt"/>
      <line num="195" count="0" type="stmt"/>
      <line num="197" count="0" type="stmt"/>
      <line num="201" count="0" type="stmt"/>
      <line num="202" count="0" type="stmt"/>
      <line num="203" count="0" type="stmt"/>
      <line num="204" count="0" type="cond" truecount="0" falsecount="2"/>
      <line num="205" count="0" type="stmt"/>
      <line num="206" count="0" type="cond" truecount="0" falsecount="2"/>
      <line num="208" count="0" type="stmt"/>
      <line num="209" count="0" type="cond" truecount="0" falsecount="2"/>
      <line num="210" count="0" type="stmt"/>
      <line num="215" count="0" type="cond" truecount="0" falsecount="2"/>
      <line num="216" count="0" type="stmt"/>
      <line num="217" count="0" type="stmt"/>
      <line num="218" count="0" type="stmt"/>
      <line num="219" count="0" type="stmt"/>
      <line num="220" count="0" type="stmt"/>
      <line num="221" count="0" type="cond" truecount="0" falsecount="2"/>
      <line num="222" count="0" type="stmt"/>
      <line num="223" count="0" type="cond" truecount="0" falsecount="2"/>
      <line num="224" count="0" type="stmt"/>
      <line num="225" count="0" type="stmt"/>
      <line num="233" count="0" type="stmt"/>
      <line num="234" count="0" type="stmt"/>
      <line num="235" count="0" type="stmt"/>
      <line num="236" count="0" type="stmt"/>
      <line num="237" count="0" type="cond" truecount="0" falsecount="2"/>
      <line num="238" count="0" type="stmt"/>
      <line num="241" count="0" type="cond" truecount="0" falsecount="2"/>
      <line num="242" count="0" type="stmt"/>
      <line num="245" count="0" type="stmt"/>
      <line num="246" count="0" type="stmt"/>
      <line num="247" count="0" type="cond" truecount="0" falsecount="2"/>
      <line num="248" count="0" type="cond" truecount="0" falsecount="2"/>
      <line num="251" count="0" type="stmt"/>
      <line num="252" count="0" type="stmt"/>
      <line num="253" count="0" type="cond" truecount="0" falsecount="2"/>
      <line num="254" count="0" type="stmt"/>
      <line num="259" count="0" type="stmt"/>
      <line num="260" count="0" type="stmt"/>
      <line num="261" count="0" type="stmt"/>
      <line num="262" count="0" type="stmt"/>
      <line num="263" count="0" type="stmt"/>
      <line num="264" count="0" type="stmt"/>
      <line num="265" count="0" type="stmt"/>
      <line num="266" count="0" type="stmt"/>
      <line num="268" count="0" type="stmt"/>
      <line num="269" count="0" type="cond" truecount="0" falsecount="2"/>
      <line num="270" count="0" type="stmt"/>
      <line num="271" count="0" type="cond" truecount="0" falsecount="2"/>
      <line num="272" count="0" type="stmt"/>
      <line num="273" count="0" type="stmt"/>
      <line num="278" count="0" type="stmt"/>
      <line num="279" count="0" type="stmt"/>
      <line num="280" count="0" type="stmt"/>
      <line num="281" count="0" type="cond" truecount="0" falsecount="2"/>
      <line num="282" count="0" type="stmt"/>
      <line num="283" count="0" type="cond" truecount="0" falsecount="2"/>
      <line num="284" count="0" type="stmt"/>
      <line num="285" count="0" type="stmt"/>
      <line num="288" count="0" type="stmt"/>
      <line num="292" count="0" type="stmt"/>
      <line num="293" count="0" type="stmt"/>
      <line num="294" count="0" type="stmt"/>
      <line num="295" count="0" type="stmt"/>
      <line num="296" count="0" type="stmt"/>
      <line num="297" count="0" type="stmt"/>
      <line num="298" count="0" type="stmt"/>
      <line num="299" count="0" type="stmt"/>
      <line num="302" count="0" type="stmt"/>
      <line num="303" count="0" type="stmt"/>
      <line num="304" count="0" type="stmt"/>
      <line num="305" count="0" type="cond" truecount="0" falsecount="2"/>
      <line num="306" count="0" type="stmt"/>
      <line num="307" count="0" type="stmt"/>
      <line num="312" count="0" type="cond" truecount="0" falsecount="2"/>
      <line num="314" count="0" type="cond" truecount="0" falsecount="2"/>
      <line num="315" count="0" type="stmt"/>
      <line num="318" count="0" type="stmt"/>
      <line num="319" count="0" type="cond" truecount="0" falsecount="4"/>
      <line num="320" count="0" type="stmt"/>
      <line num="321" count="0" type="cond" truecount="0" falsecount="4"/>
      <line num="322" count="0" type="stmt"/>
      <line num="332" count="0" type="stmt"/>
      <line num="333" count="0" type="stmt"/>
      <line num="336" count="0" type="stmt"/>
      <line num="337" count="0" type="stmt"/>
      <line num="338" count="0" type="cond" truecount="0" falsecount="2"/>
      <line num="339" count="0" type="stmt"/>
      <line num="341" count="0" type="stmt"/>
      <line num="342" count="0" type="stmt"/>
      <line num="347" count="0" type="stmt"/>
      <line num="348" count="0" type="stmt"/>
      <line num="349" count="0" type="stmt"/>
      <line num="351" count="0" type="stmt"/>
      <line num="352" count="0" type="cond" truecount="0" falsecount="2"/>
      <line num="353" count="0" type="stmt"/>
      <line num="354" count="0" type="cond" truecount="0" falsecount="2"/>
      <line num="356" count="0" type="cond" truecount="0" falsecount="2"/>
      <line num="357" count="0" type="stmt"/>
      <line num="358" count="0" type="stmt"/>
      <line num="359" count="0" type="cond" truecount="0" falsecount="2"/>
      <line num="360" count="0" type="stmt"/>
      <line num="361" count="0" type="stmt"/>
      <line num="365" count="0" type="cond" truecount="0" falsecount="2"/>
      <line num="366" count="0" type="stmt"/>
      <line num="367" count="0" type="cond" truecount="0" falsecount="2"/>
      <line num="369" count="0" type="stmt"/>
      <line num="371" count="0" type="stmt"/>
      <line num="379" count="0" type="stmt"/>
      <line num="380" count="0" type="stmt"/>
      <line num="381" count="0" type="stmt"/>
      <line num="382" count="0" type="cond" truecount="0" falsecount="2"/>
      <line num="383" count="0" type="cond" truecount="0" falsecount="2"/>
      <line num="384" count="0" type="stmt"/>
      <line num="385" count="0" type="cond" truecount="0" falsecount="2"/>
      <line num="386" count="0" type="stmt"/>
      <line num="387" count="0" type="stmt"/>
      <line num="390" count="0" type="stmt"/>
      <line num="391" count="0" type="stmt"/>
      <line num="392" count="0" type="stmt"/>
      <line num="393" count="0" type="cond" truecount="0" falsecount="2"/>
      <line num="394" count="0" type="stmt"/>
      <line num="395" count="0" type="cond" truecount="0" falsecount="2"/>
      <line num="396" count="0" type="stmt"/>
      <line num="397" count="0" type="stmt"/>
      <line num="406" count="0" type="stmt"/>
      <line num="408" count="0" type="cond" truecount="0" falsecount="4"/>
      <line num="409" count="0" type="cond" truecount="0" falsecount="2"/>
      <line num="412" count="0" type="stmt"/>
      <line num="415" count="0" type="stmt"/>
      <line num="416" count="0" type="stmt"/>
      <line num="417" count="0" type="stmt"/>
      <line num="418" count="0" type="cond" truecount="0" falsecount="2"/>
      <line num="419" count="0" type="stmt"/>
      <line num="424" count="0" type="cond" truecount="0" falsecount="2"/>
      <line num="425" count="0" type="stmt"/>
      <line num="426" count="0" type="cond" truecount="0" falsecount="2"/>
      <line num="427" count="0" type="stmt"/>
      <line num="428" count="0" type="cond" truecount="0" falsecount="2"/>
      <line num="429" count="0" type="cond" truecount="0" falsecount="2"/>
      <line num="431" count="0" type="stmt"/>
      <line num="432" count="0" type="cond" truecount="0" falsecount="2"/>
      <line num="433" count="0" type="stmt"/>
      <line num="435" count="0" type="stmt"/>
      <line num="436" count="0" type="cond" truecount="0" falsecount="2"/>
      <line num="437" count="0" type="stmt"/>
      <line num="443" count="0" type="stmt"/>
      <line num="444" count="0" type="cond" truecount="0" falsecount="2"/>
      <line num="445" count="0" type="cond" truecount="0" falsecount="2"/>
      <line num="446" count="0" type="stmt"/>
      <line num="453" count="0" type="cond" truecount="0" falsecount="2"/>
      <line num="454" count="0" type="cond" truecount="0" falsecount="2"/>
      <line num="456" count="0" type="stmt"/>
      <line num="457" count="0" type="cond" truecount="0" falsecount="2"/>
      <line num="460" count="0" type="stmt"/>
      <line num="461" count="0" type="cond" truecount="0" falsecount="2"/>
      <line num="462" count="0" type="stmt"/>
      <line num="463" count="0" type="cond" truecount="0" falsecount="2"/>
      <line num="464" count="0" type="stmt"/>
      <line num="469" count="0" type="stmt"/>
      <line num="471" count="0" type="cond" truecount="0" falsecount="2"/>
      <line num="473" count="0" type="cond" truecount="0" falsecount="2"/>
      <line num="474" count="0" type="stmt"/>
      <line num="479" count="0" type="stmt"/>
      <line num="482" count="0" type="stmt"/>
      <line num="485" count="17" type="stmt"/>
      <line num="486" count="2" type="stmt"/>
      <line num="487" count="2" type="stmt"/>
      <line num="488" count="2" type="stmt"/>
      <line num="489" count="2" type="stmt"/>
      <line num="490" count="2" type="stmt"/>
      <line num="491" count="3" type="stmt"/>
      <line num="492" count="3" type="stmt"/>
      <line num="493" count="3" type="stmt"/>
      <line num="494" count="3" type="stmt"/>
      <line num="495" count="3" type="stmt"/>
      <line num="497" count="2" type="stmt"/>
      <line num="500" count="17" type="stmt"/>
      <line num="501" count="21" type="stmt"/>
      <line num="502" count="21" type="stmt"/>
      <line num="503" count="21" type="stmt"/>
      <line num="504" count="21" type="stmt"/>
      <line num="505" count="21" type="stmt"/>
      <line num="506" count="21" type="stmt"/>
      <line num="507" count="21" type="stmt"/>
      <line num="508" count="21" type="stmt"/>
      <line num="510" count="21" type="stmt"/>
    </file>
    <file name="types.ts" path="/Users/Julian/Projects/nightmare-fuel-prototype/src/game/types.ts">
      <metrics statements="0" coveredstatements="0" conditionals="0" coveredconditionals="0" methods="0" coveredmethods="0"/>
    </file>
  </project>
</coverage>
