{"/Users/Julian/Projects/nightmare-fuel-prototype/src/game/ai.ts": {"path":"/Users/Julian/Projects/nightmare-fuel-prototype/src/game/ai.ts","statementMap":{"0":{"start":{"line":45,"column":14},"end":{"line":45,"column":null}},"1":{"start":{"line":46,"column":22},"end":{"line":50,"column":null}},"2":{"start":{"line":60,"column":29},"end":{"line":78,"column":null}},"3":{"start":{"line":61,"column":1},"end":{"line":61,"column":null}},"4":{"start":{"line":61,"column":14},"end":{"line":61,"column":null}},"5":{"start":{"line":62,"column":1},"end":{"line":62,"column":null}},"6":{"start":{"line":62,"column":14},"end":{"line":62,"column":null}},"7":{"start":{"line":62,"column":57},"end":{"line":62,"column":60}},"8":{"start":{"line":63,"column":28},"end":{"line":63,"column":null}},"9":{"start":{"line":64,"column":25},"end":{"line":64,"column":null}},"10":{"start":{"line":65,"column":17},"end":{"line":75,"column":null}},"11":{"start":{"line":66,"column":2},"end":{"line":69,"column":null}},"12":{"start":{"line":67,"column":3},"end":{"line":67,"column":null}},"13":{"start":{"line":68,"column":3},"end":{"line":68,"column":null}},"14":{"start":{"line":70,"column":2},"end":{"line":74,"column":null}},"15":{"start":{"line":70,"column":15},"end":{"line":70,"column":22}},"16":{"start":{"line":71,"column":3},"end":{"line":71,"column":null}},"17":{"start":{"line":72,"column":3},"end":{"line":72,"column":null}},"18":{"start":{"line":73,"column":3},"end":{"line":73,"column":null}},"19":{"start":{"line":76,"column":1},"end":{"line":76,"column":null}},"20":{"start":{"line":77,"column":1},"end":{"line":77,"column":null}},"21":{"start":{"line":84,"column":32},"end":{"line":235,"column":null}},"22":{"start":{"line":85,"column":27},"end":{"line":85,"column":null}},"23":{"start":{"line":86,"column":15},"end":{"line":86,"column":null}},"24":{"start":{"line":87,"column":7},"end":{"line":87,"column":null}},"25":{"start":{"line":88,"column":14},"end":{"line":88,"column":null}},"26":{"start":{"line":91,"column":1},"end":{"line":140,"column":null}},"27":{"start":{"line":92,"column":2},"end":{"line":103,"column":null}},"28":{"start":{"line":92,"column":15},"end":{"line":92,"column":18}},"29":{"start":{"line":93,"column":16},"end":{"line":93,"column":null}},"30":{"start":{"line":94,"column":3},"end":{"line":102,"column":null}},"31":{"start":{"line":95,"column":4},"end":{"line":101,"column":null}},"32":{"start":{"line":96,"column":5},"end":{"line":100,"column":null}},"33":{"start":{"line":97,"column":6},"end":{"line":99,"column":null}},"34":{"start":{"line":98,"column":7},"end":{"line":98,"column":null}},"35":{"start":{"line":105,"column":2},"end":{"line":128,"column":null}},"36":{"start":{"line":106,"column":17},"end":{"line":106,"column":null}},"37":{"start":{"line":107,"column":3},"end":{"line":115,"column":null}},"38":{"start":{"line":108,"column":15},"end":{"line":108,"column":null}},"39":{"start":{"line":109,"column":12},"end":{"line":109,"column":null}},"40":{"start":{"line":110,"column":4},"end":{"line":113,"column":null}},"41":{"start":{"line":111,"column":5},"end":{"line":111,"column":null}},"42":{"start":{"line":112,"column":5},"end":{"line":112,"column":null}},"43":{"start":{"line":114,"column":4},"end":{"line":114,"column":null}},"44":{"start":{"line":116,"column":3},"end":{"line":127,"column":null}},"45":{"start":{"line":116,"column":16},"end":{"line":116,"column":19}},"46":{"start":{"line":117,"column":17},"end":{"line":117,"column":null}},"47":{"start":{"line":118,"column":4},"end":{"line":126,"column":null}},"48":{"start":{"line":119,"column":5},"end":{"line":125,"column":null}},"49":{"start":{"line":120,"column":6},"end":{"line":124,"column":null}},"50":{"start":{"line":121,"column":7},"end":{"line":123,"column":null}},"51":{"start":{"line":122,"column":8},"end":{"line":122,"column":null}},"52":{"start":{"line":130,"column":2},"end":{"line":139,"column":null}},"53":{"start":{"line":130,"column":15},"end":{"line":130,"column":18}},"54":{"start":{"line":131,"column":16},"end":{"line":131,"column":null}},"55":{"start":{"line":132,"column":3},"end":{"line":138,"column":null}},"56":{"start":{"line":133,"column":4},"end":{"line":137,"column":null}},"57":{"start":{"line":134,"column":5},"end":{"line":136,"column":null}},"58":{"start":{"line":135,"column":6},"end":{"line":135,"column":null}},"59":{"start":{"line":143,"column":1},"end":{"line":198,"column":null}},"60":{"start":{"line":144,"column":21},"end":{"line":144,"column":null}},"61":{"start":{"line":145,"column":2},"end":{"line":197,"column":null}},"62":{"start":{"line":147,"column":23},"end":{"line":147,"column":null}},"63":{"start":{"line":149,"column":3},"end":{"line":196,"column":null}},"64":{"start":{"line":151,"column":25},"end":{"line":151,"column":null}},"65":{"start":{"line":151,"column":45},"end":{"line":151,"column":61}},"66":{"start":{"line":152,"column":4},"end":{"line":173,"column":null}},"67":{"start":{"line":153,"column":5},"end":{"line":172,"column":null}},"68":{"start":{"line":154,"column":6},"end":{"line":154,"column":null}},"69":{"start":{"line":154,"column":38},"end":{"line":154,"column":null}},"70":{"start":{"line":155,"column":6},"end":{"line":155,"column":null}},"71":{"start":{"line":155,"column":35},"end":{"line":155,"column":null}},"72":{"start":{"line":156,"column":6},"end":{"line":171,"column":null}},"73":{"start":{"line":158,"column":24},"end":{"line":158,"column":null}},"74":{"start":{"line":158,"column":39},"end":{"line":158,"column":67}},"75":{"start":{"line":159,"column":21},"end":{"line":167,"column":null}},"76":{"start":{"line":160,"column":14},"end":{"line":160,"column":null}},"77":{"start":{"line":161,"column":14},"end":{"line":161,"column":null}},"78":{"start":{"line":162,"column":8},"end":{"line":162,"column":null}},"79":{"start":{"line":162,"column":23},"end":{"line":162,"column":null}},"80":{"start":{"line":163,"column":14},"end":{"line":163,"column":null}},"81":{"start":{"line":164,"column":8},"end":{"line":164,"column":null}},"82":{"start":{"line":164,"column":45},"end":{"line":164,"column":null}},"83":{"start":{"line":165,"column":8},"end":{"line":165,"column":null}},"84":{"start":{"line":165,"column":32},"end":{"line":165,"column":66}},"85":{"start":{"line":165,"column":69},"end":{"line":165,"column":null}},"86":{"start":{"line":166,"column":8},"end":{"line":166,"column":null}},"87":{"start":{"line":168,"column":7},"end":{"line":170,"column":null}},"88":{"start":{"line":169,"column":8},"end":{"line":169,"column":null}},"89":{"start":{"line":176,"column":4},"end":{"line":195,"column":null}},"90":{"start":{"line":177,"column":5},"end":{"line":194,"column":null}},"91":{"start":{"line":178,"column":19},"end":{"line":178,"column":null}},"92":{"start":{"line":179,"column":6},"end":{"line":179,"column":null}},"93":{"start":{"line":179,"column":45},"end":{"line":179,"column":null}},"94":{"start":{"line":182,"column":6},"end":{"line":188,"column":null}},"95":{"start":{"line":183,"column":32},"end":{"line":186,"column":null}},"96":{"start":{"line":184,"column":21},"end":{"line":184,"column":null}},"97":{"start":{"line":185,"column":8},"end":{"line":185,"column":null}},"98":{"start":{"line":185,"column":39},"end":{"line":185,"column":62}},"99":{"start":{"line":187,"column":7},"end":{"line":187,"column":null}},"100":{"start":{"line":187,"column":30},"end":{"line":187,"column":null}},"101":{"start":{"line":191,"column":6},"end":{"line":193,"column":null}},"102":{"start":{"line":192,"column":7},"end":{"line":192,"column":null}},"103":{"start":{"line":201,"column":1},"end":{"line":217,"column":null}},"104":{"start":{"line":202,"column":20},"end":{"line":202,"column":null}},"105":{"start":{"line":203,"column":2},"end":{"line":216,"column":null}},"106":{"start":{"line":204,"column":23},"end":{"line":204,"column":null}},"107":{"start":{"line":205,"column":3},"end":{"line":215,"column":null}},"108":{"start":{"line":206,"column":4},"end":{"line":214,"column":null}},"109":{"start":{"line":207,"column":18},"end":{"line":207,"column":null}},"110":{"start":{"line":209,"column":5},"end":{"line":209,"column":null}},"111":{"start":{"line":209,"column":55},"end":{"line":209,"column":null}},"112":{"start":{"line":211,"column":22},"end":{"line":211,"column":null}},"113":{"start":{"line":211,"column":44},"end":{"line":211,"column":72}},"114":{"start":{"line":212,"column":5},"end":{"line":212,"column":null}},"115":{"start":{"line":212,"column":19},"end":{"line":212,"column":null}},"116":{"start":{"line":213,"column":5},"end":{"line":213,"column":null}},"117":{"start":{"line":220,"column":1},"end":{"line":224,"column":null}},"118":{"start":{"line":221,"column":2},"end":{"line":223,"column":null}},"119":{"start":{"line":221,"column":15},"end":{"line":221,"column":18}},"120":{"start":{"line":222,"column":3},"end":{"line":222,"column":null}},"121":{"start":{"line":227,"column":1},"end":{"line":229,"column":null}},"122":{"start":{"line":227,"column":14},"end":{"line":227,"column":17}},"123":{"start":{"line":228,"column":2},"end":{"line":228,"column":null}},"124":{"start":{"line":232,"column":1},"end":{"line":232,"column":null}},"125":{"start":{"line":234,"column":1},"end":{"line":234,"column":null}},"126":{"start":{"line":241,"column":18},"end":{"line":241,"column":null}},"127":{"start":{"line":241,"column":37},"end":{"line":241,"column":null}},"128":{"start":{"line":247,"column":32},"end":{"line":415,"column":null}},"129":{"start":{"line":248,"column":14},"end":{"line":248,"column":null}},"130":{"start":{"line":249,"column":15},"end":{"line":249,"column":null}},"131":{"start":{"line":250,"column":14},"end":{"line":250,"column":null}},"132":{"start":{"line":252,"column":1},"end":{"line":412,"column":null}},"133":{"start":{"line":254,"column":16},"end":{"line":254,"column":null}},"134":{"start":{"line":255,"column":16},"end":{"line":255,"column":null}},"135":{"start":{"line":256,"column":3},"end":{"line":256,"column":null}},"136":{"start":{"line":256,"column":14},"end":{"line":256,"column":null}},"137":{"start":{"line":257,"column":3},"end":{"line":257,"column":null}},"138":{"start":{"line":257,"column":74},"end":{"line":257,"column":null}},"139":{"start":{"line":258,"column":3},"end":{"line":277,"column":null}},"140":{"start":{"line":259,"column":4},"end":{"line":259,"column":null}},"141":{"start":{"line":259,"column":29},"end":{"line":259,"column":null}},"142":{"start":{"line":260,"column":4},"end":{"line":267,"column":null}},"143":{"start":{"line":262,"column":5},"end":{"line":262,"column":null}},"144":{"start":{"line":262,"column":89},"end":{"line":262,"column":null}},"145":{"start":{"line":263,"column":5},"end":{"line":263,"column":null}},"146":{"start":{"line":263,"column":86},"end":{"line":263,"column":null}},"147":{"start":{"line":265,"column":5},"end":{"line":265,"column":null}},"148":{"start":{"line":265,"column":73},"end":{"line":265,"column":null}},"149":{"start":{"line":266,"column":5},"end":{"line":266,"column":null}},"150":{"start":{"line":269,"column":4},"end":{"line":269,"column":null}},"151":{"start":{"line":269,"column":55},"end":{"line":269,"column":null}},"152":{"start":{"line":270,"column":10},"end":{"line":270,"column":null}},"153":{"start":{"line":271,"column":17},"end":{"line":271,"column":null}},"154":{"start":{"line":272,"column":4},"end":{"line":276,"column":null}},"155":{"start":{"line":273,"column":5},"end":{"line":273,"column":null}},"156":{"start":{"line":275,"column":5},"end":{"line":275,"column":null}},"157":{"start":{"line":278,"column":3},"end":{"line":278,"column":null}},"158":{"start":{"line":279,"column":3},"end":{"line":279,"column":null}},"159":{"start":{"line":280,"column":27},"end":{"line":282,"column":null}},"160":{"start":{"line":283,"column":3},"end":{"line":283,"column":null}},"161":{"start":{"line":284,"column":18},"end":{"line":284,"column":null}},"162":{"start":{"line":285,"column":3},"end":{"line":285,"column":null}},"163":{"start":{"line":285,"column":13},"end":{"line":285,"column":null}},"164":{"start":{"line":286,"column":3},"end":{"line":286,"column":null}},"165":{"start":{"line":290,"column":16},"end":{"line":290,"column":null}},"166":{"start":{"line":291,"column":3},"end":{"line":291,"column":null}},"167":{"start":{"line":291,"column":52},"end":{"line":291,"column":null}},"168":{"start":{"line":293,"column":16},"end":{"line":293,"column":null}},"169":{"start":{"line":294,"column":3},"end":{"line":294,"column":null}},"170":{"start":{"line":294,"column":62},"end":{"line":294,"column":null}},"171":{"start":{"line":295,"column":25},"end":{"line":295,"column":null}},"172":{"start":{"line":296,"column":3},"end":{"line":296,"column":null}},"173":{"start":{"line":296,"column":36},"end":{"line":296,"column":null}},"174":{"start":{"line":297,"column":3},"end":{"line":299,"column":null}},"175":{"start":{"line":298,"column":4},"end":{"line":298,"column":null}},"176":{"start":{"line":298,"column":39},"end":{"line":298,"column":null}},"177":{"start":{"line":302,"column":3},"end":{"line":302,"column":null}},"178":{"start":{"line":302,"column":70},"end":{"line":302,"column":null}},"179":{"start":{"line":304,"column":3},"end":{"line":350,"column":null}},"180":{"start":{"line":306,"column":10},"end":{"line":306,"column":null}},"181":{"start":{"line":307,"column":21},"end":{"line":307,"column":null}},"182":{"start":{"line":307,"column":39},"end":{"line":307,"column":68}},"183":{"start":{"line":308,"column":4},"end":{"line":308,"column":null}},"184":{"start":{"line":308,"column":31},"end":{"line":308,"column":null}},"185":{"start":{"line":310,"column":4},"end":{"line":310,"column":null}},"186":{"start":{"line":310,"column":44},"end":{"line":310,"column":null}},"187":{"start":{"line":314,"column":20},"end":{"line":322,"column":null}},"188":{"start":{"line":315,"column":11},"end":{"line":315,"column":null}},"189":{"start":{"line":316,"column":11},"end":{"line":316,"column":null}},"190":{"start":{"line":317,"column":16},"end":{"line":317,"column":null}},"191":{"start":{"line":318,"column":16},"end":{"line":318,"column":null}},"192":{"start":{"line":319,"column":11},"end":{"line":319,"column":null}},"193":{"start":{"line":320,"column":25},"end":{"line":320,"column":null}},"194":{"start":{"line":321,"column":5},"end":{"line":321,"column":null}},"195":{"start":{"line":324,"column":4},"end":{"line":330,"column":null}},"196":{"start":{"line":325,"column":5},"end":{"line":325,"column":null}},"197":{"start":{"line":325,"column":20},"end":{"line":325,"column":null}},"198":{"start":{"line":326,"column":11},"end":{"line":326,"column":null}},"199":{"start":{"line":327,"column":5},"end":{"line":327,"column":null}},"200":{"start":{"line":327,"column":25},"end":{"line":327,"column":null}},"201":{"start":{"line":328,"column":5},"end":{"line":328,"column":null}},"202":{"start":{"line":328,"column":30},"end":{"line":328,"column":null}},"203":{"start":{"line":329,"column":5},"end":{"line":329,"column":null}},"204":{"start":{"line":329,"column":32},"end":{"line":329,"column":66}},"205":{"start":{"line":329,"column":69},"end":{"line":329,"column":null}},"206":{"start":{"line":332,"column":4},"end":{"line":335,"column":null}},"207":{"start":{"line":333,"column":5},"end":{"line":333,"column":null}},"208":{"start":{"line":334,"column":5},"end":{"line":334,"column":null}},"209":{"start":{"line":334,"column":23},"end":{"line":334,"column":null}},"210":{"start":{"line":338,"column":17},"end":{"line":338,"column":null}},"211":{"start":{"line":339,"column":4},"end":{"line":339,"column":null}},"212":{"start":{"line":339,"column":43},"end":{"line":339,"column":null}},"213":{"start":{"line":341,"column":4},"end":{"line":347,"column":null}},"214":{"start":{"line":342,"column":30},"end":{"line":345,"column":null}},"215":{"start":{"line":343,"column":19},"end":{"line":343,"column":null}},"216":{"start":{"line":344,"column":6},"end":{"line":344,"column":null}},"217":{"start":{"line":344,"column":37},"end":{"line":344,"column":60}},"218":{"start":{"line":346,"column":5},"end":{"line":346,"column":null}},"219":{"start":{"line":346,"column":28},"end":{"line":346,"column":null}},"220":{"start":{"line":349,"column":4},"end":{"line":349,"column":null}},"221":{"start":{"line":352,"column":25},"end":{"line":352,"column":null}},"222":{"start":{"line":352,"column":62},"end":{"line":352,"column":67}},"223":{"start":{"line":353,"column":3},"end":{"line":356,"column":null}},"224":{"start":{"line":354,"column":19},"end":{"line":354,"column":null}},"225":{"start":{"line":355,"column":4},"end":{"line":355,"column":null}},"226":{"start":{"line":355,"column":14},"end":{"line":355,"column":null}},"227":{"start":{"line":357,"column":3},"end":{"line":357,"column":null}},"228":{"start":{"line":361,"column":16},"end":{"line":361,"column":null}},"229":{"start":{"line":362,"column":16},"end":{"line":362,"column":null}},"230":{"start":{"line":363,"column":3},"end":{"line":363,"column":null}},"231":{"start":{"line":363,"column":18},"end":{"line":363,"column":null}},"232":{"start":{"line":364,"column":3},"end":{"line":364,"column":null}},"233":{"start":{"line":364,"column":62},"end":{"line":364,"column":null}},"234":{"start":{"line":365,"column":25},"end":{"line":365,"column":null}},"235":{"start":{"line":366,"column":3},"end":{"line":366,"column":null}},"236":{"start":{"line":366,"column":36},"end":{"line":366,"column":null}},"237":{"start":{"line":367,"column":3},"end":{"line":369,"column":null}},"238":{"start":{"line":368,"column":4},"end":{"line":368,"column":null}},"239":{"start":{"line":368,"column":39},"end":{"line":368,"column":null}},"240":{"start":{"line":371,"column":9},"end":{"line":371,"column":null}},"241":{"start":{"line":372,"column":16},"end":{"line":372,"column":null}},"242":{"start":{"line":373,"column":3},"end":{"line":373,"column":null}},"243":{"start":{"line":373,"column":53},"end":{"line":373,"column":null}},"244":{"start":{"line":374,"column":20},"end":{"line":374,"column":null}},"245":{"start":{"line":374,"column":45},"end":{"line":374,"column":89}},"246":{"start":{"line":375,"column":3},"end":{"line":375,"column":null}},"247":{"start":{"line":375,"column":17},"end":{"line":375,"column":null}},"248":{"start":{"line":377,"column":3},"end":{"line":377,"column":null}},"249":{"start":{"line":378,"column":25},"end":{"line":378,"column":null}},"250":{"start":{"line":378,"column":62},"end":{"line":378,"column":67}},"251":{"start":{"line":379,"column":3},"end":{"line":382,"column":null}},"252":{"start":{"line":380,"column":19},"end":{"line":380,"column":null}},"253":{"start":{"line":381,"column":4},"end":{"line":381,"column":null}},"254":{"start":{"line":381,"column":14},"end":{"line":381,"column":null}},"255":{"start":{"line":383,"column":3},"end":{"line":383,"column":null}},"256":{"start":{"line":387,"column":16},"end":{"line":387,"column":null}},"257":{"start":{"line":388,"column":3},"end":{"line":388,"column":null}},"258":{"start":{"line":388,"column":51},"end":{"line":388,"column":null}},"259":{"start":{"line":389,"column":16},"end":{"line":389,"column":null}},"260":{"start":{"line":390,"column":3},"end":{"line":390,"column":null}},"261":{"start":{"line":390,"column":14},"end":{"line":390,"column":null}},"262":{"start":{"line":392,"column":3},"end":{"line":392,"column":null}},"263":{"start":{"line":393,"column":3},"end":{"line":393,"column":null}},"264":{"start":{"line":395,"column":3},"end":{"line":395,"column":null}},"265":{"start":{"line":396,"column":3},"end":{"line":396,"column":null}},"266":{"start":{"line":400,"column":16},"end":{"line":400,"column":null}},"267":{"start":{"line":401,"column":16},"end":{"line":401,"column":null}},"268":{"start":{"line":402,"column":3},"end":{"line":402,"column":null}},"269":{"start":{"line":402,"column":14},"end":{"line":402,"column":null}},"270":{"start":{"line":404,"column":3},"end":{"line":404,"column":null}},"271":{"start":{"line":405,"column":3},"end":{"line":405,"column":null}},"272":{"start":{"line":406,"column":3},"end":{"line":406,"column":null}},"273":{"start":{"line":411,"column":3},"end":{"line":411,"column":null}},"274":{"start":{"line":414,"column":1},"end":{"line":414,"column":null}},"275":{"start":{"line":421,"column":28},"end":{"line":453,"column":null}},"276":{"start":{"line":422,"column":14},"end":{"line":422,"column":null}},"277":{"start":{"line":423,"column":16},"end":{"line":423,"column":null}},"278":{"start":{"line":424,"column":15},"end":{"line":424,"column":null}},"279":{"start":{"line":427,"column":11},"end":{"line":427,"column":null}},"280":{"start":{"line":428,"column":1},"end":{"line":432,"column":null}},"281":{"start":{"line":429,"column":12},"end":{"line":429,"column":null}},"282":{"start":{"line":430,"column":2},"end":{"line":430,"column":null}},"283":{"start":{"line":430,"column":10},"end":{"line":430,"column":null}},"284":{"start":{"line":431,"column":2},"end":{"line":431,"column":null}},"285":{"start":{"line":435,"column":1},"end":{"line":439,"column":null}},"286":{"start":{"line":435,"column":14},"end":{"line":435,"column":17}},"287":{"start":{"line":436,"column":12},"end":{"line":436,"column":null}},"288":{"start":{"line":437,"column":2},"end":{"line":437,"column":null}},"289":{"start":{"line":437,"column":10},"end":{"line":437,"column":null}},"290":{"start":{"line":438,"column":2},"end":{"line":438,"column":null}},"291":{"start":{"line":440,"column":1},"end":{"line":440,"column":null}},"292":{"start":{"line":443,"column":1},"end":{"line":445,"column":null}},"293":{"start":{"line":444,"column":2},"end":{"line":444,"column":null}},"294":{"start":{"line":448,"column":1},"end":{"line":448,"column":null}},"295":{"start":{"line":449,"column":7},"end":{"line":449,"column":null}},"296":{"start":{"line":450,"column":1},"end":{"line":450,"column":null}},"297":{"start":{"line":452,"column":1},"end":{"line":452,"column":null}},"298":{"start":{"line":471,"column":22},"end":{"line":476,"column":null}},"299":{"start":{"line":472,"column":1},"end":{"line":472,"column":null}},"300":{"start":{"line":472,"column":30},"end":{"line":472,"column":null}},"301":{"start":{"line":473,"column":1},"end":{"line":473,"column":null}},"302":{"start":{"line":473,"column":32},"end":{"line":473,"column":null}},"303":{"start":{"line":474,"column":1},"end":{"line":474,"column":null}},"304":{"start":{"line":474,"column":31},"end":{"line":474,"column":null}},"305":{"start":{"line":475,"column":1},"end":{"line":475,"column":null}},"306":{"start":{"line":478,"column":21},"end":{"line":483,"column":null}},"307":{"start":{"line":481,"column":1},"end":{"line":481,"column":null}},"308":{"start":{"line":481,"column":31},"end":{"line":481,"column":null}},"309":{"start":{"line":482,"column":1},"end":{"line":482,"column":null}},"310":{"start":{"line":482,"column":43},"end":{"line":482,"column":66}},"311":{"start":{"line":485,"column":24},"end":{"line":487,"column":null}},"312":{"start":{"line":486,"column":1},"end":{"line":486,"column":null}},"313":{"start":{"line":486,"column":32},"end":{"line":486,"column":59}},"314":{"start":{"line":489,"column":28},"end":{"line":496,"column":null}},"315":{"start":{"line":490,"column":1},"end":{"line":490,"column":null}},"316":{"start":{"line":490,"column":24},"end":{"line":490,"column":null}},"317":{"start":{"line":491,"column":18},"end":{"line":491,"column":null}},"318":{"start":{"line":492,"column":1},"end":{"line":494,"column":null}},"319":{"start":{"line":493,"column":2},"end":{"line":493,"column":null}},"320":{"start":{"line":495,"column":1},"end":{"line":495,"column":null}},"321":{"start":{"line":503,"column":24},"end":{"line":511,"column":null}},"322":{"start":{"line":504,"column":17},"end":{"line":504,"column":null}},"323":{"start":{"line":505,"column":17},"end":{"line":505,"column":null}},"324":{"start":{"line":506,"column":15},"end":{"line":506,"column":null}},"325":{"start":{"line":507,"column":1},"end":{"line":509,"column":null}},"326":{"start":{"line":508,"column":2},"end":{"line":508,"column":null}},"327":{"start":{"line":508,"column":22},"end":{"line":508,"column":null}},"328":{"start":{"line":510,"column":1},"end":{"line":510,"column":null}},"329":{"start":{"line":517,"column":24},"end":{"line":536,"column":null}},"330":{"start":{"line":524,"column":22},"end":{"line":524,"column":null}},"331":{"start":{"line":527,"column":19},"end":{"line":527,"column":null}},"332":{"start":{"line":528,"column":25},"end":{"line":528,"column":null}},"333":{"start":{"line":532,"column":21},"end":{"line":532,"column":null}},"334":{"start":{"line":535,"column":1},"end":{"line":535,"column":null}},"335":{"start":{"line":542,"column":33},"end":{"line":569,"column":null}},"336":{"start":{"line":543,"column":15},"end":{"line":543,"column":null}},"337":{"start":{"line":544,"column":1},"end":{"line":544,"column":null}},"338":{"start":{"line":544,"column":13},"end":{"line":544,"column":null}},"339":{"start":{"line":546,"column":7},"end":{"line":546,"column":null}},"340":{"start":{"line":547,"column":25},"end":{"line":547,"column":null}},"341":{"start":{"line":548,"column":13},"end":{"line":548,"column":null}},"342":{"start":{"line":550,"column":1},"end":{"line":566,"column":null}},"343":{"start":{"line":551,"column":2},"end":{"line":557,"column":null}},"344":{"start":{"line":552,"column":3},"end":{"line":556,"column":null}},"345":{"start":{"line":553,"column":4},"end":{"line":555,"column":null}},"346":{"start":{"line":554,"column":5},"end":{"line":554,"column":null}},"347":{"start":{"line":554,"column":56},"end":{"line":554,"column":null}},"348":{"start":{"line":559,"column":2},"end":{"line":565,"column":null}},"349":{"start":{"line":560,"column":3},"end":{"line":564,"column":null}},"350":{"start":{"line":561,"column":4},"end":{"line":563,"column":null}},"351":{"start":{"line":562,"column":5},"end":{"line":562,"column":null}},"352":{"start":{"line":568,"column":1},"end":{"line":568,"column":null}},"353":{"start":{"line":574,"column":22},"end":{"line":602,"column":null}},"354":{"start":{"line":575,"column":14},"end":{"line":575,"column":null}},"355":{"start":{"line":576,"column":15},"end":{"line":576,"column":null}},"356":{"start":{"line":577,"column":1},"end":{"line":577,"column":null}},"357":{"start":{"line":577,"column":13},"end":{"line":577,"column":null}},"358":{"start":{"line":579,"column":7},"end":{"line":579,"column":null}},"359":{"start":{"line":580,"column":13},"end":{"line":580,"column":null}},"360":{"start":{"line":582,"column":1},"end":{"line":599,"column":null}},"361":{"start":{"line":583,"column":2},"end":{"line":598,"column":null}},"362":{"start":{"line":584,"column":3},"end":{"line":584,"column":null}},"363":{"start":{"line":584,"column":51},"end":{"line":584,"column":null}},"364":{"start":{"line":585,"column":3},"end":{"line":597,"column":null}},"365":{"start":{"line":586,"column":4},"end":{"line":590,"column":null}},"366":{"start":{"line":587,"column":5},"end":{"line":589,"column":null}},"367":{"start":{"line":588,"column":6},"end":{"line":588,"column":null}},"368":{"start":{"line":588,"column":66},"end":{"line":588,"column":null}},"369":{"start":{"line":592,"column":4},"end":{"line":596,"column":null}},"370":{"start":{"line":593,"column":5},"end":{"line":595,"column":null}},"371":{"start":{"line":594,"column":6},"end":{"line":594,"column":null}},"372":{"start":{"line":601,"column":1},"end":{"line":601,"column":null}},"373":{"start":{"line":608,"column":28},"end":{"line":646,"column":null}},"374":{"start":{"line":609,"column":15},"end":{"line":609,"column":null}},"375":{"start":{"line":610,"column":1},"end":{"line":610,"column":null}},"376":{"start":{"line":610,"column":13},"end":{"line":610,"column":null}},"377":{"start":{"line":612,"column":16},"end":{"line":612,"column":null}},"378":{"start":{"line":613,"column":16},"end":{"line":613,"column":null}},"379":{"start":{"line":615,"column":1},"end":{"line":643,"column":null}},"380":{"start":{"line":616,"column":2},"end":{"line":623,"column":null}},"381":{"start":{"line":617,"column":9},"end":{"line":617,"column":null}},"382":{"start":{"line":618,"column":21},"end":{"line":618,"column":null}},"383":{"start":{"line":619,"column":17},"end":{"line":619,"column":null}},"384":{"start":{"line":620,"column":3},"end":{"line":622,"column":null}},"385":{"start":{"line":621,"column":4},"end":{"line":621,"column":null}},"386":{"start":{"line":625,"column":2},"end":{"line":642,"column":null}},"387":{"start":{"line":626,"column":3},"end":{"line":626,"column":null}},"388":{"start":{"line":626,"column":42},"end":{"line":626,"column":null}},"389":{"start":{"line":627,"column":14},"end":{"line":627,"column":null}},"390":{"start":{"line":628,"column":24},"end":{"line":628,"column":null}},"391":{"start":{"line":629,"column":3},"end":{"line":629,"column":null}},"392":{"start":{"line":630,"column":3},"end":{"line":630,"column":null}},"393":{"start":{"line":632,"column":9},"end":{"line":632,"column":null}},"394":{"start":{"line":633,"column":21},"end":{"line":633,"column":null}},"395":{"start":{"line":635,"column":3},"end":{"line":641,"column":null}},"396":{"start":{"line":636,"column":18},"end":{"line":636,"column":null}},"397":{"start":{"line":637,"column":4},"end":{"line":640,"column":null}},"398":{"start":{"line":639,"column":5},"end":{"line":639,"column":null}},"399":{"start":{"line":645,"column":1},"end":{"line":645,"column":null}},"400":{"start":{"line":648,"column":32},"end":{"line":663,"column":null}},"401":{"start":{"line":649,"column":1},"end":{"line":649,"column":null}},"402":{"start":{"line":649,"column":30},"end":{"line":649,"column":null}},"403":{"start":{"line":650,"column":1},"end":{"line":650,"column":null}},"404":{"start":{"line":650,"column":47},"end":{"line":650,"column":null}},"405":{"start":{"line":652,"column":1},"end":{"line":660,"column":null}},"406":{"start":{"line":653,"column":2},"end":{"line":653,"column":null}},"407":{"start":{"line":653,"column":24},"end":{"line":653,"column":null}},"408":{"start":{"line":654,"column":18},"end":{"line":654,"column":null}},"409":{"start":{"line":654,"column":57},"end":{"line":654,"column":86}},"410":{"start":{"line":655,"column":2},"end":{"line":659,"column":null}},"411":{"start":{"line":656,"column":18},"end":{"line":656,"column":null}},"412":{"start":{"line":657,"column":3},"end":{"line":657,"column":null}},"413":{"start":{"line":657,"column":16},"end":{"line":657,"column":null}},"414":{"start":{"line":658,"column":3},"end":{"line":658,"column":null}},"415":{"start":{"line":658,"column":77},"end":{"line":658,"column":null}},"416":{"start":{"line":662,"column":1},"end":{"line":662,"column":null}},"417":{"start":{"line":668,"column":24},"end":{"line":753,"column":null}},"418":{"start":{"line":674,"column":15},"end":{"line":674,"column":null}},"419":{"start":{"line":677,"column":7},"end":{"line":677,"column":null}},"420":{"start":{"line":678,"column":7},"end":{"line":678,"column":null}},"421":{"start":{"line":679,"column":23},"end":{"line":679,"column":null}},"422":{"start":{"line":680,"column":22},"end":{"line":680,"column":null}},"423":{"start":{"line":681,"column":20},"end":{"line":681,"column":null}},"424":{"start":{"line":684,"column":26},"end":{"line":684,"column":null}},"425":{"start":{"line":685,"column":25},"end":{"line":685,"column":null}},"426":{"start":{"line":686,"column":26},"end":{"line":686,"column":null}},"427":{"start":{"line":687,"column":1},"end":{"line":694,"column":null}},"428":{"start":{"line":688,"column":2},"end":{"line":688,"column":null}},"429":{"start":{"line":688,"column":24},"end":{"line":688,"column":null}},"430":{"start":{"line":689,"column":17},"end":{"line":689,"column":null}},"431":{"start":{"line":690,"column":16},"end":{"line":690,"column":null}},"432":{"start":{"line":691,"column":2},"end":{"line":691,"column":null}},"433":{"start":{"line":692,"column":2},"end":{"line":692,"column":null}},"434":{"start":{"line":693,"column":2},"end":{"line":693,"column":null}},"435":{"start":{"line":697,"column":19},"end":{"line":697,"column":null}},"436":{"start":{"line":698,"column":18},"end":{"line":698,"column":null}},"437":{"start":{"line":699,"column":23},"end":{"line":699,"column":null}},"438":{"start":{"line":702,"column":24},"end":{"line":702,"column":null}},"439":{"start":{"line":703,"column":23},"end":{"line":703,"column":null}},"440":{"start":{"line":704,"column":23},"end":{"line":704,"column":null}},"441":{"start":{"line":708,"column":30},"end":{"line":708,"column":null}},"442":{"start":{"line":709,"column":1},"end":{"line":723,"column":null}},"443":{"start":{"line":710,"column":2},"end":{"line":710,"column":null}},"444":{"start":{"line":710,"column":24},"end":{"line":710,"column":null}},"445":{"start":{"line":711,"column":19},"end":{"line":711,"column":null}},"446":{"start":{"line":712,"column":2},"end":{"line":712,"column":null}},"447":{"start":{"line":712,"column":17},"end":{"line":712,"column":null}},"448":{"start":{"line":714,"column":28},"end":{"line":714,"column":null}},"449":{"start":{"line":715,"column":27},"end":{"line":715,"column":null}},"450":{"start":{"line":717,"column":17},"end":{"line":717,"column":null}},"451":{"start":{"line":720,"column":25},"end":{"line":720,"column":null}},"452":{"start":{"line":721,"column":18},"end":{"line":721,"column":null}},"453":{"start":{"line":722,"column":2},"end":{"line":722,"column":null}},"454":{"start":{"line":726,"column":27},"end":{"line":726,"column":null}},"455":{"start":{"line":727,"column":26},"end":{"line":727,"column":null}},"456":{"start":{"line":728,"column":21},"end":{"line":728,"column":null}},"457":{"start":{"line":731,"column":36},"end":{"line":731,"column":null}},"458":{"start":{"line":734,"column":19},"end":{"line":734,"column":null}},"459":{"start":{"line":735,"column":21},"end":{"line":735,"column":null}},"460":{"start":{"line":738,"column":24},"end":{"line":738,"column":null}},"461":{"start":{"line":739,"column":23},"end":{"line":739,"column":null}},"462":{"start":{"line":740,"column":25},"end":{"line":740,"column":null}},"463":{"start":{"line":742,"column":1},"end":{"line":752,"column":null}},"464":{"start":{"line":764,"column":30},"end":{"line":837,"column":null}},"465":{"start":{"line":771,"column":18},"end":{"line":771,"column":null}},"466":{"start":{"line":772,"column":15},"end":{"line":772,"column":null}},"467":{"start":{"line":773,"column":15},"end":{"line":773,"column":null}},"468":{"start":{"line":776,"column":20},"end":{"line":776,"column":null}},"469":{"start":{"line":779,"column":17},"end":{"line":794,"column":null}},"470":{"start":{"line":796,"column":13},"end":{"line":796,"column":null}},"471":{"start":{"line":797,"column":1},"end":{"line":797,"column":null}},"472":{"start":{"line":798,"column":1},"end":{"line":798,"column":null}},"473":{"start":{"line":799,"column":1},"end":{"line":799,"column":null}},"474":{"start":{"line":800,"column":1},"end":{"line":800,"column":null}},"475":{"start":{"line":801,"column":1},"end":{"line":801,"column":null}},"476":{"start":{"line":802,"column":1},"end":{"line":802,"column":null}},"477":{"start":{"line":803,"column":1},"end":{"line":803,"column":null}},"478":{"start":{"line":804,"column":1},"end":{"line":804,"column":null}},"479":{"start":{"line":805,"column":1},"end":{"line":805,"column":null}},"480":{"start":{"line":808,"column":1},"end":{"line":818,"column":null}},"481":{"start":{"line":809,"column":15},"end":{"line":809,"column":null}},"482":{"start":{"line":810,"column":15},"end":{"line":810,"column":null}},"483":{"start":{"line":811,"column":2},"end":{"line":817,"column":null}},"484":{"start":{"line":812,"column":3},"end":{"line":816,"column":null}},"485":{"start":{"line":813,"column":4},"end":{"line":813,"column":null}},"486":{"start":{"line":815,"column":4},"end":{"line":815,"column":null}},"487":{"start":{"line":820,"column":1},"end":{"line":823,"column":null}},"488":{"start":{"line":821,"column":21},"end":{"line":821,"column":null}},"489":{"start":{"line":822,"column":2},"end":{"line":822,"column":null}},"490":{"start":{"line":825,"column":1},"end":{"line":829,"column":null}},"491":{"start":{"line":828,"column":2},"end":{"line":828,"column":null}},"492":{"start":{"line":831,"column":1},"end":{"line":834,"column":null}},"493":{"start":{"line":833,"column":2},"end":{"line":833,"column":null}},"494":{"start":{"line":836,"column":1},"end":{"line":836,"column":null}},"495":{"start":{"line":847,"column":34},"end":{"line":967,"column":null}},"496":{"start":{"line":848,"column":20},"end":{"line":848,"column":null}},"497":{"start":{"line":849,"column":15},"end":{"line":849,"column":null}},"498":{"start":{"line":850,"column":15},"end":{"line":850,"column":null}},"499":{"start":{"line":851,"column":29},"end":{"line":851,"column":null}},"500":{"start":{"line":854,"column":31},"end":{"line":854,"column":null}},"501":{"start":{"line":855,"column":33},"end":{"line":855,"column":null}},"502":{"start":{"line":856,"column":32},"end":{"line":856,"column":null}},"503":{"start":{"line":857,"column":32},"end":{"line":857,"column":null}},"504":{"start":{"line":858,"column":31},"end":{"line":858,"column":null}},"505":{"start":{"line":860,"column":1},"end":{"line":878,"column":null}},"506":{"start":{"line":861,"column":2},"end":{"line":877,"column":null}},"507":{"start":{"line":863,"column":4},"end":{"line":863,"column":null}},"508":{"start":{"line":864,"column":4},"end":{"line":864,"column":null}},"509":{"start":{"line":866,"column":4},"end":{"line":866,"column":null}},"510":{"start":{"line":867,"column":4},"end":{"line":867,"column":null}},"511":{"start":{"line":869,"column":4},"end":{"line":869,"column":null}},"512":{"start":{"line":870,"column":4},"end":{"line":870,"column":null}},"513":{"start":{"line":872,"column":4},"end":{"line":872,"column":null}},"514":{"start":{"line":873,"column":4},"end":{"line":873,"column":null}},"515":{"start":{"line":875,"column":4},"end":{"line":875,"column":null}},"516":{"start":{"line":876,"column":4},"end":{"line":876,"column":null}},"517":{"start":{"line":880,"column":30},"end":{"line":880,"column":null}},"518":{"start":{"line":883,"column":27},"end":{"line":889,"column":null}},"519":{"start":{"line":884,"column":2},"end":{"line":884,"column":null}},"520":{"start":{"line":884,"column":34},"end":{"line":884,"column":null}},"521":{"start":{"line":885,"column":21},"end":{"line":885,"column":null}},"522":{"start":{"line":886,"column":8},"end":{"line":886,"column":null}},"523":{"start":{"line":887,"column":19},"end":{"line":887,"column":null}},"524":{"start":{"line":888,"column":2},"end":{"line":888,"column":null}},"525":{"start":{"line":890,"column":1},"end":{"line":890,"column":null}},"526":{"start":{"line":890,"column":34},"end":{"line":890,"column":51}},"527":{"start":{"line":893,"column":27},"end":{"line":893,"column":null}},"528":{"start":{"line":894,"column":1},"end":{"line":896,"column":null}},"529":{"start":{"line":894,"column":14},"end":{"line":894,"column":17}},"530":{"start":{"line":895,"column":2},"end":{"line":895,"column":null}},"531":{"start":{"line":900,"column":29},"end":{"line":912,"column":null}},"532":{"start":{"line":902,"column":3},"end":{"line":902,"column":null}},"533":{"start":{"line":902,"column":37},"end":{"line":902,"column":null}},"534":{"start":{"line":903,"column":16},"end":{"line":903,"column":null}},"535":{"start":{"line":904,"column":3},"end":{"line":904,"column":null}},"536":{"start":{"line":904,"column":14},"end":{"line":904,"column":null}},"537":{"start":{"line":906,"column":3},"end":{"line":906,"column":null}},"538":{"start":{"line":906,"column":34},"end":{"line":906,"column":70}},"539":{"start":{"line":909,"column":3},"end":{"line":909,"column":null}},"540":{"start":{"line":909,"column":37},"end":{"line":909,"column":null}},"541":{"start":{"line":910,"column":9},"end":{"line":910,"column":null}},"542":{"start":{"line":911,"column":3},"end":{"line":911,"column":null}},"543":{"start":{"line":913,"column":1},"end":{"line":913,"column":null}},"544":{"start":{"line":913,"column":36},"end":{"line":913,"column":53}},"545":{"start":{"line":915,"column":29},"end":{"line":915,"column":null}},"546":{"start":{"line":916,"column":1},"end":{"line":918,"column":null}},"547":{"start":{"line":916,"column":14},"end":{"line":916,"column":17}},"548":{"start":{"line":917,"column":2},"end":{"line":917,"column":null}},"549":{"start":{"line":921,"column":1},"end":{"line":933,"column":null}},"550":{"start":{"line":922,"column":29},"end":{"line":927,"column":null}},"551":{"start":{"line":923,"column":3},"end":{"line":923,"column":null}},"552":{"start":{"line":923,"column":36},"end":{"line":923,"column":null}},"553":{"start":{"line":924,"column":9},"end":{"line":924,"column":null}},"554":{"start":{"line":926,"column":3},"end":{"line":926,"column":null}},"555":{"start":{"line":928,"column":2},"end":{"line":928,"column":null}},"556":{"start":{"line":928,"column":36},"end":{"line":928,"column":53}},"557":{"start":{"line":929,"column":29},"end":{"line":929,"column":null}},"558":{"start":{"line":930,"column":2},"end":{"line":932,"column":null}},"559":{"start":{"line":930,"column":15},"end":{"line":930,"column":18}},"560":{"start":{"line":931,"column":3},"end":{"line":931,"column":null}},"561":{"start":{"line":936,"column":28},"end":{"line":943,"column":null}},"562":{"start":{"line":937,"column":2},"end":{"line":937,"column":null}},"563":{"start":{"line":937,"column":41},"end":{"line":937,"column":null}},"564":{"start":{"line":938,"column":15},"end":{"line":938,"column":null}},"565":{"start":{"line":939,"column":15},"end":{"line":939,"column":null}},"566":{"start":{"line":940,"column":2},"end":{"line":940,"column":null}},"567":{"start":{"line":940,"column":13},"end":{"line":940,"column":null}},"568":{"start":{"line":941,"column":22},"end":{"line":941,"column":null}},"569":{"start":{"line":942,"column":2},"end":{"line":942,"column":null}},"570":{"start":{"line":944,"column":1},"end":{"line":944,"column":null}},"571":{"start":{"line":944,"column":35},"end":{"line":944,"column":52}},"572":{"start":{"line":947,"column":1},"end":{"line":949,"column":null}},"573":{"start":{"line":948,"column":2},"end":{"line":948,"column":null}},"574":{"start":{"line":952,"column":27},"end":{"line":958,"column":null}},"575":{"start":{"line":953,"column":2},"end":{"line":953,"column":null}},"576":{"start":{"line":953,"column":42},"end":{"line":953,"column":null}},"577":{"start":{"line":954,"column":15},"end":{"line":954,"column":null}},"578":{"start":{"line":955,"column":2},"end":{"line":955,"column":null}},"579":{"start":{"line":955,"column":13},"end":{"line":955,"column":null}},"580":{"start":{"line":956,"column":20},"end":{"line":956,"column":null}},"581":{"start":{"line":957,"column":2},"end":{"line":957,"column":null}},"582":{"start":{"line":959,"column":1},"end":{"line":959,"column":null}},"583":{"start":{"line":959,"column":34},"end":{"line":959,"column":51}},"584":{"start":{"line":962,"column":1},"end":{"line":964,"column":null}},"585":{"start":{"line":963,"column":2},"end":{"line":963,"column":null}},"586":{"start":{"line":966,"column":1},"end":{"line":966,"column":null}},"587":{"start":{"line":973,"column":26},"end":{"line":973,"column":null}},"588":{"start":{"line":979,"column":32},"end":{"line":1005,"column":null}},"589":{"start":{"line":980,"column":20},"end":{"line":980,"column":null}},"590":{"start":{"line":982,"column":1},"end":{"line":984,"column":null}},"591":{"start":{"line":983,"column":2},"end":{"line":983,"column":null}},"592":{"start":{"line":986,"column":22},"end":{"line":986,"column":null}},"593":{"start":{"line":987,"column":33},"end":{"line":987,"column":null}},"594":{"start":{"line":988,"column":17},"end":{"line":988,"column":null}},"595":{"start":{"line":990,"column":1},"end":{"line":1002,"column":null}},"596":{"start":{"line":991,"column":17},"end":{"line":991,"column":null}},"597":{"start":{"line":992,"column":2},"end":{"line":995,"column":null}},"598":{"start":{"line":993,"column":3},"end":{"line":993,"column":null}},"599":{"start":{"line":993,"column":14},"end":{"line":993,"column":null}},"600":{"start":{"line":994,"column":3},"end":{"line":994,"column":null}},"601":{"start":{"line":997,"column":16},"end":{"line":997,"column":null}},"602":{"start":{"line":998,"column":2},"end":{"line":1001,"column":null}},"603":{"start":{"line":999,"column":3},"end":{"line":999,"column":null}},"604":{"start":{"line":1000,"column":3},"end":{"line":1000,"column":null}},"605":{"start":{"line":1004,"column":1},"end":{"line":1004,"column":null}},"606":{"start":{"line":1014,"column":24},"end":{"line":1056,"column":null}},"607":{"start":{"line":1015,"column":15},"end":{"line":1015,"column":null}},"608":{"start":{"line":1016,"column":1},"end":{"line":1016,"column":null}},"609":{"start":{"line":1016,"column":13},"end":{"line":1016,"column":null}},"610":{"start":{"line":1019,"column":7},"end":{"line":1019,"column":null}},"611":{"start":{"line":1020,"column":22},"end":{"line":1020,"column":null}},"612":{"start":{"line":1023,"column":1},"end":{"line":1023,"column":null}},"613":{"start":{"line":1023,"column":24},"end":{"line":1023,"column":null}},"614":{"start":{"line":1026,"column":1},"end":{"line":1026,"column":null}},"615":{"start":{"line":1026,"column":48},"end":{"line":1026,"column":null}},"616":{"start":{"line":1029,"column":14},"end":{"line":1029,"column":null}},"617":{"start":{"line":1030,"column":7},"end":{"line":1030,"column":null}},"618":{"start":{"line":1032,"column":1},"end":{"line":1053,"column":null}},"619":{"start":{"line":1033,"column":2},"end":{"line":1052,"column":null}},"620":{"start":{"line":1034,"column":22},"end":{"line":1034,"column":null}},"621":{"start":{"line":1035,"column":3},"end":{"line":1035,"column":null}},"622":{"start":{"line":1035,"column":25},"end":{"line":1035,"column":null}},"623":{"start":{"line":1037,"column":3},"end":{"line":1051,"column":null}},"624":{"start":{"line":1038,"column":4},"end":{"line":1043,"column":null}},"625":{"start":{"line":1039,"column":5},"end":{"line":1042,"column":null}},"626":{"start":{"line":1040,"column":6},"end":{"line":1040,"column":null}},"627":{"start":{"line":1040,"column":40},"end":{"line":1040,"column":null}},"628":{"start":{"line":1041,"column":6},"end":{"line":1041,"column":null}},"629":{"start":{"line":1041,"column":66},"end":{"line":1041,"column":null}},"630":{"start":{"line":1045,"column":4},"end":{"line":1050,"column":null}},"631":{"start":{"line":1046,"column":5},"end":{"line":1046,"column":null}},"632":{"start":{"line":1046,"column":37},"end":{"line":1046,"column":null}},"633":{"start":{"line":1047,"column":5},"end":{"line":1049,"column":null}},"634":{"start":{"line":1048,"column":6},"end":{"line":1048,"column":null}},"635":{"start":{"line":1055,"column":1},"end":{"line":1055,"column":null}},"636":{"start":{"line":1061,"column":28},"end":{"line":1100,"column":null}},"637":{"start":{"line":1062,"column":20},"end":{"line":1062,"column":null}},"638":{"start":{"line":1064,"column":1},"end":{"line":1066,"column":null}},"639":{"start":{"line":1065,"column":2},"end":{"line":1065,"column":null}},"640":{"start":{"line":1068,"column":22},"end":{"line":1068,"column":null}},"641":{"start":{"line":1069,"column":33},"end":{"line":1069,"column":null}},"642":{"start":{"line":1070,"column":17},"end":{"line":1070,"column":null}},"643":{"start":{"line":1072,"column":1},"end":{"line":1097,"column":null}},"644":{"start":{"line":1073,"column":17},"end":{"line":1073,"column":null}},"645":{"start":{"line":1074,"column":2},"end":{"line":1074,"column":null}},"646":{"start":{"line":1074,"column":15},"end":{"line":1074,"column":null}},"647":{"start":{"line":1077,"column":14},"end":{"line":1077,"column":null}},"648":{"start":{"line":1080,"column":29},"end":{"line":1080,"column":null}},"649":{"start":{"line":1081,"column":21},"end":{"line":1081,"column":null}},"650":{"start":{"line":1083,"column":2},"end":{"line":1088,"column":null}},"651":{"start":{"line":1084,"column":26},"end":{"line":1084,"column":null}},"652":{"start":{"line":1085,"column":3},"end":{"line":1085,"column":null}},"653":{"start":{"line":1085,"column":24},"end":{"line":1085,"column":null}},"654":{"start":{"line":1086,"column":25},"end":{"line":1086,"column":null}},"655":{"start":{"line":1087,"column":3},"end":{"line":1087,"column":null}},"656":{"start":{"line":1091,"column":2},"end":{"line":1091,"column":null}},"657":{"start":{"line":1093,"column":2},"end":{"line":1096,"column":null}},"658":{"start":{"line":1094,"column":3},"end":{"line":1094,"column":null}},"659":{"start":{"line":1095,"column":3},"end":{"line":1095,"column":null}},"660":{"start":{"line":1099,"column":1},"end":{"line":1099,"column":null}},"661":{"start":{"line":1106,"column":27},"end":{"line":1120,"column":null}},"662":{"start":{"line":1107,"column":1},"end":{"line":1119,"column":null}},"663":{"start":{"line":1108,"column":15},"end":{"line":1108,"column":null}},"664":{"start":{"line":1109,"column":2},"end":{"line":1118,"column":null}},"665":{"start":{"line":1110,"column":3},"end":{"line":1114,"column":null}},"666":{"start":{"line":1111,"column":4},"end":{"line":1113,"column":null}},"667":{"start":{"line":1112,"column":5},"end":{"line":1112,"column":null}},"668":{"start":{"line":1117,"column":3},"end":{"line":1117,"column":null}},"669":{"start":{"line":1125,"column":29},"end":{"line":1174,"column":null}},"670":{"start":{"line":1126,"column":18},"end":{"line":1126,"column":null}},"671":{"start":{"line":1127,"column":17},"end":{"line":1127,"column":null}},"672":{"start":{"line":1129,"column":1},"end":{"line":1173,"column":null}},"673":{"start":{"line":1130,"column":2},"end":{"line":1130,"column":null}},"674":{"start":{"line":1132,"column":16},"end":{"line":1132,"column":null}},"675":{"start":{"line":1133,"column":2},"end":{"line":1133,"column":null}},"676":{"start":{"line":1133,"column":54},"end":{"line":1133,"column":null}},"677":{"start":{"line":1135,"column":12},"end":{"line":1135,"column":null}},"678":{"start":{"line":1136,"column":18},"end":{"line":1136,"column":null}},"679":{"start":{"line":1136,"column":62},"end":{"line":1136,"column":91}},"680":{"start":{"line":1138,"column":2},"end":{"line":1141,"column":null}},"681":{"start":{"line":1139,"column":3},"end":{"line":1139,"column":null}},"682":{"start":{"line":1140,"column":3},"end":{"line":1140,"column":null}},"683":{"start":{"line":1144,"column":22},"end":{"line":1144,"column":null}},"684":{"start":{"line":1145,"column":17},"end":{"line":1145,"column":null}},"685":{"start":{"line":1147,"column":22},"end":{"line":1152,"column":null}},"686":{"start":{"line":1154,"column":2},"end":{"line":1154,"column":null}},"687":{"start":{"line":1155,"column":2},"end":{"line":1155,"column":null}},"688":{"start":{"line":1157,"column":2},"end":{"line":1157,"column":null}},"689":{"start":{"line":1159,"column":21},"end":{"line":1159,"column":null}},"690":{"start":{"line":1160,"column":2},"end":{"line":1160,"column":null}},"691":{"start":{"line":1160,"column":64},"end":{"line":1160,"column":null}},"692":{"start":{"line":1163,"column":3},"end":{"line":1166,"column":null}},"693":{"start":{"line":1168,"column":2},"end":{"line":1172,"column":null}},"694":{"start":{"line":1169,"column":3},"end":{"line":1169,"column":null}},"695":{"start":{"line":1169,"column":14},"end":{"line":1169,"column":null}},"696":{"start":{"line":1170,"column":3},"end":{"line":1170,"column":null}},"697":{"start":{"line":1171,"column":3},"end":{"line":1171,"column":null}},"698":{"start":{"line":1180,"column":22},"end":{"line":1201,"column":null}},"699":{"start":{"line":1181,"column":1},"end":{"line":1200,"column":null}},"700":{"start":{"line":1183,"column":3},"end":{"line":1183,"column":null}},"701":{"start":{"line":1184,"column":3},"end":{"line":1184,"column":null}},"702":{"start":{"line":1186,"column":3},"end":{"line":1186,"column":null}},"703":{"start":{"line":1187,"column":3},"end":{"line":1187,"column":null}},"704":{"start":{"line":1189,"column":3},"end":{"line":1189,"column":null}},"705":{"start":{"line":1190,"column":3},"end":{"line":1190,"column":null}},"706":{"start":{"line":1192,"column":3},"end":{"line":1192,"column":null}},"707":{"start":{"line":1193,"column":3},"end":{"line":1193,"column":null}},"708":{"start":{"line":1195,"column":3},"end":{"line":1195,"column":null}},"709":{"start":{"line":1196,"column":3},"end":{"line":1196,"column":null}},"710":{"start":{"line":1198,"column":3},"end":{"line":1198,"column":null}},"711":{"start":{"line":1199,"column":3},"end":{"line":1199,"column":null}},"712":{"start":{"line":1206,"column":32},"end":{"line":1253,"column":null}},"713":{"start":{"line":1207,"column":18},"end":{"line":1207,"column":null}},"714":{"start":{"line":1208,"column":17},"end":{"line":1208,"column":null}},"715":{"start":{"line":1210,"column":1},"end":{"line":1252,"column":null}},"716":{"start":{"line":1211,"column":2},"end":{"line":1211,"column":null}},"717":{"start":{"line":1213,"column":16},"end":{"line":1213,"column":null}},"718":{"start":{"line":1214,"column":2},"end":{"line":1214,"column":null}},"719":{"start":{"line":1214,"column":54},"end":{"line":1214,"column":null}},"720":{"start":{"line":1216,"column":12},"end":{"line":1216,"column":null}},"721":{"start":{"line":1217,"column":14},"end":{"line":1217,"column":null}},"722":{"start":{"line":1219,"column":17},"end":{"line":1219,"column":null}},"723":{"start":{"line":1221,"column":2},"end":{"line":1224,"column":null}},"724":{"start":{"line":1222,"column":3},"end":{"line":1222,"column":null}},"725":{"start":{"line":1223,"column":3},"end":{"line":1223,"column":null}},"726":{"start":{"line":1226,"column":22},"end":{"line":1231,"column":null}},"727":{"start":{"line":1233,"column":2},"end":{"line":1233,"column":null}},"728":{"start":{"line":1234,"column":2},"end":{"line":1234,"column":null}},"729":{"start":{"line":1236,"column":2},"end":{"line":1236,"column":null}},"730":{"start":{"line":1238,"column":21},"end":{"line":1238,"column":null}},"731":{"start":{"line":1239,"column":2},"end":{"line":1239,"column":null}},"732":{"start":{"line":1239,"column":64},"end":{"line":1239,"column":null}},"733":{"start":{"line":1242,"column":3},"end":{"line":1245,"column":null}},"734":{"start":{"line":1247,"column":2},"end":{"line":1251,"column":null}},"735":{"start":{"line":1248,"column":3},"end":{"line":1248,"column":null}},"736":{"start":{"line":1248,"column":14},"end":{"line":1248,"column":null}},"737":{"start":{"line":1249,"column":3},"end":{"line":1249,"column":null}},"738":{"start":{"line":1250,"column":3},"end":{"line":1250,"column":null}},"739":{"start":{"line":1258,"column":36},"end":{"line":1308,"column":null}},"740":{"start":{"line":1259,"column":18},"end":{"line":1259,"column":null}},"741":{"start":{"line":1260,"column":17},"end":{"line":1260,"column":null}},"742":{"start":{"line":1262,"column":1},"end":{"line":1307,"column":null}},"743":{"start":{"line":1263,"column":2},"end":{"line":1263,"column":null}},"744":{"start":{"line":1265,"column":16},"end":{"line":1265,"column":null}},"745":{"start":{"line":1266,"column":2},"end":{"line":1266,"column":null}},"746":{"start":{"line":1266,"column":54},"end":{"line":1266,"column":null}},"747":{"start":{"line":1268,"column":12},"end":{"line":1268,"column":null}},"748":{"start":{"line":1269,"column":14},"end":{"line":1269,"column":null}},"749":{"start":{"line":1272,"column":17},"end":{"line":1274,"column":null}},"750":{"start":{"line":1276,"column":2},"end":{"line":1279,"column":null}},"751":{"start":{"line":1277,"column":3},"end":{"line":1277,"column":null}},"752":{"start":{"line":1278,"column":3},"end":{"line":1278,"column":null}},"753":{"start":{"line":1281,"column":22},"end":{"line":1286,"column":null}},"754":{"start":{"line":1288,"column":2},"end":{"line":1288,"column":null}},"755":{"start":{"line":1289,"column":2},"end":{"line":1289,"column":null}},"756":{"start":{"line":1291,"column":2},"end":{"line":1291,"column":null}},"757":{"start":{"line":1293,"column":21},"end":{"line":1293,"column":null}},"758":{"start":{"line":1294,"column":2},"end":{"line":1294,"column":null}},"759":{"start":{"line":1294,"column":64},"end":{"line":1294,"column":null}},"760":{"start":{"line":1297,"column":3},"end":{"line":1300,"column":null}},"761":{"start":{"line":1302,"column":2},"end":{"line":1306,"column":null}},"762":{"start":{"line":1303,"column":3},"end":{"line":1303,"column":null}},"763":{"start":{"line":1303,"column":14},"end":{"line":1303,"column":null}},"764":{"start":{"line":1304,"column":3},"end":{"line":1304,"column":null}},"765":{"start":{"line":1305,"column":3},"end":{"line":1305,"column":null}},"766":{"start":{"line":1314,"column":32},"end":{"line":1314,"column":null}},"767":{"start":{"line":1314,"column":61},"end":{"line":1314,"column":null}},"768":{"start":{"line":1316,"column":34},"end":{"line":1320,"column":null}},"769":{"start":{"line":1317,"column":1},"end":{"line":1317,"column":null}},"770":{"start":{"line":1318,"column":1},"end":{"line":1318,"column":null}},"771":{"start":{"line":1319,"column":1},"end":{"line":1319,"column":null}},"772":{"start":{"line":1326,"column":36},"end":{"line":1361,"column":null}},"773":{"start":{"line":1332,"column":1},"end":{"line":1332,"column":null}},"774":{"start":{"line":1332,"column":13},"end":{"line":1332,"column":null}},"775":{"start":{"line":1334,"column":19},"end":{"line":1334,"column":null}},"776":{"start":{"line":1335,"column":1},"end":{"line":1339,"column":null}},"777":{"start":{"line":1336,"column":2},"end":{"line":1336,"column":null}},"778":{"start":{"line":1337,"column":2},"end":{"line":1337,"column":null}},"779":{"start":{"line":1338,"column":2},"end":{"line":1338,"column":null}},"780":{"start":{"line":1342,"column":1},"end":{"line":1349,"column":null}},"781":{"start":{"line":1343,"column":2},"end":{"line":1343,"column":null}},"782":{"start":{"line":1344,"column":2},"end":{"line":1347,"column":null}},"783":{"start":{"line":1348,"column":2},"end":{"line":1348,"column":null}},"784":{"start":{"line":1351,"column":1},"end":{"line":1358,"column":null}},"785":{"start":{"line":1352,"column":2},"end":{"line":1352,"column":null}},"786":{"start":{"line":1353,"column":2},"end":{"line":1356,"column":null}},"787":{"start":{"line":1357,"column":2},"end":{"line":1357,"column":null}},"788":{"start":{"line":1360,"column":1},"end":{"line":1360,"column":null}}},"fnMap":{"0":{"name":"(anonymous_0)","decl":{"start":{"line":60,"column":29},"end":{"line":60,"column":30}},"loc":{"start":{"line":60,"column":67},"end":{"line":78,"column":null}},"line":60},"1":{"name":"(anonymous_1)","decl":{"start":{"line":62,"column":47},"end":{"line":62,"column":48}},"loc":{"start":{"line":62,"column":57},"end":{"line":62,"column":60}},"line":62},"2":{"name":"(anonymous_2)","decl":{"start":{"line":65,"column":17},"end":{"line":65,"column":18}},"loc":{"start":{"line":65,"column":42},"end":{"line":75,"column":null}},"line":65},"3":{"name":"(anonymous_3)","decl":{"start":{"line":84,"column":32},"end":{"line":84,"column":33}},"loc":{"start":{"line":84,"column":77},"end":{"line":235,"column":null}},"line":84},"4":{"name":"(anonymous_4)","decl":{"start":{"line":151,"column":45},"end":{"line":151,"column":50}},"loc":{"start":{"line":151,"column":45},"end":{"line":151,"column":61}},"line":151},"5":{"name":"(anonymous_5)","decl":{"start":{"line":158,"column":39},"end":{"line":158,"column":44}},"loc":{"start":{"line":158,"column":39},"end":{"line":158,"column":67}},"line":158},"6":{"name":"(anonymous_6)","decl":{"start":{"line":159,"column":36},"end":{"line":159,"column":44}},"loc":{"start":{"line":159,"column":44},"end":{"line":167,"column":8}},"line":159},"7":{"name":"(anonymous_7)","decl":{"start":{"line":165,"column":27},"end":{"line":165,"column":32}},"loc":{"start":{"line":165,"column":32},"end":{"line":165,"column":66}},"line":165},"8":{"name":"(anonymous_8)","decl":{"start":{"line":183,"column":49},"end":{"line":183,"column":50}},"loc":{"start":{"line":183,"column":58},"end":{"line":186,"column":8}},"line":183},"9":{"name":"(anonymous_9)","decl":{"start":{"line":185,"column":32},"end":{"line":185,"column":33}},"loc":{"start":{"line":185,"column":39},"end":{"line":185,"column":62}},"line":185},"10":{"name":"(anonymous_10)","decl":{"start":{"line":211,"column":37},"end":{"line":211,"column":38}},"loc":{"start":{"line":211,"column":44},"end":{"line":211,"column":72}},"line":211},"11":{"name":"(anonymous_11)","decl":{"start":{"line":241,"column":18},"end":{"line":241,"column":23}},"loc":{"start":{"line":241,"column":37},"end":{"line":241,"column":null}},"line":241},"12":{"name":"(anonymous_12)","decl":{"start":{"line":247,"column":32},"end":{"line":247,"column":33}},"loc":{"start":{"line":247,"column":98},"end":{"line":415,"column":null}},"line":247},"13":{"name":"(anonymous_13)","decl":{"start":{"line":307,"column":39},"end":{"line":307,"column":44}},"loc":{"start":{"line":307,"column":39},"end":{"line":307,"column":68}},"line":307},"14":{"name":"(anonymous_14)","decl":{"start":{"line":314,"column":33},"end":{"line":314,"column":41}},"loc":{"start":{"line":314,"column":41},"end":{"line":322,"column":5}},"line":314},"15":{"name":"(anonymous_15)","decl":{"start":{"line":329,"column":27},"end":{"line":329,"column":32}},"loc":{"start":{"line":329,"column":32},"end":{"line":329,"column":66}},"line":329},"16":{"name":"(anonymous_16)","decl":{"start":{"line":342,"column":52},"end":{"line":342,"column":53}},"loc":{"start":{"line":342,"column":61},"end":{"line":345,"column":6}},"line":342},"17":{"name":"(anonymous_17)","decl":{"start":{"line":344,"column":30},"end":{"line":344,"column":31}},"loc":{"start":{"line":344,"column":37},"end":{"line":344,"column":60}},"line":344},"18":{"name":"(anonymous_18)","decl":{"start":{"line":352,"column":52},"end":{"line":352,"column":53}},"loc":{"start":{"line":352,"column":62},"end":{"line":352,"column":67}},"line":352},"19":{"name":"(anonymous_19)","decl":{"start":{"line":374,"column":38},"end":{"line":374,"column":39}},"loc":{"start":{"line":374,"column":45},"end":{"line":374,"column":89}},"line":374},"20":{"name":"(anonymous_20)","decl":{"start":{"line":378,"column":52},"end":{"line":378,"column":53}},"loc":{"start":{"line":378,"column":62},"end":{"line":378,"column":67}},"line":378},"21":{"name":"(anonymous_21)","decl":{"start":{"line":421,"column":28},"end":{"line":421,"column":29}},"loc":{"start":{"line":421,"column":98},"end":{"line":453,"column":null}},"line":421},"22":{"name":"(anonymous_22)","decl":{"start":{"line":471,"column":22},"end":{"line":471,"column":23}},"loc":{"start":{"line":471,"column":68},"end":{"line":476,"column":null}},"line":471},"23":{"name":"(anonymous_23)","decl":{"start":{"line":478,"column":21},"end":{"line":478,"column":22}},"loc":{"start":{"line":478,"column":65},"end":{"line":483,"column":null}},"line":478},"24":{"name":"(anonymous_24)","decl":{"start":{"line":482,"column":36},"end":{"line":482,"column":37}},"loc":{"start":{"line":482,"column":43},"end":{"line":482,"column":66}},"line":482},"25":{"name":"(anonymous_25)","decl":{"start":{"line":485,"column":24},"end":{"line":485,"column":25}},"loc":{"start":{"line":485,"column":69},"end":{"line":487,"column":null}},"line":485},"26":{"name":"(anonymous_26)","decl":{"start":{"line":486,"column":25},"end":{"line":486,"column":26}},"loc":{"start":{"line":486,"column":32},"end":{"line":486,"column":59}},"line":486},"27":{"name":"(anonymous_27)","decl":{"start":{"line":489,"column":28},"end":{"line":489,"column":29}},"loc":{"start":{"line":489,"column":74},"end":{"line":496,"column":null}},"line":489},"28":{"name":"(anonymous_28)","decl":{"start":{"line":503,"column":24},"end":{"line":503,"column":25}},"loc":{"start":{"line":503,"column":78},"end":{"line":511,"column":null}},"line":503},"29":{"name":"(anonymous_29)","decl":{"start":{"line":517,"column":24},"end":{"line":517,"column":null}},"loc":{"start":{"line":522,"column":13},"end":{"line":536,"column":null}},"line":522},"30":{"name":"(anonymous_30)","decl":{"start":{"line":542,"column":33},"end":{"line":542,"column":34}},"loc":{"start":{"line":542,"column":76},"end":{"line":569,"column":null}},"line":542},"31":{"name":"(anonymous_31)","decl":{"start":{"line":574,"column":22},"end":{"line":574,"column":23}},"loc":{"start":{"line":574,"column":65},"end":{"line":602,"column":null}},"line":574},"32":{"name":"(anonymous_32)","decl":{"start":{"line":608,"column":28},"end":{"line":608,"column":29}},"loc":{"start":{"line":608,"column":71},"end":{"line":646,"column":null}},"line":608},"33":{"name":"(anonymous_33)","decl":{"start":{"line":648,"column":32},"end":{"line":648,"column":33}},"loc":{"start":{"line":648,"column":86},"end":{"line":663,"column":null}},"line":648},"34":{"name":"(anonymous_34)","decl":{"start":{"line":654,"column":50},"end":{"line":654,"column":51}},"loc":{"start":{"line":654,"column":57},"end":{"line":654,"column":86}},"line":654},"35":{"name":"(anonymous_35)","decl":{"start":{"line":668,"column":24},"end":{"line":668,"column":null}},"loc":{"start":{"line":673,"column":19},"end":{"line":753,"column":null}},"line":673},"36":{"name":"(anonymous_36)","decl":{"start":{"line":764,"column":30},"end":{"line":764,"column":null}},"loc":{"start":{"line":770,"column":13},"end":{"line":837,"column":null}},"line":770},"37":{"name":"(anonymous_37)","decl":{"start":{"line":847,"column":34},"end":{"line":847,"column":35}},"loc":{"start":{"line":847,"column":89},"end":{"line":967,"column":null}},"line":847},"38":{"name":"(anonymous_38)","decl":{"start":{"line":883,"column":43},"end":{"line":883,"column":44}},"loc":{"start":{"line":883,"column":55},"end":{"line":889,"column":2}},"line":883},"39":{"name":"(anonymous_39)","decl":{"start":{"line":890,"column":24},"end":{"line":890,"column":25}},"loc":{"start":{"line":890,"column":34},"end":{"line":890,"column":51}},"line":890},"40":{"name":"(anonymous_40)","decl":{"start":{"line":901,"column":10},"end":{"line":901,"column":11}},"loc":{"start":{"line":901,"column":22},"end":{"line":907,"column":3}},"line":901},"41":{"name":"(anonymous_41)","decl":{"start":{"line":906,"column":27},"end":{"line":906,"column":28}},"loc":{"start":{"line":906,"column":34},"end":{"line":906,"column":70}},"line":906},"42":{"name":"(anonymous_42)","decl":{"start":{"line":908,"column":7},"end":{"line":908,"column":8}},"loc":{"start":{"line":908,"column":19},"end":{"line":912,"column":3}},"line":908},"43":{"name":"(anonymous_43)","decl":{"start":{"line":913,"column":26},"end":{"line":913,"column":27}},"loc":{"start":{"line":913,"column":36},"end":{"line":913,"column":53}},"line":913},"44":{"name":"(anonymous_44)","decl":{"start":{"line":922,"column":46},"end":{"line":922,"column":47}},"loc":{"start":{"line":922,"column":58},"end":{"line":927,"column":3}},"line":922},"45":{"name":"(anonymous_45)","decl":{"start":{"line":928,"column":26},"end":{"line":928,"column":27}},"loc":{"start":{"line":928,"column":36},"end":{"line":928,"column":53}},"line":928},"46":{"name":"(anonymous_46)","decl":{"start":{"line":936,"column":45},"end":{"line":936,"column":46}},"loc":{"start":{"line":936,"column":57},"end":{"line":943,"column":2}},"line":936},"47":{"name":"(anonymous_47)","decl":{"start":{"line":944,"column":25},"end":{"line":944,"column":26}},"loc":{"start":{"line":944,"column":35},"end":{"line":944,"column":52}},"line":944},"48":{"name":"(anonymous_48)","decl":{"start":{"line":952,"column":43},"end":{"line":952,"column":44}},"loc":{"start":{"line":952,"column":55},"end":{"line":958,"column":2}},"line":952},"49":{"name":"(anonymous_49)","decl":{"start":{"line":959,"column":24},"end":{"line":959,"column":25}},"loc":{"start":{"line":959,"column":34},"end":{"line":959,"column":51}},"line":959},"50":{"name":"(anonymous_50)","decl":{"start":{"line":979,"column":32},"end":{"line":979,"column":33}},"loc":{"start":{"line":979,"column":92},"end":{"line":1005,"column":null}},"line":979},"51":{"name":"(anonymous_51)","decl":{"start":{"line":1014,"column":24},"end":{"line":1014,"column":25}},"loc":{"start":{"line":1014,"column":78},"end":{"line":1056,"column":null}},"line":1014},"52":{"name":"(anonymous_52)","decl":{"start":{"line":1061,"column":28},"end":{"line":1061,"column":29}},"loc":{"start":{"line":1061,"column":88},"end":{"line":1100,"column":null}},"line":1061},"53":{"name":"(anonymous_53)","decl":{"start":{"line":1106,"column":27},"end":{"line":1106,"column":48}},"loc":{"start":{"line":1106,"column":48},"end":{"line":1120,"column":null}},"line":1106},"54":{"name":"(anonymous_54)","decl":{"start":{"line":1107,"column":20},"end":{"line":1107,"column":21}},"loc":{"start":{"line":1107,"column":33},"end":{"line":1119,"column":2}},"line":1107},"55":{"name":"(anonymous_55)","decl":{"start":{"line":1110,"column":7},"end":{"line":1110,"column":13}},"loc":{"start":{"line":1110,"column":13},"end":{"line":1114,"column":4}},"line":1110},"56":{"name":"(anonymous_56)","decl":{"start":{"line":1111,"column":8},"end":{"line":1111,"column":14}},"loc":{"start":{"line":1111,"column":14},"end":{"line":1113,"column":5}},"line":1111},"57":{"name":"(anonymous_57)","decl":{"start":{"line":1125,"column":29},"end":{"line":1125,"column":36}},"loc":{"start":{"line":1125,"column":94},"end":{"line":1174,"column":null}},"line":1125},"58":{"name":"(anonymous_58)","decl":{"start":{"line":1136,"column":55},"end":{"line":1136,"column":56}},"loc":{"start":{"line":1136,"column":62},"end":{"line":1136,"column":91}},"line":1136},"59":{"name":"(anonymous_59)","decl":{"start":{"line":1180,"column":22},"end":{"line":1180,"column":23}},"loc":{"start":{"line":1180,"column":68},"end":{"line":1201,"column":null}},"line":1180},"60":{"name":"(anonymous_60)","decl":{"start":{"line":1206,"column":32},"end":{"line":1206,"column":39}},"loc":{"start":{"line":1206,"column":97},"end":{"line":1253,"column":null}},"line":1206},"61":{"name":"(anonymous_61)","decl":{"start":{"line":1258,"column":36},"end":{"line":1258,"column":43}},"loc":{"start":{"line":1258,"column":101},"end":{"line":1308,"column":null}},"line":1258},"62":{"name":"(anonymous_62)","decl":{"start":{"line":1314,"column":32},"end":{"line":1314,"column":61}},"loc":{"start":{"line":1314,"column":61},"end":{"line":1314,"column":null}},"line":1314},"63":{"name":"(anonymous_63)","decl":{"start":{"line":1316,"column":34},"end":{"line":1316,"column":46}},"loc":{"start":{"line":1316,"column":46},"end":{"line":1320,"column":null}},"line":1316},"64":{"name":"(anonymous_64)","decl":{"start":{"line":1326,"column":36},"end":{"line":1326,"column":null}},"loc":{"start":{"line":1331,"column":14},"end":{"line":1361,"column":null}},"line":1331}},"branchMap":{"0":{"loc":{"start":{"line":45,"column":14},"end":{"line":45,"column":null}},"type":"binary-expr","locations":[{"start":{"line":45,"column":14},"end":{"line":45,"column":48}},{"start":{"line":45,"column":48},"end":{"line":45,"column":null}}],"line":45},"1":{"loc":{"start":{"line":61,"column":1},"end":{"line":61,"column":null}},"type":"if","locations":[{"start":{"line":61,"column":1},"end":{"line":61,"column":null}},{"start":{},"end":{}}],"line":61},"2":{"loc":{"start":{"line":62,"column":1},"end":{"line":62,"column":null}},"type":"if","locations":[{"start":{"line":62,"column":1},"end":{"line":62,"column":null}},{"start":{},"end":{}}],"line":62},"3":{"loc":{"start":{"line":66,"column":2},"end":{"line":69,"column":null}},"type":"if","locations":[{"start":{"line":66,"column":2},"end":{"line":69,"column":null}},{"start":{},"end":{}}],"line":66},"4":{"loc":{"start":{"line":88,"column":14},"end":{"line":88,"column":null}},"type":"binary-expr","locations":[{"start":{"line":88,"column":14},"end":{"line":88,"column":43}},{"start":{"line":88,"column":43},"end":{"line":88,"column":null}}],"line":88},"5":{"loc":{"start":{"line":91,"column":1},"end":{"line":140,"column":null}},"type":"if","locations":[{"start":{"line":91,"column":1},"end":{"line":140,"column":null}},{"start":{"line":129,"column":8},"end":{"line":140,"column":null}}],"line":91},"6":{"loc":{"start":{"line":97,"column":6},"end":{"line":99,"column":null}},"type":"if","locations":[{"start":{"line":97,"column":6},"end":{"line":99,"column":null}},{"start":{},"end":{}}],"line":97},"7":{"loc":{"start":{"line":105,"column":2},"end":{"line":128,"column":null}},"type":"if","locations":[{"start":{"line":105,"column":2},"end":{"line":128,"column":null}},{"start":{},"end":{}}],"line":105},"8":{"loc":{"start":{"line":110,"column":4},"end":{"line":113,"column":null}},"type":"if","locations":[{"start":{"line":110,"column":4},"end":{"line":113,"column":null}},{"start":{},"end":{}}],"line":110},"9":{"loc":{"start":{"line":121,"column":7},"end":{"line":123,"column":null}},"type":"if","locations":[{"start":{"line":121,"column":7},"end":{"line":123,"column":null}},{"start":{},"end":{}}],"line":121},"10":{"loc":{"start":{"line":134,"column":5},"end":{"line":136,"column":null}},"type":"if","locations":[{"start":{"line":134,"column":5},"end":{"line":136,"column":null}},{"start":{},"end":{}}],"line":134},"11":{"loc":{"start":{"line":143,"column":1},"end":{"line":198,"column":null}},"type":"if","locations":[{"start":{"line":143,"column":1},"end":{"line":198,"column":null}},{"start":{},"end":{}}],"line":143},"12":{"loc":{"start":{"line":145,"column":2},"end":{"line":197,"column":null}},"type":"if","locations":[{"start":{"line":145,"column":2},"end":{"line":197,"column":null}},{"start":{},"end":{}}],"line":145},"13":{"loc":{"start":{"line":149,"column":3},"end":{"line":196,"column":null}},"type":"if","locations":[{"start":{"line":149,"column":3},"end":{"line":196,"column":null}},{"start":{"line":174,"column":10},"end":{"line":196,"column":null}}],"line":149},"14":{"loc":{"start":{"line":154,"column":6},"end":{"line":154,"column":null}},"type":"if","locations":[{"start":{"line":154,"column":6},"end":{"line":154,"column":null}},{"start":{},"end":{}}],"line":154},"15":{"loc":{"start":{"line":155,"column":6},"end":{"line":155,"column":null}},"type":"if","locations":[{"start":{"line":155,"column":6},"end":{"line":155,"column":null}},{"start":{},"end":{}}],"line":155},"16":{"loc":{"start":{"line":162,"column":8},"end":{"line":162,"column":null}},"type":"if","locations":[{"start":{"line":162,"column":8},"end":{"line":162,"column":null}},{"start":{},"end":{}}],"line":162},"17":{"loc":{"start":{"line":164,"column":8},"end":{"line":164,"column":null}},"type":"if","locations":[{"start":{"line":164,"column":8},"end":{"line":164,"column":null}},{"start":{},"end":{}}],"line":164},"18":{"loc":{"start":{"line":164,"column":12},"end":{"line":164,"column":45}},"type":"binary-expr","locations":[{"start":{"line":164,"column":12},"end":{"line":164,"column":27}},{"start":{"line":164,"column":27},"end":{"line":164,"column":45}}],"line":164},"19":{"loc":{"start":{"line":165,"column":8},"end":{"line":165,"column":null}},"type":"if","locations":[{"start":{"line":165,"column":8},"end":{"line":165,"column":null}},{"start":{},"end":{}}],"line":165},"20":{"loc":{"start":{"line":165,"column":32},"end":{"line":165,"column":66}},"type":"binary-expr","locations":[{"start":{"line":165,"column":32},"end":{"line":165,"column":51}},{"start":{"line":165,"column":51},"end":{"line":165,"column":66}}],"line":165},"21":{"loc":{"start":{"line":168,"column":7},"end":{"line":170,"column":null}},"type":"if","locations":[{"start":{"line":168,"column":7},"end":{"line":170,"column":null}},{"start":{},"end":{}}],"line":168},"22":{"loc":{"start":{"line":179,"column":6},"end":{"line":179,"column":null}},"type":"if","locations":[{"start":{"line":179,"column":6},"end":{"line":179,"column":null}},{"start":{},"end":{}}],"line":179},"23":{"loc":{"start":{"line":179,"column":10},"end":{"line":179,"column":45}},"type":"binary-expr","locations":[{"start":{"line":179,"column":10},"end":{"line":179,"column":19}},{"start":{"line":179,"column":19},"end":{"line":179,"column":45}}],"line":179},"24":{"loc":{"start":{"line":182,"column":6},"end":{"line":188,"column":null}},"type":"if","locations":[{"start":{"line":182,"column":6},"end":{"line":188,"column":null}},{"start":{},"end":{}}],"line":182},"25":{"loc":{"start":{"line":187,"column":7},"end":{"line":187,"column":null}},"type":"if","locations":[{"start":{"line":187,"column":7},"end":{"line":187,"column":null}},{"start":{},"end":{}}],"line":187},"26":{"loc":{"start":{"line":201,"column":1},"end":{"line":217,"column":null}},"type":"if","locations":[{"start":{"line":201,"column":1},"end":{"line":217,"column":null}},{"start":{},"end":{}}],"line":201},"27":{"loc":{"start":{"line":203,"column":2},"end":{"line":216,"column":null}},"type":"if","locations":[{"start":{"line":203,"column":2},"end":{"line":216,"column":null}},{"start":{},"end":{}}],"line":203},"28":{"loc":{"start":{"line":209,"column":5},"end":{"line":209,"column":null}},"type":"if","locations":[{"start":{"line":209,"column":5},"end":{"line":209,"column":null}},{"start":{},"end":{}}],"line":209},"29":{"loc":{"start":{"line":209,"column":9},"end":{"line":209,"column":55}},"type":"binary-expr","locations":[{"start":{"line":209,"column":9},"end":{"line":209,"column":18}},{"start":{"line":209,"column":18},"end":{"line":209,"column":44}},{"start":{"line":209,"column":44},"end":{"line":209,"column":55}}],"line":209},"30":{"loc":{"start":{"line":211,"column":44},"end":{"line":211,"column":72}},"type":"binary-expr","locations":[{"start":{"line":211,"column":44},"end":{"line":211,"column":60}},{"start":{"line":211,"column":60},"end":{"line":211,"column":72}}],"line":211},"31":{"loc":{"start":{"line":212,"column":5},"end":{"line":212,"column":null}},"type":"if","locations":[{"start":{"line":212,"column":5},"end":{"line":212,"column":null}},{"start":{},"end":{}}],"line":212},"32":{"loc":{"start":{"line":220,"column":1},"end":{"line":224,"column":null}},"type":"if","locations":[{"start":{"line":220,"column":1},"end":{"line":224,"column":null}},{"start":{},"end":{}}],"line":220},"33":{"loc":{"start":{"line":220,"column":5},"end":{"line":220,"column":64}},"type":"binary-expr","locations":[{"start":{"line":220,"column":5},"end":{"line":220,"column":47}},{"start":{"line":220,"column":47},"end":{"line":220,"column":64}}],"line":220},"34":{"loc":{"start":{"line":252,"column":1},"end":{"line":412,"column":null}},"type":"switch","locations":[{"start":{"line":253,"column":2},"end":{"line":287,"column":null}},{"start":{"line":289,"column":2},"end":{"line":358,"column":null}},{"start":{"line":360,"column":2},"end":{"line":384,"column":null}},{"start":{"line":386,"column":2},"end":{"line":397,"column":null}},{"start":{"line":399,"column":2},"end":{"line":407,"column":null}},{"start":{"line":409,"column":2},"end":{"line":411,"column":null}}],"line":252},"35":{"loc":{"start":{"line":256,"column":3},"end":{"line":256,"column":null}},"type":"if","locations":[{"start":{"line":256,"column":3},"end":{"line":256,"column":null}},{"start":{},"end":{}}],"line":256},"36":{"loc":{"start":{"line":257,"column":3},"end":{"line":257,"column":null}},"type":"if","locations":[{"start":{"line":257,"column":3},"end":{"line":257,"column":null}},{"start":{},"end":{}}],"line":257},"37":{"loc":{"start":{"line":257,"column":7},"end":{"line":257,"column":74}},"type":"binary-expr","locations":[{"start":{"line":257,"column":7},"end":{"line":257,"column":40}},{"start":{"line":257,"column":40},"end":{"line":257,"column":74}}],"line":257},"38":{"loc":{"start":{"line":258,"column":3},"end":{"line":277,"column":null}},"type":"if","locations":[{"start":{"line":258,"column":3},"end":{"line":277,"column":null}},{"start":{"line":268,"column":10},"end":{"line":277,"column":null}}],"line":258},"39":{"loc":{"start":{"line":259,"column":4},"end":{"line":259,"column":null}},"type":"if","locations":[{"start":{"line":259,"column":4},"end":{"line":259,"column":null}},{"start":{},"end":{}}],"line":259},"40":{"loc":{"start":{"line":260,"column":4},"end":{"line":267,"column":null}},"type":"if","locations":[{"start":{"line":260,"column":4},"end":{"line":267,"column":null}},{"start":{"line":264,"column":11},"end":{"line":267,"column":null}}],"line":260},"41":{"loc":{"start":{"line":262,"column":5},"end":{
[...]
"94":78,"95":78,"96":138,"97":23,"98":17,"99":23,"100":23,"101":0,"102":0,"103":0,"104":0,"105":0,"106":0,"107":0,"108":0,"109":0,"110":0,"111":0,"112":0,"113":0,"114":0,"115":0,"116":0,"117":0,"118":0,"119":0,"120":0,"121":0,"122":0,"123":0,"124":0,"125":0,"126":0,"127":0,"128":0,"129":0,"130":0,"131":0,"132":0,"133":0,"134":0,"135":0,"136":0,"137":0,"138":0,"139":0,"140":0,"141":0,"142":0,"143":0,"144":0,"145":0,"146":0,"147":0,"148":0,"149":0,"150":0,"151":0,"152":0,"153":0,"154":0,"155":0,"156":0,"157":0,"158":0,"159":0,"160":0,"161":0,"162":0,"163":0,"164":0,"165":0,"166":0,"167":0,"168":0,"169":0,"170":0,"171":0,"172":0,"173":0,"174":0,"175":0,"176":0,"177":0,"178":0,"179":0,"180":0,"181":0,"182":0,"183":0,"184":0,"185":0,"186":0,"187":0,"188":0,"189":0,"190":0,"191":0,"192":0,"193":0,"194":0,"195":0,"196":0,"197":0,"198":0,"199":0,"200":0,"201":0,"202":0,"203":0,"204":0,"205":0,"206":0,"207":0,"208":0,"209":0,"210":0,"211":0,"212":0,"213":0,"214":0,"215":0,"216":0,"217":0,"218":0,"219":0,"220":0,"221":0,"222":0,"223":0,"224":0,"225":0,"226":0,"227":0,"228":0,"229":0,"230":0,"231":0,"232":0,"233":0,"234":0,"235":0,"236":0,"237":0,"238":0,"239":0,"240":0,"241":0,"242":0,"243":0,"244":0,"245":0,"246":0,"247":0,"248":0,"249":0,"250":0,"251":0,"252":0,"253":0,"254":0,"255":0,"256":0,"257":0,"258":0,"259":0,"260":0,"261":0,"262":0,"263":0,"264":0,"265":0,"266":0,"267":0,"268":0,"269":0,"270":0,"271":0,"272":0,"273":0,"274":0,"275":0,"276":0,"277":0,"278":0,"279":0,"280":0,"281":0,"282":0,"283":0,"284":0,"285":0,"286":0,"287":0,"288":0,"289":0,"290":0,"291":0,"292":0,"293":0,"294":0,"295":0,"296":0,"297":0,"298":0,"299":0,"300":0,"301":0,"302":0,"303":0,"304":0,"305":0,"306":0,"307":0,"308":0,"309":0,"310":0,"311":0,"312":0,"313":0,"314":0,"315":0,"316":0,"317":0,"318":0,"319":0,"320":0,"321":0,"322":0,"323":0,"324":0,"325":0,"326":0,"327":0,"328":0,"329":0,"330":0,"331":0,"332":0,"333":0,"334":0,"335":0,"336":0,"337":0,"338":0,"339":0,"340":0,"341":0,"342":0,"343":0,"344":0,"345":0,"346":0,"347":0,"348":0,"349":0,"350":0,"351":0,"352":0,"353":0,"354":0,"355":0,"356":0,"357":0,"358":0,"359":0,"360":0,"361":0,"362":17,"363":2,"364":2,"365":2,"366":2,"367":2,"368":3,"369":3,"370":3,"371":3,"372":3,"373":2,"374":17,"375":21,"376":21,"377":21,"378":21,"379":21,"380":21,"381":21,"382":21,"383":21},"f":{"0":23,"1":23,"2":317,"3":317,"4":23,"5":0,"6":0,"7":0,"8":0,"9":0,"10":0,"11":2,"12":21},"b":{"0":[28,289],"1":[240,77],"2":[3,20],"3":[147,18],"4":[18,0],"5":[17,265],"6":[247,241],"7":[178,139],"8":[247,70],"9":[1585,317],"10":[0,317],"11":[38,279],"12":[1,37],"13":[0,115],"14":[82,78],"15":[1585,317],"16":[230,87],"17":[317,87],"18":[2,85],"19":[87,85],"20":[68,17],"21":[7,1895],"22":[23,0],"23":[0,0],"24":[0,0],"25":[0,0],"26":[0,0],"27":[0,0],"28":[0,0],"29":[0,0],"30":[0,0],"31":[0,0],"32":[0,0],"33":[0,0],"34":[0,0],"35":[0,0],"36":[0,0],"37":[0,0],"38":[0,0],"39":[0,0],"40":[0,0],"41":[0,0],"42":[0,0],"43":[0,0],"44":[0,0],"45":[0,0],"46":[0,0],"47":[0,0],"48":[0,0],"49":[0,0],"50":[0,0],"51":[0,0],"52":[0,0],"53":[0,0],"54":[0,0],"55":[0,0],"56":[0,0],"57":[0,0],"58":[0,0],"59":[0,0],"60":[0,0],"61":[0,0],"62":[0,0],"63":[0,0],"64":[0,0],"65":[0,0],"66":[0,0],"67":[0,0],"68":[0,0],"69":[0,0],"70":[0,0],"71":[0,0],"72":[0,0],"73":[0,0],"74":[0,0],"75":[0,0],"76":[0,0],"77":[0,0],"78":[0,0],"79":[0,0],"80":[0,0],"81":[0,0],"82":[0,0],"83":[0,0],"84":[0,0],"85":[0,0],"86":[0,0],"87":[0,0],"88":[0,0],"89":[0,0],"90":[0,0],"91":[0,0],"92":[0,0],"93":[0,0]},"meta":{"lastBranch":94,"lastFunction":13,"lastStatement":384,"seen":{"s:4:44:110:Infinity":0,"f:4:44:4:45":0,"s:5:16:5:Infinity":1,"s:6:20:6:Infinity":2,"f:6:42:6:43":1,"s:6:43:6:55":3,"s:9:16:9:Infinity":4,"s:10:19:17:Infinity":5,"f:10:19:10:20":2,"s:11:8:11:Infinity":6,"s:12:8:12:Infinity":7,"b:13:2:13:Infinity:undefined:undefined:undefined:undefined":0,"s:13:2:13:Infinity":8,"s:13:23:13:Infinity":9,"b:14:2:14:Infinity:undefined:undefined:undefined:undefined":1,"s:14:2:14:Infinity":10,"s:14:23:14:Infinity":11,"s:15:2:15:Infinity":12,"s:16:2:16:Infinity":13,"s:19:1:19:Infinity":14,"s:19:27:19:Infinity":15,"s:21:25:21:Infinity":16,"s:22:25:22:Infinity":17,"s:23:1:26:Infinity":18,"s:24:2:24:Infinity":19,"s:25:2:25:Infinity":20,"s:29:22:29:Infinity":21,"b:30:1:39:Infinity:undefined:undefined:undefined:undefined":2,"s:30:1:39:Infinity":22,"s:31:2:38:Infinity":23,"b:32:3:32:Infinity:undefined:undefined:undefined:undefined":3,"s:32:3:32:Infinity":24,"s:32:42:32:Infinity":25,"s:33:9:33:Infinity":26,"b:34:3:37:Infinity:undefined:undefined:undefined:undefined":4,"s:34:3:37:Infinity":27,"s:35:4:35:Infinity":28,"s:36:4:36:Infinity":29,"s:40:1:49:Infinity":30,"s:41:14:41:Infinity":31,"s:42:15:42:Infinity":32,"b:43:2:43:Infinity:undefined:undefined:undefined:undefined":5,"s:43:2:43:Infinity":33,"s:43:13:43:Infinity":34,"s:44:2:48:Infinity":35,"b:45:3:45:Infinity:undefined:undefined:undefined:undefined":6,"s:45:3:45:Infinity":36,"s:45:32:45:Infinity":37,"s:46:3:46:Infinity":38,"s:47:3:47:Infinity":39,"s:51:39:51:Infinity":40,"s:52:34:52:Infinity":41,"s:54:1:107:Infinity":42,"s:55:19:55:Infinity":43,"s:56:22:63:Infinity":44,"f:56:22:56:23":3,"s:57:9:57:Infinity":45,"s:58:9:58:Infinity":46,"b:59:3:59:Infinity:undefined:undefined:undefined:undefined":7,"s:59:3:59:Infinity":47,"s:59:26:59:Infinity":48,"b:60:3:60:Infinity:undefined:undefined:undefined:undefined":8,"s:60:3:60:Infinity":49,"s:60:26:60:Infinity":50,"s:61:3:61:Infinity":51,"s:62:3:62:Infinity":52,"s:65:25:65:Infinity":53,"s:66:2:71:Infinity":54,"b:67:3:67:Infinity:undefined:undefined:undefined:undefined":9,"s:67:3:67:Infinity":55,"s:67:27:67:Infinity":56,"s:68:3:68:Infinity":57,"b:69:3:69:Infinity:undefined:undefined:undefined:undefined":10,"s:69:3:69:Infinity":58,"s:69:38:69:Infinity":59,"b:70:3:70:Infinity:undefined:undefined:undefined:undefined":11,"s:70:3:70:Infinity":60,"s:70:36:70:Infinity":61,"s:73:23:73:Infinity":62,"s:74:18:74:Infinity":63,"s:75:2:80:Infinity":64,"s:76:9:76:Infinity":65,"b:77:3:77:Infinity:undefined:undefined:undefined:undefined":12,"s:77:3:77:Infinity":66,"s:77:29:77:Infinity":67,"s:78:3:78:Infinity":68,"s:79:3:79:Infinity":69,"s:81:2:90:Infinity":70,"s:82:15:82:Infinity":71,"s:83:16:83:Infinity":72,"b:84:3:84:Infinity:undefined:undefined:undefined:undefined":13,"s:84:3:84:Infinity":73,"s:84:14:84:Infinity":74,"s:85:3:89:Infinity":75,"b:86:4:86:Infinity:undefined:undefined:undefined:undefined":14,"s:86:4:86:Infinity":76,"s:86:30:86:Infinity":77,"s:87:4:87:Infinity":78,"s:88:4:88:Infinity":79,"s:92:14:92:Infinity":80,"s:93:23:93:Infinity":81,"s:94:2:104:Infinity":82,"b:95:3:95:Infinity:undefined:undefined:undefined:undefined":15,"s:95:3:95:Infinity":83,"s:95:27:95:Infinity":84,"s:96:9:96:Infinity":85,"s:97:9:97:Infinity":86,"b:98:3:98:Infinity:undefined:undefined:undefined:undefined":16,"s:98:3:98:Infinity":87,"b:98:7:98:37:98:37:98:63":17,"s:98:63:98:Infinity":88,"b:99:3:99:Infinity:undefined:undefined:undefined:undefined":18,"s:99:3:99:Infinity":89,"b:99:7:99:40:99:40:99:69":19,"s:99:69:99:Infinity":90,"s:100:19:100:Infinity":91,"b:100:37:100:61:100:61:100:Infinity":20,"b:101:3:101:Infinity:undefined:undefined:undefined:undefined":21,"s:101:3:101:Infinity":92,"s:101:34:101:Infinity":93,"s:102:3:102:Infinity":94,"s:103:3:103:Infinity":95,"s:106:2:106:Infinity":96,"s:109:1:109:Infinity":97,"s:112:40:483:Infinity":98,"f:112:40:112:41":4,"b:113:1:115:Infinity:undefined:undefined:undefined:undefined":22,"s:113:1:115:Infinity":99,"s:114:2:114:Infinity":100,"s:116:15:116:Infinity":101,"s:117:16:117:Infinity":102,"s:118:7:118:Infinity":103,"s:120:15:120:Infinity":104,"f:120:15:120:16":5,"s:120:27:120:Infinity":105,"s:121:20:125:Infinity":106,"f:121:20:121:21":6,"s:122:12:122:Infinity":107,"s:123:15:123:Infinity":108,"s:124:2:124:Infinity":109,"b:124:9:124:31:124:31:124:Infinity":23,"s:126:18:130:Infinity":110,"f:126:18:126:19":7,"s:127:12:127:Infinity":111,"s:128:15:128:Infinity":112,"s:129:2:129:Infinity":113,"b:129:9:129:31:129:31:129:Infinity":24,"s:133:20:133:Infinity":114,"f:133:42:133:43":8,"s:133:43:133:55":115,"s:134:21:134:Infinity":116,"f:134:21:134:22":9,"s:134:45:134:Infinity":117,"s:138:23:138:Infinity":118,"s:140:49:140:Infinity":119,"s:141:2:146:Infinity":120,"s:142:9:142:Infinity":121,"b:143:3:143:Infinity:undefined:undefined:undefined:undefined":25,"s:143:3:143:Infinity":122,"s:143:30:143:Infinity":123,"s:144:3:144:Infinity":124,"s:145:3:145:Infinity":125,"s:147:2:160:Infinity":126,"s:148:15:148:Infinity":127,"s:149:9:149:Infinity":128,"s:150:19:150:Infinity":129,"b:150:19:150:46:150:46:150:Infinity":26,"s:151:3:159:Infinity":130,"b:152:4:152:Infinity:undefined:undefined:undefined:undefined":27,"s:152:4:152:Infinity":131,"s:152:30:152:Infinity":132,"s:153:10:153:Infinity":133,"b:155:4:155:Infinity:undefined:undefined:undefined:undefined":28,"s:155:4:155:Infinity":134,"b:155:8:155:28:155:28:155:49":29,"s:155:49:155:Infinity":135,"b:156:4:156:Infinity:undefined:undefined:undefined:undefined":30,"s:156:4:156:Infinity":136,"s:156:31:156:Infinity":137,"s:157:4:157:Infinity":138,"s:158:4:158:Infinity":139,"s:164:20:164:Infinity":140,"b:165:1:188:Infinity:undefined:undefined:undefined:undefined":31,"s:165:1:188:Infinity":141,"s:166:49:166:Infinity":142,"s:167:2:174:Infinity":143,"b:168:3:168:Infinity:undefined:undefined:undefined:undefined":32,"s:168:3:168:Infinity":144,"s:168:25:168:Infinity":145,"s:169:9:169:Infinity":146,"b:170:3:170:Infinity:undefined:undefined:undefined:undefined":33,"s:170:3:170:Infinity":147,"b:170:7:170:27:170:27:170:48":34,"s:170:48:170:Infinity":148,"b:171:3:171:Infinity:undefined:undefined:undefined:undefined":35,"s:171:3:171:Infinity":149,"s:171:27:171:Infinity":150,"s:172:3:172:Infinity":151,"s:173:3:173:Infinity":152,"s:175:2:187:Infinity":153,"s:176:15:176:Infinity":154,"s:177:9:177:Infinity":155,"s:178:19:178:Infinity":156,"b:178:19:178:43:178:43:178:Infinity":36,"s:179:3:186:Infinity":157,"b:180:4:180:Infinity:undefined:undefined:undefined:undefined":37,"s:180:4:180:Infinity":158,"s:180:30:180:Infinity":159,"s:181:10:181:Infinity":160,"b:182:4:182:Infinity:undefined:undefined:undefined:undefined":38,"s:182:4:182:Infinity":161,"b:182:8:182:28:182:28:182:49":39,"s:182:49:182:Infinity":162,"b:183:4:183:Infinity:undefined:undefined:undefined:undefined":40,"s:183:4:183:Infinity":163,"s:183:28:183:Infinity":164,"s:184:4:184:Infinity":165,"s:185:4:185:Infinity":166,"s:191:57:193:Infinity":167,"s:195:34:195:Infinity":168,"s:197:1:480:Infinity":169,"s:201:22:201:Infinity":170,"s:202:43:202:Infinity":171,"s:203:2:214:Infinity":172,"b:204:3:204:Infinity:undefined:undefined:undefined:undefined":41,"s:204:3:204:Infinity":173,"s:204:46:204:Infinity":174,"s:205:3:213:Infinity":175,"b:206:4:212:Infinity:undefined:undefined:undefined:undefined":42,"s:206:4:212:Infinity":176,"s:208:11:208:Infinity":177,"b:209:5:211:Infinity:undefined:undefined:undefined:undefined":43,"s:209:5:211:Infinity":178,"f:209:20:209:21":10,"s:209:21:209:40":179,"s:210:6:210:Infinity":180,"b:215:2:228:Infinity:undefined:undefined:undefined:undefined":44,"s:215:2:228:Infinity":181,"s:216:45:216:Infinity":182,"s:217:3:217:Infinity":183,"s:217:25:217:Infinity":184,"s:218:3:227:Infinity":185,"s:219:16:219:Infinity":186,"s:220:4:226:Infinity":187,"b:221:5:221:Infinity:undefined:undefined:undefined:undefined":45,"s:221:5:221:Infinity":188,"s:221:39:221:Infinity":189,"s:222:11:222:Infinity":190,"b:223:5:223:Infinity:undefined:undefined:undefined:undefined":46,"s:223:5:223:Infinity":191,"s:223:30:223:Infinity":192,"s:224:5:224:Infinity":193,"s:225:5:225:Infinity":194,"s:233:44:233:Infinity":195,"s:234:2:244:Infinity":196,"s:235:23:235:Infinity":197,"s:236:3:240:Infinity":198,"b:237:4:239:Infinity:undefined:undefined:undefined:undefined":47,"s:237:4:239:Infinity":199,"s:238:5:238:Infinity":200,"b:241:3:243:Infinity:undefined:undefined:undefined:undefined":48,"s:241:3:243:Infinity":201,"s:242:4:242:Infinity":202,"s:245:30:245:Infinity":203,"s:246:32:246:Infinity":204,"b:247:2:376:Infinity:undefined:undefined:undefined:undefined":49,"s:247:2:376:Infinity":205,"b:248:3:375:Infinity:328:10:375:Infinity":50,"s:248:3:375:Infinity":206,"s:251:36:251:Infinity":207,"s:252:4:256:Infinity":208,"s:252:17:252:20":209,"b:253:5:255:Infinity:undefined:undefined:undefined:undefined":51,"s:253:5:255:Infinity":210,"s:254:6:254:Infinity":211,"s:259:56:259:Infinity":212,"s:260:4:289:Infinity":213,"s:261:20:261:Infinity":214,"s:262:21:262:Infinity":215,"s:263:77:263:Infinity":216,"s:264:11:264:Infinity":217,"s:265:5:265:Infinity":218,"s:266:5:266:Infinity":219,"s:268:5:276:Infinity":220,"b:269:6:275:Infinity:undefined:undefined:undefined:undefined":52,"s:269:6:275:Infinity":221,"s:270:13:270:Infinity":222,"b:271:7:274:Infinity:undefined:undefined:undefined:undefined":53,"s:271:7:274:Infinity":223,"s:272:8:272:Infinity":224,"s:273:8:273:Infinity":225,"s:278:5:287:Infinity":226,"s:279:35:279:Infinity":227,"s:280:6:286:Infinity":228,"b:281:7:281:Infinity:undefined:undefined:undefined:undefined":54,"s:281:7:281:Infinity":229,"s:281:41:281:Infinity":230,"s:282:13:282:Infinity":231,"b:283:7:283:Infinity:undefined:undefined:undefined:undefined":55,"s:283:7:283:Infinity":232,"s:283:28:283:Infinity":233,"s:284:7:284:Infinity":234,"s:285:7:285:Infinity":235,"s:288:5:288:Infinity":236,"s:292:4:327:Infinity":237,"s:292:17:292:20":238,"s:293:5:326:Infinity":239,"s:293:18:293:25":240,"s:294:20:294:Infinity":241,"s:295:20:295:Infinity":242,"s:296:22:296:Infinity":243,"s:297:22:297:Infinity":244,"s:298:12:298:Infinity":245,"s:299:12:299:Infinity":246,"s:302:26:302:Infinity":247,"s:303:6:309:Infinity":248,"s:304:25:304:Infinity":249,"b:305:7:308:Infinity:undefined:undefined:undefined:undefined":56,"s:305:7:308:Infinity":250,"s:306:27:306:Infinity":251,"s:307:8:307:Infinity":252,"b:312:6:325:Infinity:undefined:undefined:undefined:undefined":57,"s:312:6:325:Infinity":253,"b:314:7:316:Infinity:undefined:undefined:undefined:undefined":58,"s:314:7:316:Infinity":254,"s:315:8:315:Infinity":255,"s:318:7:324:Infinity":256,"b:319:8:319:Infinity:undefined:undefined:undefined:undefined":59,"s:319:8:319:Infinity":257,"b:319:12:319:29:319:29:319:44":60,"s:319:44:319:Infinity":258,"s:320:26:320:Infinity":259,"b:321:8:323:Infinity:undefined:undefined:undefined:undefined":61,"s:321:8:323:Infinity":260,"b:321:12:321:39:321:39:321:80":62,"s:322:9:322:Infinity":261,"s:332:26:332:Infinity":262,"s:333:65:333:Infinity":263,"s:336:4:344:Infinity":264,"s:336:17:336:20":265,"s:337:5:343:Infinity":266,"b:338:6:340:Infinity:undefined:undefined:undefined:undefined":63,"s:338:6:340:Infinity":267,"s:339:7:339:Infinity":268,"s:341:6:341:Infinity":269,"s:342:6:342:Infinity":270,"s:347:4:374:Infinity":271,"s:348:37:348:Infinity":272,"s:349:11:349:Infinity":273,"s:351:5:373:Infinity":274,"b:352:6:352:Infinity:undefined:undefined:undefined:undefined":64,"s:352:6:352:Infinity":275,"s:352:40:352:Infinity":276,"s:353:12:353:Infinity":277,"b:354:6:354:Infinity:undefined:undefined:undefined:undefined":65,"s:354:6:354:Infinity":278,"s:354:32:354:Infinity":279,"s:356:23:356:Infinity":280,"b:356:23:356:48:356:48:356:Infinity":66,"s:357:20:357:Infinity":281,"s:358:6:363:Infinity":282,"b:359:7:362:Infinity:undefined:undefined:undefined:undefined":67,"s:359:7:362:Infinity":283,"s:360:8:360:Infinity":284,"s:361:8:361:Infinity":285,"b:365:6:372:Infinity:undefined:undefined:undefined:undefined":68,"s:365:6:372:Infinity":286,"s:366:7:366:Infinity":287,"b:367:7:370:Infinity:undefined:undefined:undefined:undefined":69,"s:367:7:370:Infinity":288,"s:369:8:369:Infinity":289,"s:371:7:371:Infinity":290,"s:379:18:379:Infinity":291,"s:380:44:380:Infinity":292,"s:381:2:389:Infinity":293,"b:382:3:382:Infinity:undefined:undefined:undefined:undefined":70,"s:382:3:382:Infinity":294,"s:382:25:382:Infinity":295,"b:383:3:383:Infinity:undefined:undefined:undefined:undefined":71,"s:383:3:383:Infinity":296,"s:383:37:383:Infinity":297,"s:384:9:384:Infinity":298,"b:385:3:388:Infinity:undefined:undefined:undefined:undefined":72,"s:385:3:388:Infinity":299,"s:386:4:386:Infinity":300,"s:387:4:387:Infinity":301,"s:390:2:399:Infinity":302,"s:391:15:391:Infinity":303,"s:392:3:398:Infinity":304,"b:393:4:393:Infinity:undefined:undefined:undefined:undefined":73,"s:393:4:393:Infinity":305,"s:393:38:393:Infinity":306,"s:394:10:394:Infinity":307,"b:395:4:395:Infinity:undefined:undefined:undefined:undefined":74,"s:395:4:395:Infinity":308,"s:395:25:395:Infinity":309,"s:396:4:396:Infinity":310,"s:397:4:397:Infinity":311,"s:406:14:406:Infinity":312,"b:408:2:449:Infinity:undefined:undefined:undefined:undefined":75,"s:408:2:449:Infinity":313,"b:408:6:408:26:408:26:408:50":76,"b:409:3:448:Infinity:440:10:448:Infinity":77,"s:409:3:448:Infinity":314,"s:412:30:412:Infinity":315,"s:415:24:415:Infinity":316,"s:416:4:420:Infinity":317,"s:417:19:417:Infinity":318,"b:418:5:418:Infinity:undefined:undefined:undefined:undefined":78,"s:418:5:418:Infinity":319,"s:418:30:418:Infinity":320,"s:419:5:419:Infinity":321,"b:424:4:439:Infinity:undefined:undefined:undefined:undefined":79,"s:424:4:439:Infinity":322,"s:425:5:434:Infinity":323,"b:426:6:426:Infinity:undefined:undefined:undefined:undefined":80,"s:426:6:426:Infinity":324,"s:426:30:426:Infinity":325,"s:427:20:427:Infinity":326,"b:428:6:428:Infinity:undefined:undefined:undefined:undefined":81,"s:428:6:428:Infinity":327,"s:428:31:428:Infinity":328,"b:429:6:429:Infinity:undefined:undefined:undefined:undefined":82,"s:429:6:429:Infinity":329,"s:429:43:429:Infinity":330,"s:431:19:431:Infinity":331,"b:432:6:432:Infinity:undefined:undefined:undefined:undefined":83,"s:432:6:432:Infinity":332,"s:432:27:432:Infinity":333,"s:433:6:433:Infinity":334,"s:435:5:438:Infinity":335,"b:436:6:436:Infinity:undefined:undefined:undefined:undefined":84,"s:436:6:436:Infinity":336,"s:436:28:436:Infinity":337,"s:437:6:437:Infinity":338,"s:443:4:447:Infinity":339,"b:444:5:444:Infinity:undefined:undefined:undefined:undefined":85,"s:444:5:444:Infinity":340,"s:444:29:444:Infinity":341,"b:445:5:445:Infinity:undefined:undefined:undefined:undefined":86,"s:445:5:445:Infinity":342,"s:445:33:445:Infinity":343,"s:446:5:446:Infinity":344,"b:453:2:477:Infinity:undefined:undefined:undefined:undefined":87,"s:453:2:477:Infinity":345,"b:454:3:476:Infinity:457:3:476:Infinity":88,"s:454:3:476:Infinity":346,"s:456:4:456:Infinity":347,"b:457:3:476:Infinity:undefined:undefined:undefined:undefined":89,"s:457:3:476:Infinity":348,"s:460:38:460:Infinity":349,"b:461:4:467:Infinity:undefined:undefined:undefined:undefined":90,"s:461:4:467:Infinity":350,"s:462:5:466:Infinity":351,"b:463:6:465:Infinity:undefined:undefined:undefined:undefined":91,"s:463:6:465:Infinity":352,"s:464:7:464:Infinity":353,"s:469:4:475:Infinity":354,"b:471:5:471:Infinity:undefined:undefined:undefined:undefined":92,"s:471:5:471:Infinity":355,"s:471:29:471:Infinity":356,"b:473:5:473:Infinity:undefined:undefined:undefined:undefined":93,"s:473:5:473:Infinity":357,"s:473:44:473:Infinity":358,"s:474:5:474:Infinity":359,"s:479:2:479:Infinity":360,"s:482:1:482:Infinity":361,"s:485:29:498:Infinity":362,"f:485:29:485:30":11,"s:486:15:486:Infinity":363,"s:487:34:487:Infinity":364,"s:488:40:488:Infinity":365,"s:489:58:489:Infinity":366,"s:490:1:496:Infinity":367,"s:491:2:491:Infinity":368,"s:492:43:492:Infinity":369,"s:493:2:493:Infinity":370,"s:494:2:494:Infinity":371,"s:495:2:495:Infinity":372,"s:497:1:497:Infinity":373,"s:500:32:511:Infinity":374,"f:500:32:500:33":12,"s:501:34:501:Infinity":375,"s:502:40:502:Infinity":376,"s:503:1:509:Infinity":377,"s:504:2:504:Infinity":378,"s:505:43:505:Infinity":379,"s:506:2:506:Infinity":380,"s:507:2:507:Infinity":381,"s:508:2:508:Infinity":382,"s:510:1:510:Infinity":383}}}
,"/Users/Julian/Projects/nightmare-fuel-prototype/src/game/types.ts": {"path":"/Users/Julian/Projects/nightmare-fuel-prototype/src/game/types.ts","statementMap":{},"fnMap":{},"branchMap":{},"s":{},"f":{},"b":{},"meta":{"lastBranch":0,"lastFunction":0,"lastStatement":0,"seen":{}}}
}
